{"C:\\Users\\User\\latest smart\\Smart-Time-And-Attendance-Tracker\\STAT-server\\test\\a.js":{"path":"C:\\Users\\User\\latest smart\\Smart-Time-And-Attendance-Tracker\\STAT-server\\test\\a.js","statementMap":{"0":{"start":{"line":1,"column":13},"end":{"line":1,"column":36}},"1":{"start":{"line":2,"column":13},"end":{"line":2,"column":31}},"2":{"start":{"line":6,"column":10},"end":{"line":6,"column":25}},"3":{"start":{"line":7,"column":14},"end":{"line":7,"column":34}},"4":{"start":{"line":9,"column":12},"end":{"line":9,"column":25}},"5":{"start":{"line":10,"column":12},"end":{"line":10,"column":25}},"6":{"start":{"line":12,"column":0},"end":{"line":12,"column":18}},"7":{"start":{"line":16,"column":0},"end":{"line":54,"column":4}},"8":{"start":{"line":18,"column":2},"end":{"line":20,"column":4}},"9":{"start":{"line":19,"column":4},"end":{"line":19,"column":20}},"10":{"start":{"line":22,"column":1},"end":{"line":24,"column":4}},"11":{"start":{"line":23,"column":5},"end":{"line":23,"column":20}},"12":{"start":{"line":35,"column":4},"end":{"line":37,"column":8}},"13":{"start":{"line":36,"column":7},"end":{"line":36,"column":39}}},"fnMap":{"0":{"name":"(anonymous_0)","decl":{"start":{"line":16,"column":24},"end":{"line":16,"column":25}},"loc":{"start":{"line":16,"column":35},"end":{"line":54,"column":3}},"line":16},"1":{"name":"(anonymous_1)","decl":{"start":{"line":18,"column":9},"end":{"line":18,"column":10}},"loc":{"start":{"line":18,"column":21},"end":{"line":20,"column":2}},"line":18},"2":{"name":"(anonymous_2)","decl":{"start":{"line":22,"column":7},"end":{"line":22,"column":8}},"loc":{"start":{"line":22,"column":19},"end":{"line":24,"column":2}},"line":22},"3":{"name":"(anonymous_3)","decl":{"start":{"line":35,"column":39},"end":{"line":35,"column":40}},"loc":{"start":{"line":35,"column":50},"end":{"line":37,"column":7}},"line":35}},"branchMap":{},"s":{"0":1,"1":0,"2":0,"3":0,"4":0,"5":0,"6":0,"7":0,"8":0,"9":0,"10":0,"11":0,"12":0,"13":0},"f":{"0":0,"1":0,"2":0,"3":0},"b":{},"_coverageSchema":"1a1c01bbd47fc00a2c39e90264f33305004495a9","hash":"3607ae31f7b205e8e507757cccd9071224fa87e0","contentHash":"f8cd6f5efa887011a8c3284ab9995634d00bf89552080751a49b808366ded2cd"},"C:\\Users\\User\\latest smart\\Smart-Time-And-Attendance-Tracker\\STAT-server\\index.js":{"path":"C:\\Users\\User\\latest smart\\Smart-Time-And-Attendance-Tracker\\STAT-server\\index.js","statementMap":{"0":{"start":{"line":23,"column":0},"end":{"line":23,"column":23}},"1":{"start":{"line":24,"column":0},"end":{"line":24,"column":35}},"2":{"start":{"line":26,"column":16},"end":{"line":26,"column":34}},"3":{"start":{"line":27,"column":19},"end":{"line":27,"column":41}},"4":{"start":{"line":28,"column":13},"end":{"line":28,"column":28}},"5":{"start":{"line":29,"column":17},"end":{"line":29,"column":36}},"6":{"start":{"line":31,"column":15},"end":{"line":31,"column":47}},"7":{"start":{"line":33,"column":20},"end":{"line":33,"column":29}},"8":{"start":{"line":36,"column":0},"end":{"line":36,"column":35}},"9":{"start":{"line":37,"column":0},"end":{"line":37,"column":24}},"10":{"start":{"line":38,"column":0},"end":{"line":38,"column":39}},"11":{"start":{"line":39,"column":0},"end":{"line":39,"column":32}},"12":{"start":{"line":42,"column":0},"end":{"line":49,"column":3}},"13":{"start":{"line":43,"column":4},"end":{"line":47,"column":5}},"14":{"start":{"line":44,"column":24},"end":{"line":44,"column":26}},"15":{"start":{"line":45,"column":8},"end":{"line":45,"column":88}},"16":{"start":{"line":45,"column":47},"end":{"line":45,"column":86}},"17":{"start":{"line":46,"column":8},"end":{"line":46,"column":39}},"18":{"start":{"line":58,"column":0},"end":{"line":60,"column":5}},"19":{"start":{"line":59,"column":4},"end":{"line":59,"column":52}},"20":{"start":{"line":63,"column":17},"end":{"line":63,"column":36}},"21":{"start":{"line":65,"column":0},"end":{"line":69,"column":3}},"22":{"start":{"line":66,"column":4},"end":{"line":68,"column":6}},"23":{"start":{"line":67,"column":4},"end":{"line":67,"column":55}},"24":{"start":{"line":71,"column":0},"end":{"line":76,"column":2}},"25":{"start":{"line":72,"column":4},"end":{"line":74,"column":7}},"26":{"start":{"line":73,"column":6},"end":{"line":73,"column":34}},"27":{"start":{"line":75,"column":4},"end":{"line":75,"column":31}}},"fnMap":{"0":{"name":"(anonymous_0)","decl":{"start":{"line":42,"column":16},"end":{"line":42,"column":17}},"loc":{"start":{"line":42,"column":41},"end":{"line":49,"column":1}},"line":42},"1":{"name":"(anonymous_1)","decl":{"start":{"line":45,"column":40},"end":{"line":45,"column":41}},"loc":{"start":{"line":45,"column":47},"end":{"line":45,"column":86}},"line":45},"2":{"name":"(anonymous_2)","decl":{"start":{"line":58,"column":29},"end":{"line":58,"column":30}},"loc":{"start":{"line":58,"column":43},"end":{"line":60,"column":3}},"line":58},"3":{"name":"(anonymous_3)","decl":{"start":{"line":65,"column":17},"end":{"line":65,"column":18}},"loc":{"start":{"line":65,"column":28},"end":{"line":69,"column":2}},"line":65},"4":{"name":"(anonymous_4)","decl":{"start":{"line":66,"column":40},"end":{"line":66,"column":41}},"loc":{"start":{"line":66,"column":52},"end":{"line":68,"column":5}},"line":66},"5":{"name":"(anonymous_5)","decl":{"start":{"line":71,"column":16},"end":{"line":71,"column":17}},"loc":{"start":{"line":71,"column":28},"end":{"line":76,"column":1}},"line":71},"6":{"name":"(anonymous_6)","decl":{"start":{"line":72,"column":17},"end":{"line":72,"column":18}},"loc":{"start":{"line":72,"column":28},"end":{"line":74,"column":5}},"line":72}},"branchMap":{"0":{"loc":{"start":{"line":43,"column":4},"end":{"line":47,"column":5}},"type":"if","locations":[{"start":{"line":43,"column":4},"end":{"line":47,"column":5}},{"start":{"line":43,"column":4},"end":{"line":47,"column":5}}],"line":43}},"s":{"0":1,"1":1,"2":1,"3":1,"4":1,"5":1,"6":1,"7":0,"8":0,"9":0,"10":0,"11":0,"12":0,"13":0,"14":0,"15":0,"16":0,"17":0,"18":0,"19":0,"20":0,"21":0,"22":0,"23":0,"24":0,"25":0,"26":0,"27":0},"f":{"0":0,"1":0,"2":0,"3":0,"4":0,"5":0,"6":0},"b":{"0":[0,0]},"_coverageSchema":"1a1c01bbd47fc00a2c39e90264f33305004495a9","hash":"448f2628cee57ae90e2e971cd738077963e8dd41","contentHash":"8838d462efdbd1d6be3477efb84bcbd6193f0b1067c4fe3f3aa38c2117626b96"},"C:\\Users\\User\\latest smart\\Smart-Time-And-Attendance-Tracker\\STAT-server\\models\\db.js":{"path":"C:\\Users\\User\\latest smart\\Smart-Time-And-Attendance-Tracker\\STAT-server\\models\\db.js","statementMap":{"0":{"start":{"line":23,"column":17},"end":{"line":23,"column":36}},"1":{"start":{"line":24,"column":0},"end":{"line":24,"column":31}},"2":{"start":{"line":25,"column":0},"end":{"line":25,"column":38}},"3":{"start":{"line":27,"column":0},"end":{"line":27,"column":112}},"4":{"start":{"line":30,"column":0},"end":{"line":33,"column":3}},"5":{"start":{"line":31,"column":4},"end":{"line":32,"column":95}},"6":{"start":{"line":31,"column":16},"end":{"line":31,"column":61}},"7":{"start":{"line":32,"column":11},"end":{"line":32,"column":93}},"8":{"start":{"line":35,"column":21},"end":{"line":35,"column":52}},"9":{"start":{"line":36,"column":16},"end":{"line":36,"column":42}},"10":{"start":{"line":37,"column":13},"end":{"line":37,"column":36}},"11":{"start":{"line":38,"column":13},"end":{"line":38,"column":36}},"12":{"start":{"line":39,"column":13},"end":{"line":39,"column":36}},"13":{"start":{"line":40,"column":13},"end":{"line":40,"column":36}},"14":{"start":{"line":41,"column":18},"end":{"line":41,"column":46}},"15":{"start":{"line":42,"column":22},"end":{"line":42,"column":54}},"16":{"start":{"line":43,"column":18},"end":{"line":43,"column":46}},"17":{"start":{"line":44,"column":17},"end":{"line":44,"column":50}}},"fnMap":{"0":{"name":"(anonymous_0)","decl":{"start":{"line":30,"column":62},"end":{"line":30,"column":63}},"loc":{"start":{"line":30,"column":71},"end":{"line":33,"column":1}},"line":30}},"branchMap":{"0":{"loc":{"start":{"line":31,"column":4},"end":{"line":32,"column":95}},"type":"if","locations":[{"start":{"line":31,"column":4},"end":{"line":32,"column":95}},{"start":{"line":31,"column":4},"end":{"line":32,"column":95}}],"line":31}},"s":{"0":1,"1":1,"2":1,"3":1,"4":1,"5":1,"6":0,"7":1,"8":1,"9":1,"10":1,"11":1,"12":1,"13":1,"14":1,"15":1,"16":1,"17":1},"f":{"0":1},"b":{"0":[0,1]},"_coverageSchema":"1a1c01bbd47fc00a2c39e90264f33305004495a9","hash":"63868d4ff2e752b27105f66777cb4a4b0395ae36","contentHash":"b8724c2f1600d76fe870a53da3708dbd33c56253a09c96fde4497ce9cbe81cfa"},"C:\\Users\\User\\latest smart\\Smart-Time-And-Attendance-Tracker\\STAT-server\\config\\config.js":{"path":"C:\\Users\\User\\latest smart\\Smart-Time-And-Attendance-Tracker\\STAT-server\\config\\config.js","statementMap":{"0":{"start":{"line":24,"column":10},"end":{"line":24,"column":47}},"1":{"start":{"line":26,"column":13},"end":{"line":26,"column":35}},"2":{"start":{"line":27,"column":16},"end":{"line":27,"column":27}},"3":{"start":{"line":29,"column":0},"end":{"line":29,"column":73}},"4":{"start":{"line":29,"column":38},"end":{"line":29,"column":71}}},"fnMap":{"0":{"name":"(anonymous_0)","decl":{"start":{"line":29,"column":31},"end":{"line":29,"column":32}},"loc":{"start":{"line":29,"column":38},"end":{"line":29,"column":71}},"line":29}},"branchMap":{"0":{"loc":{"start":{"line":24,"column":10},"end":{"line":24,"column":47}},"type":"binary-expr","locations":[{"start":{"line":24,"column":10},"end":{"line":24,"column":30}},{"start":{"line":24,"column":34},"end":{"line":24,"column":47}}],"line":24}},"s":{"0":1,"1":1,"2":1,"3":1,"4":1},"f":{"0":1},"b":{"0":[1,1]},"_coverageSchema":"1a1c01bbd47fc00a2c39e90264f33305004495a9","hash":"4dd38b46374143a86f924b9ac3d3d8f2bb2c348d","contentHash":"6b9032943eaf6b67041ae93c461e6ee2585693215be559bd3a869f73b30d3a27"},"C:\\Users\\User\\latest smart\\Smart-Time-And-Attendance-Tracker\\STAT-server\\models\\organisation.model.js":{"path":"C:\\Users\\User\\latest smart\\Smart-Time-And-Attendance-Tracker\\STAT-server\\models\\organisation.model.js","statementMap":{"0":{"start":{"line":22,"column":17},"end":{"line":22,"column":36}},"1":{"start":{"line":24,"column":25},"end":{"line":39,"column":2}},"2":{"start":{"line":41,"column":0},"end":{"line":41,"column":51}}},"fnMap":{},"branchMap":{},"s":{"0":1,"1":1,"2":1},"f":{},"b":{},"_coverageSchema":"1a1c01bbd47fc00a2c39e90264f33305004495a9","hash":"57cc44f173cec23f9371838aef22de167671a5a3","contentHash":"4bdfbd2c1a73b3b6330098570bb59f123285ba6be2a558ed9cbf2c3566d6c3e0"},"C:\\Users\\User\\latest smart\\Smart-Time-And-Attendance-Tracker\\STAT-server\\models\\project.model.js":{"path":"C:\\Users\\User\\latest smart\\Smart-Time-And-Attendance-Tracker\\STAT-server\\models\\project.model.js","statementMap":{"0":{"start":{"line":23,"column":17},"end":{"line":23,"column":36}},"1":{"start":{"line":25,"column":20},"end":{"line":73,"column":2}},"2":{"start":{"line":75,"column":0},"end":{"line":75,"column":41}}},"fnMap":{},"branchMap":{},"s":{"0":1,"1":1,"2":1},"f":{},"b":{},"_coverageSchema":"1a1c01bbd47fc00a2c39e90264f33305004495a9","hash":"aaadbc7fc347c167c79072d51553cc639b2b27a0","contentHash":"ceed067d32863939eeee2f370f2396658f3f0d1cd35fb649ce230f5d9a3010db"},"C:\\Users\\User\\latest smart\\Smart-Time-And-Attendance-Tracker\\STAT-server\\models\\user.model.js":{"path":"C:\\Users\\User\\latest smart\\Smart-Time-And-Attendance-Tracker\\STAT-server\\models\\user.model.js","statementMap":{"0":{"start":{"line":23,"column":17},"end":{"line":23,"column":36}},"1":{"start":{"line":24,"column":13},"end":{"line":24,"column":32}},"2":{"start":{"line":25,"column":12},"end":{"line":25,"column":35}},"3":{"start":{"line":30,"column":17},"end":{"line":71,"column":2}},"4":{"start":{"line":78,"column":0},"end":{"line":80,"column":1}},"5":{"start":{"line":79,"column":4},"end":{"line":79,"column":55}},"6":{"start":{"line":86,"column":0},"end":{"line":92,"column":1}},"7":{"start":{"line":87,"column":4},"end":{"line":91,"column":11}},"8":{"start":{"line":99,"column":0},"end":{"line":112,"column":3}},"9":{"start":{"line":100,"column":15},"end":{"line":100,"column":37}},"10":{"start":{"line":101,"column":15},"end":{"line":101,"column":51}},"11":{"start":{"line":102,"column":4},"end":{"line":102,"column":23}},"12":{"start":{"line":104,"column":4},"end":{"line":104,"column":11}},"13":{"start":{"line":114,"column":0},"end":{"line":114,"column":35}}},"fnMap":{"0":{"name":"(anonymous_0)","decl":{"start":{"line":78,"column":36},"end":{"line":78,"column":37}},"loc":{"start":{"line":78,"column":54},"end":{"line":80,"column":1}},"line":78},"1":{"name":"(anonymous_1)","decl":{"start":{"line":86,"column":33},"end":{"line":86,"column":34}},"loc":{"start":{"line":86,"column":44},"end":{"line":92,"column":1}},"line":86},"2":{"name":"(anonymous_2)","decl":{"start":{"line":99,"column":22},"end":{"line":99,"column":23}},"loc":{"start":{"line":99,"column":36},"end":{"line":112,"column":1}},"line":99}},"branchMap":{},"s":{"0":1,"1":1,"2":1,"3":1,"4":1,"5":0,"6":1,"7":0,"8":1,"9":0,"10":0,"11":0,"12":0,"13":1},"f":{"0":0,"1":0,"2":0},"b":{},"_coverageSchema":"1a1c01bbd47fc00a2c39e90264f33305004495a9","hash":"3b2bfd6ef186a789ed950f3a67a62588fbaa7878","contentHash":"23518b5e76999e64054e484c363fd3a61a84f5c8d05acdd7631ac8ff2a0774bc"},"C:\\Users\\User\\latest smart\\Smart-Time-And-Attendance-Tracker\\STAT-server\\models\\task.model.js":{"path":"C:\\Users\\User\\latest smart\\Smart-Time-And-Attendance-Tracker\\STAT-server\\models\\task.model.js","statementMap":{"0":{"start":{"line":22,"column":17},"end":{"line":22,"column":36}},"1":{"start":{"line":24,"column":17},"end":{"line":54,"column":2}},"2":{"start":{"line":56,"column":0},"end":{"line":56,"column":35}}},"fnMap":{},"branchMap":{},"s":{"0":1,"1":1,"2":1},"f":{},"b":{},"_coverageSchema":"1a1c01bbd47fc00a2c39e90264f33305004495a9","hash":"23fc6ed656cbcb968062ca90935a17950e1df32c","contentHash":"69e7ef93f00018722e06751e0608c27e7209e5f223efdcb7b56f5de46d4d442d"},"C:\\Users\\User\\latest smart\\Smart-Time-And-Attendance-Tracker\\STAT-server\\models\\team.model.js":{"path":"C:\\Users\\User\\latest smart\\Smart-Time-And-Attendance-Tracker\\STAT-server\\models\\team.model.js","statementMap":{"0":{"start":{"line":22,"column":17},"end":{"line":22,"column":36}},"1":{"start":{"line":24,"column":17},"end":{"line":40,"column":2}},"2":{"start":{"line":42,"column":0},"end":{"line":42,"column":36}}},"fnMap":{},"branchMap":{},"s":{"0":1,"1":1,"2":1},"f":{},"b":{},"_coverageSchema":"1a1c01bbd47fc00a2c39e90264f33305004495a9","hash":"10205430a10e4c3a366f245364a47206b5ee2664","contentHash":"e0d8e2bc7c317347812624507bf7d3d92b33782007aacff076ccde4da4e8c6ca"},"C:\\Users\\User\\latest smart\\Smart-Time-And-Attendance-Tracker\\STAT-server\\models\\role.model.js":{"path":"C:\\Users\\User\\latest smart\\Smart-Time-And-Attendance-Tracker\\STAT-server\\models\\role.model.js","statementMap":{"0":{"start":{"line":23,"column":17},"end":{"line":23,"column":36}},"1":{"start":{"line":25,"column":17},"end":{"line":36,"column":2}},"2":{"start":{"line":38,"column":0},"end":{"line":38,"column":35}}},"fnMap":{},"branchMap":{},"s":{"0":1,"1":1,"2":1},"f":{},"b":{},"_coverageSchema":"1a1c01bbd47fc00a2c39e90264f33305004495a9","hash":"b857e9cfbe842a9de6347d0bcee086b2d5b76b24","contentHash":"fb808892f8661e37c319b12a80d9ff0bfb7cab42164a0b251d0762a209954f34"},"C:\\Users\\User\\latest smart\\Smart-Time-And-Attendance-Tracker\\STAT-server\\models\\timeEntry.model.js":{"path":"C:\\Users\\User\\latest smart\\Smart-Time-And-Attendance-Tracker\\STAT-server\\models\\timeEntry.model.js","statementMap":{"0":{"start":{"line":22,"column":17},"end":{"line":22,"column":36}},"1":{"start":{"line":24,"column":24},"end":{"line":67,"column":2}},"2":{"start":{"line":69,"column":0},"end":{"line":69,"column":62}}},"fnMap":{},"branchMap":{},"s":{"0":1,"1":1,"2":1},"f":{},"b":{},"_coverageSchema":"1a1c01bbd47fc00a2c39e90264f33305004495a9","hash":"ca84c925b3fbf01ebe6b64b820093a164b47c3ac","contentHash":"053c17e23ea140757d9f166e02a85d35f2e6a111e6208adec3cd01e35349d569"},"C:\\Users\\User\\latest smart\\Smart-Time-And-Attendance-Tracker\\STAT-server\\models\\userTimeEntry.model.js":{"path":"C:\\Users\\User\\latest smart\\Smart-Time-And-Attendance-Tracker\\STAT-server\\models\\userTimeEntry.model.js","statementMap":{"0":{"start":{"line":22,"column":17},"end":{"line":22,"column":36}},"1":{"start":{"line":24,"column":26},"end":{"line":36,"column":2}},"2":{"start":{"line":38,"column":0},"end":{"line":38,"column":53}}},"fnMap":{},"branchMap":{},"s":{"0":1,"1":1,"2":1},"f":{},"b":{},"_coverageSchema":"1a1c01bbd47fc00a2c39e90264f33305004495a9","hash":"91bca52bc69dcfa77fdc8a06c01dbd45f0898ceb","contentHash":"673859d85df9b433fb967223928e67ca5d91a7a580c7bba5928c413a6d88adcf"},"C:\\Users\\User\\latest smart\\Smart-Time-And-Attendance-Tracker\\STAT-server\\models\\iotDevice.model.js":{"path":"C:\\Users\\User\\latest smart\\Smart-Time-And-Attendance-Tracker\\STAT-server\\models\\iotDevice.model.js","statementMap":{"0":{"start":{"line":23,"column":17},"end":{"line":23,"column":36}},"1":{"start":{"line":25,"column":22},"end":{"line":51,"column":2}},"2":{"start":{"line":53,"column":0},"end":{"line":53,"column":45}}},"fnMap":{},"branchMap":{},"s":{"0":1,"1":1,"2":1},"f":{},"b":{},"_coverageSchema":"1a1c01bbd47fc00a2c39e90264f33305004495a9","hash":"be9436e7d084c548511dbf83b26e8aa89a476f48","contentHash":"70aac80a4a323e9962bfbffee268971940b9009d0ef8c809815b36fb2aad5cf4"},"C:\\Users\\User\\latest smart\\Smart-Time-And-Attendance-Tracker\\STAT-server\\models\\calendarEvents.model.js":{"path":"C:\\Users\\User\\latest smart\\Smart-Time-And-Attendance-Tracker\\STAT-server\\models\\calendarEvents.model.js","statementMap":{"0":{"start":{"line":22,"column":17},"end":{"line":22,"column":36}},"1":{"start":{"line":24,"column":32},"end":{"line":34,"column":2}},"2":{"start":{"line":36,"column":0},"end":{"line":36,"column":65}}},"fnMap":{},"branchMap":{},"s":{"0":1,"1":1,"2":1},"f":{},"b":{},"_coverageSchema":"1a1c01bbd47fc00a2c39e90264f33305004495a9","hash":"326a8479633f76c9a6bda32e784154fd5492b968","contentHash":"78d2b8971aef806093a117770b4e60c52a3a0303a1d9877d950494a2a07eacce"},"C:\\Users\\User\\latest smart\\Smart-Time-And-Attendance-Tracker\\STAT-server\\config\\passportConfig.js":{"path":"C:\\Users\\User\\latest smart\\Smart-Time-And-Attendance-Tracker\\STAT-server\\config\\passportConfig.js","statementMap":{"0":{"start":{"line":22,"column":17},"end":{"line":22,"column":36}},"1":{"start":{"line":23,"column":22},"end":{"line":23,"column":56}},"2":{"start":{"line":24,"column":17},"end":{"line":24,"column":36}},"3":{"start":{"line":26,"column":18},"end":{"line":26,"column":40}},"4":{"start":{"line":28,"column":0},"end":{"line":48,"column":2}},"5":{"start":{"line":31,"column":8},"end":{"line":46,"column":15}},"6":{"start":{"line":33,"column":16},"end":{"line":44,"column":44}},"7":{"start":{"line":34,"column":20},"end":{"line":34,"column":37}},"8":{"start":{"line":36,"column":21},"end":{"line":44,"column":44}},"9":{"start":{"line":37,"column":20},"end":{"line":37,"column":74}},"10":{"start":{"line":39,"column":21},"end":{"line":44,"column":44}},"11":{"start":{"line":40,"column":20},"end":{"line":40,"column":78}},"12":{"start":{"line":44,"column":20},"end":{"line":44,"column":44}}},"fnMap":{"0":{"name":"(anonymous_0)","decl":{"start":{"line":30,"column":4},"end":{"line":30,"column":5}},"loc":{"start":{"line":30,"column":33},"end":{"line":47,"column":5}},"line":30},"1":{"name":"(anonymous_1)","decl":{"start":{"line":32,"column":12},"end":{"line":32,"column":13}},"loc":{"start":{"line":32,"column":26},"end":{"line":46,"column":13}},"line":32}},"branchMap":{"0":{"loc":{"start":{"line":33,"column":16},"end":{"line":44,"column":44}},"type":"if","locations":[{"start":{"line":33,"column":16},"end":{"line":44,"column":44}},{"start":{"line":33,"column":16},"end":{"line":44,"column":44}}],"line":33},"1":{"loc":{"start":{"line":36,"column":21},"end":{"line":44,"column":44}},"type":"if","locations":[{"start":{"line":36,"column":21},"end":{"line":44,"column":44}},{"start":{"line":36,"column":21},"end":{"line":44,"column":44}}],"line":36},"2":{"loc":{"start":{"line":39,"column":21},"end":{"line":44,"column":44}},"type":"if","locations":[{"start":{"line":39,"column":21},"end":{"line":44,"column":44}},{"start":{"line":39,"column":21},"end":{"line":44,"column":44}}],"line":39}},"s":{"0":1,"1":1,"2":1,"3":1,"4":1,"5":0,"6":0,"7":0,"8":0,"9":0,"10":0,"11":0,"12":0},"f":{"0":0,"1":0},"b":{"0":[0,0],"1":[0,0],"2":[0,0]},"_coverageSchema":"1a1c01bbd47fc00a2c39e90264f33305004495a9","hash":"a12da129e500d5785b1a6c898c2dc4f18209244a","contentHash":"7507c8d79b60231ebff71e7d60568b13e29e43aa3e0d57a8d1732e77c7cbf2b2"},"C:\\Users\\User\\latest smart\\Smart-Time-And-Attendance-Tracker\\STAT-server\\routes\\index.router.js":{"path":"C:\\Users\\User\\latest smart\\Smart-Time-And-Attendance-Tracker\\STAT-server\\routes\\index.router.js","statementMap":{"0":{"start":{"line":25,"column":16},"end":{"line":25,"column":34}},"1":{"start":{"line":26,"column":17},"end":{"line":26,"column":44}},"2":{"start":{"line":27,"column":15},"end":{"line":27,"column":41}},"3":{"start":{"line":28,"column":13},"end":{"line":28,"column":54}},"4":{"start":{"line":29,"column":13},"end":{"line":29,"column":54}},"5":{"start":{"line":30,"column":22},"end":{"line":30,"column":72}},"6":{"start":{"line":31,"column":13},"end":{"line":31,"column":54}},"7":{"start":{"line":32,"column":13},"end":{"line":32,"column":54}},"8":{"start":{"line":33,"column":16},"end":{"line":33,"column":60}},"9":{"start":{"line":34,"column":18},"end":{"line":34,"column":63}},"10":{"start":{"line":35,"column":17},"end":{"line":35,"column":64}},"11":{"start":{"line":36,"column":18},"end":{"line":36,"column":48}},"12":{"start":{"line":37,"column":19},"end":{"line":37,"column":52}},"13":{"start":{"line":40,"column":0},"end":{"line":40,"column":45}},"14":{"start":{"line":41,"column":0},"end":{"line":41,"column":39}},"15":{"start":{"line":42,"column":0},"end":{"line":42,"column":69}},"16":{"start":{"line":43,"column":0},"end":{"line":43,"column":67}},"17":{"start":{"line":44,"column":0},"end":{"line":44,"column":83}},"18":{"start":{"line":45,"column":0},"end":{"line":45,"column":103}},"19":{"start":{"line":47,"column":0},"end":{"line":47,"column":125}},"20":{"start":{"line":48,"column":0},"end":{"line":48,"column":105}},"21":{"start":{"line":49,"column":0},"end":{"line":49,"column":108}},"22":{"start":{"line":50,"column":0},"end":{"line":50,"column":96}},"23":{"start":{"line":51,"column":0},"end":{"line":51,"column":92}},"24":{"start":{"line":52,"column":0},"end":{"line":52,"column":95}},"25":{"start":{"line":53,"column":0},"end":{"line":53,"column":101}},"26":{"start":{"line":57,"column":0},"end":{"line":57,"column":96}},"27":{"start":{"line":58,"column":0},"end":{"line":58,"column":92}},"28":{"start":{"line":61,"column":0},"end":{"line":61,"column":134}},"29":{"start":{"line":62,"column":0},"end":{"line":62,"column":124}},"30":{"start":{"line":63,"column":0},"end":{"line":63,"column":130}},"31":{"start":{"line":64,"column":0},"end":{"line":64,"column":137}},"32":{"start":{"line":65,"column":0},"end":{"line":65,"column":133}},"33":{"start":{"line":66,"column":0},"end":{"line":66,"column":133}},"34":{"start":{"line":67,"column":0},"end":{"line":67,"column":158}},"35":{"start":{"line":68,"column":0},"end":{"line":68,"column":155}},"36":{"start":{"line":69,"column":0},"end":{"line":69,"column":128}},"37":{"start":{"line":73,"column":0},"end":{"line":73,"column":90}},"38":{"start":{"line":74,"column":0},"end":{"line":74,"column":103}},"39":{"start":{"line":75,"column":0},"end":{"line":75,"column":110}},"40":{"start":{"line":76,"column":0},"end":{"line":76,"column":95}},"41":{"start":{"line":77,"column":0},"end":{"line":77,"column":94}},"42":{"start":{"line":78,"column":0},"end":{"line":78,"column":90}},"43":{"start":{"line":79,"column":0},"end":{"line":79,"column":93}},"44":{"start":{"line":82,"column":0},"end":{"line":82,"column":109}},"45":{"start":{"line":83,"column":0},"end":{"line":83,"column":121}},"46":{"start":{"line":84,"column":0},"end":{"line":84,"column":130}},"47":{"start":{"line":85,"column":0},"end":{"line":85,"column":101}},"48":{"start":{"line":86,"column":0},"end":{"line":86,"column":100}},"49":{"start":{"line":87,"column":0},"end":{"line":87,"column":108}},"50":{"start":{"line":88,"column":0},"end":{"line":88,"column":111}},"51":{"start":{"line":89,"column":0},"end":{"line":89,"column":103}},"52":{"start":{"line":90,"column":0},"end":{"line":90,"column":100}},"53":{"start":{"line":91,"column":0},"end":{"line":91,"column":103}},"54":{"start":{"line":92,"column":0},"end":{"line":92,"column":95}},"55":{"start":{"line":93,"column":0},"end":{"line":93,"column":107}},"56":{"start":{"line":95,"column":0},"end":{"line":95,"column":91}},"57":{"start":{"line":96,"column":0},"end":{"line":96,"column":97}},"58":{"start":{"line":97,"column":0},"end":{"line":97,"column":110}},"59":{"start":{"line":98,"column":0},"end":{"line":98,"column":89}},"60":{"start":{"line":101,"column":0},"end":{"line":101,"column":106}},"61":{"start":{"line":102,"column":0},"end":{"line":102,"column":89}},"62":{"start":{"line":105,"column":0},"end":{"line":105,"column":138}},"63":{"start":{"line":106,"column":0},"end":{"line":106,"column":142}},"64":{"start":{"line":107,"column":0},"end":{"line":107,"column":148}},"65":{"start":{"line":108,"column":0},"end":{"line":108,"column":170}},"66":{"start":{"line":109,"column":0},"end":{"line":109,"column":171}},"67":{"start":{"line":115,"column":0},"end":{"line":115,"column":149}},"68":{"start":{"line":124,"column":0},"end":{"line":124,"column":141}},"69":{"start":{"line":125,"column":0},"end":{"line":125,"column":144}},"70":{"start":{"line":126,"column":0},"end":{"line":126,"column":143}},"71":{"start":{"line":127,"column":0},"end":{"line":127,"column":155}},"72":{"start":{"line":128,"column":0},"end":{"line":128,"column":129}},"73":{"start":{"line":129,"column":0},"end":{"line":129,"column":151}},"74":{"start":{"line":130,"column":0},"end":{"line":130,"column":148}},"75":{"start":{"line":133,"column":0},"end":{"line":133,"column":24}}},"fnMap":{},"branchMap":{},"s":{"0":1,"1":1,"2":1,"3":1,"4":1,"5":1,"6":0,"7":0,"8":0,"9":0,"10":0,"11":0,"12":0,"13":0,"14":0,"15":0,"16":0,"17":0,"18":0,"19":0,"20":0,"21":0,"22":0,"23":0,"24":0,"25":0,"26":0,"27":0,"28":0,"29":0,"30":0,"31":0,"32":0,"33":0,"34":0,"35":0,"36":0,"37":0,"38":0,"39":0,"40":0,"41":0,"42":0,"43":0,"44":0,"45":0,"46":0,"47":0,"48":0,"49":0,"50":0,"51":0,"52":0,"53":0,"54":0,"55":0,"56":0,"57":0,"58":0,"59":0,"60":0,"61":0,"62":0,"63":0,"64":0,"65":0,"66":0,"67":0,"68":0,"69":0,"70":0,"71":0,"72":0,"73":0,"74":0,"75":0},"f":{},"b":{},"_coverageSchema":"1a1c01bbd47fc00a2c39e90264f33305004495a9","hash":"37000ebf8efe7f682ab4f3695bf9f6be37b58375","contentHash":"7c24323c99eb2635d30ef856522c5e9723cb146905fd99c2b5c8028771320413"},"C:\\Users\\User\\latest smart\\Smart-Time-And-Attendance-Tracker\\STAT-server\\controllers\\user.controller.js":{"path":"C:\\Users\\User\\latest smart\\Smart-Time-And-Attendance-Tracker\\STAT-server\\controllers\\user.controller.js","statementMap":{"0":{"start":{"line":23,"column":17},"end":{"line":23,"column":36}},"1":{"start":{"line":24,"column":17},"end":{"line":24,"column":36}},"2":{"start":{"line":25,"column":18},"end":{"line":25,"column":40}},"3":{"start":{"line":27,"column":18},"end":{"line":27,"column":51}},"4":{"start":{"line":28,"column":18},"end":{"line":28,"column":51}},"5":{"start":{"line":29,"column":21},"end":{"line":29,"column":57}},"6":{"start":{"line":40,"column":0},"end":{"line":62,"column":1}},"7":{"start":{"line":42,"column":4},"end":{"line":60,"column":16}},"8":{"start":{"line":44,"column":8},"end":{"line":58,"column":9}},"9":{"start":{"line":45,"column":12},"end":{"line":45,"column":84}},"10":{"start":{"line":47,"column":13},"end":{"line":58,"column":9}},"11":{"start":{"line":49,"column":12},"end":{"line":49,"column":100}},"12":{"start":{"line":54,"column":12},"end":{"line":55,"column":50}},"13":{"start":{"line":55,"column":16},"end":{"line":55,"column":50}},"14":{"start":{"line":57,"column":12},"end":{"line":57,"column":46}},"15":{"start":{"line":71,"column":0},"end":{"line":112,"column":1}},"16":{"start":{"line":72,"column":4},"end":{"line":111,"column":5}},"17":{"start":{"line":74,"column":8},"end":{"line":74,"column":70}},"18":{"start":{"line":76,"column":9},"end":{"line":111,"column":5}},"19":{"start":{"line":77,"column":8},"end":{"line":77,"column":73}},"20":{"start":{"line":80,"column":12},"end":{"line":110,"column":15}},"21":{"start":{"line":81,"column":16},"end":{"line":81,"column":97}},"22":{"start":{"line":81,"column":25},"end":{"line":81,"column":97}},"23":{"start":{"line":83,"column":16},"end":{"line":108,"column":17}},"24":{"start":{"line":84,"column":20},"end":{"line":84,"column":82}},"25":{"start":{"line":87,"column":31},"end":{"line":87,"column":46}},"26":{"start":{"line":88,"column":20},"end":{"line":88,"column":46}},"27":{"start":{"line":89,"column":20},"end":{"line":89,"column":52}},"28":{"start":{"line":90,"column":20},"end":{"line":90,"column":62}},"29":{"start":{"line":91,"column":20},"end":{"line":91,"column":54}},"30":{"start":{"line":92,"column":20},"end":{"line":92,"column":36}},"31":{"start":{"line":93,"column":20},"end":{"line":93,"column":46}},"32":{"start":{"line":94,"column":20},"end":{"line":94,"column":41}},"33":{"start":{"line":95,"column":20},"end":{"line":95,"column":49}},"34":{"start":{"line":96,"column":20},"end":{"line":106,"column":23}},"35":{"start":{"line":97,"column":24},"end":{"line":105,"column":25}},"36":{"start":{"line":98,"column":28},"end":{"line":98,"column":116}},"37":{"start":{"line":101,"column":28},"end":{"line":104,"column":104}},"38":{"start":{"line":102,"column":32},"end":{"line":102,"column":87}},"39":{"start":{"line":104,"column":32},"end":{"line":104,"column":104}},"40":{"start":{"line":140,"column":0},"end":{"line":150,"column":1}},"41":{"start":{"line":141,"column":4},"end":{"line":149,"column":7}},"42":{"start":{"line":142,"column":8},"end":{"line":147,"column":88}},"43":{"start":{"line":143,"column":12},"end":{"line":143,"column":84}},"44":{"start":{"line":144,"column":13},"end":{"line":147,"column":88}},"45":{"start":{"line":145,"column":12},"end":{"line":145,"column":71}},"46":{"start":{"line":147,"column":12},"end":{"line":147,"column":88}},"47":{"start":{"line":158,"column":0},"end":{"line":192,"column":1}},"48":{"start":{"line":159,"column":4},"end":{"line":190,"column":7}},"49":{"start":{"line":160,"column":8},"end":{"line":189,"column":9}},"50":{"start":{"line":161,"column":12},"end":{"line":161,"column":84}},"51":{"start":{"line":162,"column":13},"end":{"line":189,"column":9}},"52":{"start":{"line":163,"column":12},"end":{"line":163,"column":71}},"53":{"start":{"line":167,"column":30},"end":{"line":167,"column":32}},"54":{"start":{"line":168,"column":18},"end":{"line":168,"column":19}},"55":{"start":{"line":168,"column":28},"end":{"line":168,"column":33}},"56":{"start":{"line":169,"column":12},"end":{"line":188,"column":13}},"57":{"start":{"line":172,"column":17},"end":{"line":187,"column":19}},"58":{"start":{"line":174,"column":21},"end":{"line":186,"column":21}},"59":{"start":{"line":175,"column":24},"end":{"line":175,"column":96}},"60":{"start":{"line":177,"column":25},"end":{"line":186,"column":21}},"61":{"start":{"line":178,"column":24},"end":{"line":178,"column":83}},"62":{"start":{"line":181,"column":24},"end":{"line":181,"column":46}},"63":{"start":{"line":182,"column":24},"end":{"line":185,"column":25}},"64":{"start":{"line":184,"column":28},"end":{"line":184,"column":79}},"65":{"start":{"line":201,"column":0},"end":{"line":216,"column":1}},"66":{"start":{"line":202,"column":4},"end":{"line":215,"column":7}},"67":{"start":{"line":203,"column":8},"end":{"line":214,"column":9}},"68":{"start":{"line":204,"column":12},"end":{"line":204,"column":84}},"69":{"start":{"line":205,"column":13},"end":{"line":214,"column":9}},"70":{"start":{"line":206,"column":12},"end":{"line":206,"column":87}},"71":{"start":{"line":209,"column":12},"end":{"line":209,"column":36}},"72":{"start":{"line":210,"column":12},"end":{"line":212,"column":13}},"73":{"start":{"line":210,"column":22},"end":{"line":210,"column":23}},"74":{"start":{"line":211,"column":16},"end":{"line":211,"column":183}},"75":{"start":{"line":213,"column":12},"end":{"line":213,"column":86}},"76":{"start":{"line":226,"column":0},"end":{"line":289,"column":1}},"77":{"start":{"line":227,"column":4},"end":{"line":228,"column":34}},"78":{"start":{"line":228,"column":8},"end":{"line":228,"column":34}},"79":{"start":{"line":230,"column":4},"end":{"line":288,"column":5}},"80":{"start":{"line":232,"column":8},"end":{"line":257,"column":11}},"81":{"start":{"line":233,"column":12},"end":{"line":256,"column":13}},"82":{"start":{"line":234,"column":16},"end":{"line":234,"column":88}},"83":{"start":{"line":235,"column":17},"end":{"line":256,"column":13}},"84":{"start":{"line":236,"column":16},"end":{"line":236,"column":75}},"85":{"start":{"line":239,"column":16},"end":{"line":239,"column":25}},"86":{"start":{"line":240,"column":16},"end":{"line":255,"column":17}},"87":{"start":{"line":240,"column":26},"end":{"line":240,"column":27}},"88":{"start":{"line":242,"column":20},"end":{"line":253,"column":23}},"89":{"start":{"line":244,"column":24},"end":{"line":248,"column":200}},"90":{"start":{"line":245,"column":28},"end":{"line":245,"column":100}},"91":{"start":{"line":248,"column":28},"end":{"line":248,"column":200}},"92":{"start":{"line":250,"column":24},"end":{"line":251,"column":69}},"93":{"start":{"line":251,"column":32},"end":{"line":251,"column":69}},"94":{"start":{"line":261,"column":8},"end":{"line":287,"column":11}},"95":{"start":{"line":262,"column":12},"end":{"line":286,"column":13}},"96":{"start":{"line":263,"column":16},"end":{"line":263,"column":88}},"97":{"start":{"line":264,"column":17},"end":{"line":286,"column":13}},"98":{"start":{"line":265,"column":16},"end":{"line":265,"column":75}},"99":{"start":{"line":268,"column":16},"end":{"line":268,"column":25}},"100":{"start":{"line":269,"column":16},"end":{"line":285,"column":17}},"101":{"start":{"line":269,"column":26},"end":{"line":269,"column":27}},"102":{"start":{"line":271,"column":20},"end":{"line":283,"column":23}},"103":{"start":{"line":273,"column":24},"end":{"line":277,"column":195}},"104":{"start":{"line":274,"column":28},"end":{"line":274,"column":100}},"105":{"start":{"line":277,"column":28},"end":{"line":277,"column":195}},"106":{"start":{"line":279,"column":24},"end":{"line":280,"column":69}},"107":{"start":{"line":280,"column":32},"end":{"line":280,"column":69}},"108":{"start":{"line":297,"column":0},"end":{"line":310,"column":1}},"109":{"start":{"line":298,"column":4},"end":{"line":299,"column":67}},"110":{"start":{"line":299,"column":8},"end":{"line":299,"column":67}},"111":{"start":{"line":301,"column":4},"end":{"line":309,"column":7}},"112":{"start":{"line":302,"column":8},"end":{"line":307,"column":73}},"113":{"start":{"line":303,"column":12},"end":{"line":303,"column":84}},"114":{"start":{"line":304,"column":13},"end":{"line":307,"column":73}},"115":{"start":{"line":305,"column":12},"end":{"line":305,"column":71}},"116":{"start":{"line":307,"column":12},"end":{"line":307,"column":73}},"117":{"start":{"line":318,"column":0},"end":{"line":329,"column":1}},"118":{"start":{"line":320,"column":4},"end":{"line":328,"column":7}},"119":{"start":{"line":321,"column":8},"end":{"line":326,"column":93}},"120":{"start":{"line":322,"column":12},"end":{"line":322,"column":84}},"121":{"start":{"line":323,"column":13},"end":{"line":326,"column":93}},"122":{"start":{"line":324,"column":12},"end":{"line":324,"column":71}},"123":{"start":{"line":326,"column":12},"end":{"line":326,"column":93}},"124":{"start":{"line":337,"column":0},"end":{"line":346,"column":1}},"125":{"start":{"line":338,"column":4},"end":{"line":345,"column":7}},"126":{"start":{"line":339,"column":8},"end":{"line":343,"column":13}},"127":{"start":{"line":340,"column":12},"end":{"line":340,"column":84}},"128":{"start":{"line":341,"column":13},"end":{"line":343,"column":13}},"129":{"start":{"line":342,"column":12},"end":{"line":342,"column":71}},"130":{"start":{"line":344,"column":12},"end":{"line":344,"column":122}},"131":{"start":{"line":355,"column":0},"end":{"line":394,"column":1}},"132":{"start":{"line":356,"column":4},"end":{"line":357,"column":67}},"133":{"start":{"line":357,"column":8},"end":{"line":357,"column":67}},"134":{"start":{"line":359,"column":4},"end":{"line":393,"column":7}},"135":{"start":{"line":360,"column":8},"end":{"line":391,"column":9}},"136":{"start":{"line":361,"column":12},"end":{"line":361,"column":84}},"137":{"start":{"line":362,"column":13},"end":{"line":391,"column":9}},"138":{"start":{"line":363,"column":12},"end":{"line":363,"column":71}},"139":{"start":{"line":367,"column":12},"end":{"line":390,"column":15}},"140":{"start":{"line":369,"column":16},"end":{"line":389,"column":17}},"141":{"start":{"line":370,"column":20},"end":{"line":370,"column":92}},"142":{"start":{"line":373,"column":20},"end":{"line":387,"column":23}},"143":{"start":{"line":375,"column":24},"end":{"line":386,"column":25}},"144":{"start":{"line":376,"column":28},"end":{"line":376,"column":100}},"145":{"start":{"line":379,"column":28},"end":{"line":385,"column":31}},"146":{"start":{"line":381,"column":32},"end":{"line":384,"column":91}},"147":{"start":{"line":382,"column":36},"end":{"line":382,"column":108}},"148":{"start":{"line":384,"column":36},"end":{"line":384,"column":91}},"149":{"start":{"line":401,"column":0},"end":{"line":412,"column":1}},"150":{"start":{"line":402,"column":4},"end":{"line":410,"column":7}},"151":{"start":{"line":403,"column":8},"end":{"line":408,"column":79}},"152":{"start":{"line":404,"column":12},"end":{"line":404,"column":84}},"153":{"start":{"line":405,"column":13},"end":{"line":408,"column":79}},"154":{"start":{"line":406,"column":12},"end":{"line":406,"column":71}},"155":{"start":{"line":408,"column":12},"end":{"line":408,"column":79}},"156":{"start":{"line":420,"column":0},"end":{"line":455,"column":1}},"157":{"start":{"line":421,"column":16},"end":{"line":421,"column":17}},"158":{"start":{"line":422,"column":25},"end":{"line":422,"column":27}},"159":{"start":{"line":423,"column":4},"end":{"line":454,"column":7}},"160":{"start":{"line":424,"column":8},"end":{"line":453,"column":9}},"161":{"start":{"line":425,"column":12},"end":{"line":425,"column":84}},"162":{"start":{"line":426,"column":13},"end":{"line":453,"column":9}},"163":{"start":{"line":427,"column":12},"end":{"line":427,"column":71}},"164":{"start":{"line":431,"column":12},"end":{"line":432,"column":97}},"165":{"start":{"line":432,"column":16},"end":{"line":432,"column":97}},"166":{"start":{"line":434,"column":12},"end":{"line":451,"column":13}},"167":{"start":{"line":436,"column":16},"end":{"line":448,"column":19}},"168":{"start":{"line":437,"column":20},"end":{"line":437,"column":37}},"169":{"start":{"line":438,"column":20},"end":{"line":442,"column":49}},"170":{"start":{"line":439,"column":24},"end":{"line":439,"column":96}},"171":{"start":{"line":441,"column":25},"end":{"line":442,"column":49}},"172":{"start":{"line":442,"column":24},"end":{"line":442,"column":49}},"173":{"start":{"line":444,"column":20},"end":{"line":447,"column":21}},"174":{"start":{"line":446,"column":24},"end":{"line":446,"column":81}},"175":{"start":{"line":463,"column":0},"end":{"line":491,"column":1}},"176":{"start":{"line":464,"column":4},"end":{"line":490,"column":7}},"177":{"start":{"line":465,"column":8},"end":{"line":489,"column":9}},"178":{"start":{"line":466,"column":12},"end":{"line":466,"column":84}},"179":{"start":{"line":467,"column":13},"end":{"line":489,"column":9}},"180":{"start":{"line":468,"column":12},"end":{"line":468,"column":69}},"181":{"start":{"line":471,"column":12},"end":{"line":472,"column":45}},"182":{"start":{"line":472,"column":17},"end":{"line":472,"column":45}},"183":{"start":{"line":474,"column":12},"end":{"line":475,"column":47}},"184":{"start":{"line":475,"column":16},"end":{"line":475,"column":47}},"185":{"start":{"line":477,"column":12},"end":{"line":478,"column":51}},"186":{"start":{"line":478,"column":16},"end":{"line":478,"column":51}},"187":{"start":{"line":481,"column":16},"end":{"line":487,"column":19}},"188":{"start":{"line":482,"column":20},"end":{"line":485,"column":92}},"189":{"start":{"line":483,"column":24},"end":{"line":483,"column":96}},"190":{"start":{"line":485,"column":24},"end":{"line":485,"column":92}},"191":{"start":{"line":502,"column":0},"end":{"line":546,"column":1}},"192":{"start":{"line":504,"column":4},"end":{"line":505,"column":67}},"193":{"start":{"line":505,"column":8},"end":{"line":505,"column":67}},"194":{"start":{"line":507,"column":4},"end":{"line":508,"column":64}},"195":{"start":{"line":508,"column":8},"end":{"line":508,"column":64}},"196":{"start":{"line":510,"column":4},"end":{"line":543,"column":6}},"197":{"start":{"line":511,"column":8},"end":{"line":542,"column":9}},"198":{"start":{"line":512,"column":12},"end":{"line":512,"column":84}},"199":{"start":{"line":513,"column":13},"end":{"line":542,"column":9}},"200":{"start":{"line":514,"column":12},"end":{"line":514,"column":71}},"201":{"start":{"line":517,"column":12},"end":{"line":540,"column":15}},"202":{"start":{"line":519,"column":20},"end":{"line":539,"column":17}},"203":{"start":{"line":520,"column":20},"end":{"line":520,"column":92}},"204":{"start":{"line":522,"column":21},"end":{"line":539,"column":17}},"205":{"start":{"line":523,"column":20},"end":{"line":523,"column":79}},"206":{"start":{"line":526,"column":20},"end":{"line":538,"column":21}},"207":{"start":{"line":527,"column":24},"end":{"line":527,"column":87}},"208":{"start":{"line":531,"column":24},"end":{"line":537,"column":27}},"209":{"start":{"line":533,"column":28},"end":{"line":536,"column":99}},"210":{"start":{"line":534,"column":32},"end":{"line":534,"column":104}},"211":{"start":{"line":536,"column":32},"end":{"line":536,"column":99}},"212":{"start":{"line":557,"column":0},"end":{"line":601,"column":1}},"213":{"start":{"line":559,"column":4},"end":{"line":560,"column":67}},"214":{"start":{"line":560,"column":8},"end":{"line":560,"column":67}},"215":{"start":{"line":562,"column":4},"end":{"line":563,"column":64}},"216":{"start":{"line":563,"column":8},"end":{"line":563,"column":64}},"217":{"start":{"line":565,"column":4},"end":{"line":599,"column":7}},"218":{"start":{"line":566,"column":8},"end":{"line":597,"column":9}},"219":{"start":{"line":567,"column":12},"end":{"line":567,"column":84}},"220":{"start":{"line":568,"column":13},"end":{"line":597,"column":9}},"221":{"start":{"line":569,"column":12},"end":{"line":569,"column":71}},"222":{"start":{"line":573,"column":12},"end":{"line":595,"column":15}},"223":{"start":{"line":575,"column":16},"end":{"line":594,"column":13}},"224":{"start":{"line":576,"column":16},"end":{"line":576,"column":88}},"225":{"start":{"line":578,"column":17},"end":{"line":594,"column":13}},"226":{"start":{"line":579,"column":16},"end":{"line":579,"column":75}},"227":{"start":{"line":582,"column":16},"end":{"line":593,"column":94}},"228":{"start":{"line":584,"column":20},"end":{"line":590,"column":23}},"229":{"start":{"line":586,"column":24},"end":{"line":589,"column":97}},"230":{"start":{"line":587,"column":28},"end":{"line":587,"column":100}},"231":{"start":{"line":589,"column":28},"end":{"line":589,"column":97}},"232":{"start":{"line":593,"column":20},"end":{"line":593,"column":94}}},"fnMap":{"0":{"name":"(anonymous_0)","decl":{"start":{"line":40,"column":23},"end":{"line":40,"column":24}},"loc":{"start":{"line":40,"column":43},"end":{"line":62,"column":1}},"line":40},"1":{"name":"(anonymous_1)","decl":{"start":{"line":42,"column":35},"end":{"line":42,"column":36}},"loc":{"start":{"line":42,"column":52},"end":{"line":60,"column":5}},"line":42},"2":{"name":"(anonymous_2)","decl":{"start":{"line":71,"column":26},"end":{"line":71,"column":27}},"loc":{"start":{"line":71,"column":40},"end":{"line":112,"column":1}},"line":71},"3":{"name":"(anonymous_3)","decl":{"start":{"line":80,"column":57},"end":{"line":80,"column":58}},"loc":{"start":{"line":80,"column":77},"end":{"line":110,"column":13}},"line":80},"4":{"name":"(anonymous_4)","decl":{"start":{"line":96,"column":30},"end":{"line":96,"column":31}},"loc":{"start":{"line":96,"column":44},"end":{"line":106,"column":21}},"line":96},"5":{"name":"(anonymous_5)","decl":{"start":{"line":140,"column":25},"end":{"line":140,"column":26}},"loc":{"start":{"line":140,"column":45},"end":{"line":150,"column":1}},"line":140},"6":{"name":"(anonymous_6)","decl":{"start":{"line":141,"column":59},"end":{"line":141,"column":60}},"loc":{"start":{"line":141,"column":76},"end":{"line":149,"column":5}},"line":141},"7":{"name":"(anonymous_7)","decl":{"start":{"line":158,"column":26},"end":{"line":158,"column":27}},"loc":{"start":{"line":158,"column":40},"end":{"line":192,"column":1}},"line":158},"8":{"name":"(anonymous_8)","decl":{"start":{"line":159,"column":47},"end":{"line":159,"column":48}},"loc":{"start":{"line":159,"column":64},"end":{"line":190,"column":5}},"line":159},"9":{"name":"(anonymous_9)","decl":{"start":{"line":172,"column":51},"end":{"line":172,"column":52}},"loc":{"start":{"line":173,"column":17},"end":{"line":187,"column":17}},"line":173},"10":{"name":"(anonymous_10)","decl":{"start":{"line":201,"column":41},"end":{"line":201,"column":42}},"loc":{"start":{"line":201,"column":55},"end":{"line":216,"column":1}},"line":201},"11":{"name":"(anonymous_11)","decl":{"start":{"line":202,"column":118},"end":{"line":202,"column":119}},"loc":{"start":{"line":202,"column":135},"end":{"line":215,"column":5}},"line":202},"12":{"name":"(anonymous_12)","decl":{"start":{"line":226,"column":29},"end":{"line":226,"column":30}},"loc":{"start":{"line":226,"column":43},"end":{"line":289,"column":1}},"line":226},"13":{"name":"(anonymous_13)","decl":{"start":{"line":232,"column":137},"end":{"line":232,"column":138}},"loc":{"start":{"line":232,"column":154},"end":{"line":257,"column":9}},"line":232},"14":{"name":"(anonymous_14)","decl":{"start":{"line":242,"column":50},"end":{"line":242,"column":51}},"loc":{"start":{"line":243,"column":20},"end":{"line":253,"column":21}},"line":243},"15":{"name":"(anonymous_15)","decl":{"start":{"line":261,"column":46},"end":{"line":261,"column":47}},"loc":{"start":{"line":261,"column":63},"end":{"line":287,"column":9}},"line":261},"16":{"name":"(anonymous_16)","decl":{"start":{"line":271,"column":50},"end":{"line":271,"column":51}},"loc":{"start":{"line":272,"column":20},"end":{"line":283,"column":21}},"line":272},"17":{"name":"(anonymous_17)","decl":{"start":{"line":297,"column":30},"end":{"line":297,"column":31}},"loc":{"start":{"line":297,"column":50},"end":{"line":310,"column":1}},"line":297},"18":{"name":"(anonymous_18)","decl":{"start":{"line":301,"column":69},"end":{"line":301,"column":70}},"loc":{"start":{"line":301,"column":86},"end":{"line":309,"column":5}},"line":301},"19":{"name":"(anonymous_19)","decl":{"start":{"line":318,"column":31},"end":{"line":318,"column":32}},"loc":{"start":{"line":318,"column":45},"end":{"line":329,"column":1}},"line":318},"20":{"name":"(anonymous_20)","decl":{"start":{"line":320,"column":95},"end":{"line":320,"column":96}},"loc":{"start":{"line":320,"column":117},"end":{"line":328,"column":5}},"line":320},"21":{"name":"(anonymous_21)","decl":{"start":{"line":337,"column":28},"end":{"line":337,"column":29}},"loc":{"start":{"line":337,"column":48},"end":{"line":346,"column":1}},"line":337},"22":{"name":"(anonymous_22)","decl":{"start":{"line":338,"column":96},"end":{"line":338,"column":97}},"loc":{"start":{"line":338,"column":112},"end":{"line":345,"column":5}},"line":338},"23":{"name":"(anonymous_23)","decl":{"start":{"line":355,"column":24},"end":{"line":355,"column":25}},"loc":{"start":{"line":355,"column":44},"end":{"line":394,"column":1}},"line":355},"24":{"name":"(anonymous_24)","decl":{"start":{"line":359,"column":60},"end":{"line":359,"column":61}},"loc":{"start":{"line":359,"column":77},"end":{"line":393,"column":5}},"line":359},"25":{"name":"(anonymous_25)","decl":{"start":{"line":367,"column":70},"end":{"line":367,"column":71}},"loc":{"start":{"line":368,"column":12},"end":{"line":390,"column":13}},"line":368},"26":{"name":"(anonymous_26)","decl":{"start":{"line":373,"column":58},"end":{"line":373,"column":59}},"loc":{"start":{"line":374,"column":20},"end":{"line":387,"column":21}},"line":374},"27":{"name":"(anonymous_27)","decl":{"start":{"line":380,"column":32},"end":{"line":380,"column":33}},"loc":{"start":{"line":380,"column":49},"end":{"line":385,"column":29}},"line":380},"28":{"name":"(anonymous_28)","decl":{"start":{"line":401,"column":33},"end":{"line":401,"column":34}},"loc":{"start":{"line":401,"column":47},"end":{"line":412,"column":1}},"line":401},"29":{"name":"(anonymous_29)","decl":{"start":{"line":402,"column":55},"end":{"line":402,"column":56}},"loc":{"start":{"line":402,"column":72},"end":{"line":410,"column":5}},"line":402},"30":{"name":"(anonymous_30)","decl":{"start":{"line":420,"column":29},"end":{"line":420,"column":30}},"loc":{"start":{"line":420,"column":43},"end":{"line":455,"column":1}},"line":420},"31":{"name":"(anonymous_31)","decl":{"start":{"line":423,"column":51},"end":{"line":423,"column":52}},"loc":{"start":{"line":423,"column":68},"end":{"line":454,"column":5}},"line":423},"32":{"name":"(anonymous_32)","decl":{"start":{"line":436,"column":58},"end":{"line":436,"column":59}},"loc":{"start":{"line":436,"column":70},"end":{"line":448,"column":17}},"line":436},"33":{"name":"(anonymous_33)","decl":{"start":{"line":463,"column":22},"end":{"line":463,"column":23}},"loc":{"start":{"line":463,"column":36},"end":{"line":491,"column":1}},"line":463},"34":{"name":"(anonymous_34)","decl":{"start":{"line":464,"column":78},"end":{"line":464,"column":79}},"loc":{"start":{"line":464,"column":95},"end":{"line":490,"column":5}},"line":464},"35":{"name":"(anonymous_35)","decl":{"start":{"line":481,"column":125},"end":{"line":481,"column":126}},"loc":{"start":{"line":481,"column":142},"end":{"line":487,"column":17}},"line":481},"36":{"name":"(anonymous_36)","decl":{"start":{"line":502,"column":25},"end":{"line":502,"column":26}},"loc":{"start":{"line":502,"column":39},"end":{"line":546,"column":1}},"line":502},"37":{"name":"(anonymous_37)","decl":{"start":{"line":510,"column":55},"end":{"line":510,"column":56}},"loc":{"start":{"line":510,"column":72},"end":{"line":543,"column":5}},"line":510},"38":{"name":"(anonymous_38)","decl":{"start":{"line":517,"column":51},"end":{"line":517,"column":52}},"loc":{"start":{"line":518,"column":12},"end":{"line":540,"column":13}},"line":518},"39":{"name":"(anonymous_39)","decl":{"start":{"line":532,"column":28},"end":{"line":532,"column":29}},"loc":{"start":{"line":532,"column":45},"end":{"line":537,"column":25}},"line":532},"40":{"name":"(anonymous_40)","decl":{"start":{"line":557,"column":28},"end":{"line":557,"column":29}},"loc":{"start":{"line":557,"column":42},"end":{"line":601,"column":1}},"line":557},"41":{"name":"(anonymous_41)","decl":{"start":{"line":565,"column":55},"end":{"line":565,"column":56}},"loc":{"start":{"line":565,"column":72},"end":{"line":599,"column":5}},"line":565},"42":{"name":"(anonymous_42)","decl":{"start":{"line":573,"column":51},"end":{"line":573,"column":52}},"loc":{"start":{"line":574,"column":12},"end":{"line":595,"column":13}},"line":574},"43":{"name":"(anonymous_43)","decl":{"start":{"line":585,"column":24},"end":{"line":585,"column":25}},"loc":{"start":{"line":585,"column":41},"end":{"line":590,"column":21}},"line":585}},"branchMap":{"0":{"loc":{"start":{"line":44,"column":8},"end":{"line":58,"column":9}},"type":"if","locations":[{"start":{"line":44,"column":8},"end":{"line":58,"column":9}},{"start":{"line":44,"column":8},"end":{"line":58,"column":9}}],"line":44},"1":{"loc":{"start":{"line":47,"column":13},"end":{"line":58,"column":9}},"type":"if","locations":[{"start":{"line":47,"column":13},"end":{"line":58,"column":9}},{"start":{"line":47,"column":13},"end":{"line":58,"column":9}}],"line":47},"2":{"loc":{"start":{"line":54,"column":12},"end":{"line":55,"column":50}},"type":"if","locations":[{"start":{"line":54,"column":12},"end":{"line":55,"column":50}},{"start":{"line":54,"column":12},"end":{"line":55,"column":50}}],"line":54},"3":{"loc":{"start":{"line":72,"column":4},"end":{"line":111,"column":5}},"type":"if","locations":[{"start":{"line":72,"column":4},"end":{"line":111,"column":5}},{"start":{"line":72,"column":4},"end":{"line":111,"column":5}}],"line":72},"4":{"loc":{"start":{"line":72,"column":10},"end":{"line":72,"column":108}},"type":"binary-expr","locations":[{"start":{"line":72,"column":10},"end":{"line":72,"column":23}},{"start":{"line":72,"column":28},"end":{"line":72,"column":44}},{"start":{"line":72,"column":48},"end":{"line":72,"column":62}},{"start":{"line":72,"column":66},"end":{"line":72,"column":83}},{"start":{"line":72,"column":87},"end":{"line":72,"column":108}}],"line":72},"5":{"loc":{"start":{"line":76,"column":9},"end":{"line":111,"column":5}},"type":"if","locations":[{"start":{"line":76,"column":9},"end":{"line":111,"column":5}},{"start":{"line":76,"column":9},"end":{"line":111,"column":5}}],"line":76},"6":{"loc":{"start":{"line":81,"column":16},"end":{"line":81,"column":97}},"type":"if","locations":[{"start":{"line":81,"column":16},"end":{"line":81,"column":97}},{"start":{"line":81,"column":16},"end":{"line":81,"column":97}}],"line":81},"7":{"loc":{"start":{"line":83,"column":16},"end":{"line":108,"column":17}},"type":"if","locations":[{"start":{"line":83,"column":16},"end":{"line":108,"column":17}},{"start":{"line":83,"column":16},"end":{"line":108,"column":17}}],"line":83},"8":{"loc":{"start":{"line":97,"column":24},"end":{"line":105,"column":25}},"type":"if","locations":[{"start":{"line":97,"column":24},"end":{"line":105,"column":25}},{"start":{"line":97,"column":24},"end":{"line":105,"column":25}}],"line":97},"9":{"loc":{"start":{"line":101,"column":28},"end":{"line":104,"column":104}},"type":"if","locations":[{"start":{"line":101,"column":28},"end":{"line":104,"column":104}},{"start":{"line":101,"column":28},"end":{"line":104,"column":104}}],"line":101},"10":{"loc":{"start":{"line":142,"column":8},"end":{"line":147,"column":88}},"type":"if","locations":[{"start":{"line":142,"column":8},"end":{"line":147,"column":88}},{"start":{"line":142,"column":8},"end":{"line":147,"column":88}}],"line":142},"11":{"loc":{"start":{"line":144,"column":13},"end":{"line":147,"column":88}},"type":"if","locations":[{"start":{"line":144,"column":13},"end":{"line":147,"column":88}},{"start":{"line":144,"column":13},"end":{"line":147,"column":88}}],"line":144},"12":{"loc":{"start":{"line":160,"column":8},"end":{"line":189,"column":9}},"type":"if","locations":[{"start":{"line":160,"column":8},"end":{"line":189,"column":9}},{"start":{"line":160,"column":8},"end":{"line":189,"column":9}}],"line":160},"13":{"loc":{"start":{"line":162,"column":13},"end":{"line":189,"column":9}},"type":"if","locations":[{"start":{"line":162,"column":13},"end":{"line":189,"column":9}},{"start":{"line":162,"column":13},"end":{"line":189,"column":9}}],"line":162},"14":{"loc":{"start":{"line":174,"column":21},"end":{"line":186,"column":21}},"type":"if","locations":[{"start":{"line":174,"column":21},"end":{"line":186,"column":21}},{"start":{"line":174,"column":21},"end":{"line":186,"column":21}}],"line":174},"15":{"loc":{"start":{"line":177,"column":25},"end":{"line":186,"column":21}},"type":"if","locations":[{"start":{"line":177,"column":25},"end":{"line":186,"column":21}},{"start":{"line":177,"column":25},"end":{"line":186,"column":21}}],"line":177},"16":{"loc":{"start":{"line":182,"column":24},"end":{"line":185,"column":25}},"type":"if","locations":[{"start":{"line":182,"column":24},"end":{"line":185,"column":25}},{"start":{"line":182,"column":24},"end":{"line":185,"column":25}}],"line":182},"17":{"loc":{"start":{"line":203,"column":8},"end":{"line":214,"column":9}},"type":"if","locations":[{"start":{"line":203,"column":8},"end":{"line":214,"column":9}},{"start":{"line":203,"column":8},"end":{"line":214,"column":9}}],"line":203},"18":{"loc":{"start":{"line":205,"column":13},"end":{"line":214,"column":9}},"type":"if","locations":[{"start":{"line":205,"column":13},"end":{"line":214,"column":9}},{"start":{"line":205,"column":13},"end":{"line":214,"column":9}}],"line":205},"19":{"loc":{"start":{"line":227,"column":4},"end":{"line":228,"column":34}},"type":"if","locations":[{"start":{"line":227,"column":4},"end":{"line":228,"column":34}},{"start":{"line":227,"column":4},"end":{"line":228,"column":34}}],"line":227},"20":{"loc":{"start":{"line":230,"column":4},"end":{"line":288,"column":5}},"type":"if","locations":[{"start":{"line":230,"column":4},"end":{"line":288,"column":5}},{"start":{"line":230,"column":4},"end":{"line":288,"column":5}}],"line":230},"21":{"loc":{"start":{"line":233,"column":12},"end":{"line":256,"column":13}},"type":"if","locations":[{"start":{"line":233,"column":12},"end":{"line":256,"column":13}},{"start":{"line":233,"column":12},"end":{"line":256,"column":13}}],"line":233},"22":{"loc":{"start":{"line":235,"column":17},"end":{"line":256,"column":13}},"type":"if","locations":[{"start":{"line":235,"column":17},"end":{"line":256,"column":13}},{"start":{"line":235,"column":17},"end":{"line":256,"column":13}}],"line":235},"23":{"loc":{"start":{"line":244,"column":24},"end":{"line":248,"column":200}},"type":"if","locations":[{"start":{"line":244,"column":24},"end":{"line":248,"column":200}},{"start":{"line":244,"column":24},"end":{"line":248,"column":200}}],"line":244},"24":{"loc":{"start":{"line":250,"column":24},"end":{"line":251,"column":69}},"type":"if","locations":[{"start":{"line":250,"column":24},"end":{"line":251,"column":69}},{"start":{"line":250,"column":24},"end":{"line":251,"column":69}}],"line":250},"25":{"loc":{"start":{"line":262,"column":12},"end":{"line":286,"column":13}},"type":"if","locations":[{"start":{"line":262,"column":12},"end":{"line":286,"column":13}},{"start":{"line":262,"column":12},"end":{"line":286,"column":13}}],"line":262},"26":{"loc":{"start":{"line":264,"column":17},"end":{"line":286,"column":13}},"type":"if","locations":[{"start":{"line":264,"column":17},"end":{"line":286,"column":13}},{"start":{"line":264,"column":17},"end":{"line":286,"column":13}}],"line":264},"27":{"loc":{"start":{"line":273,"column":24},"end":{"line":277,"column":195}},"type":"if","locations":[{"start":{"line":273,"column":24},"end":{"line":277,"column":195}},{"start":{"line":273,"column":24},"end":{"line":277,"column":195}}],"line":273},"28":{"loc":{"start":{"line":279,"column":24},"end":{"line":280,"column":69}},"type":"if","locations":[{"start":{"line":279,"column":24},"end":{"line":280,"column":69}},{"start":{"line":279,"column":24},"end":{"line":280,"column":69}}],"line":279},"29":{"loc":{"start":{"line":298,"column":4},"end":{"line":299,"column":67}},"type":"if","locations":[{"start":{"line":298,"column":4},"end":{"line":299,"column":67}},{"start":{"line":298,"column":4},"end":{"line":299,"column":67}}],"line":298},"30":{"loc":{"start":{"line":302,"column":8},"end":{"line":307,"column":73}},"type":"if","locations":[{"start":{"line":302,"column":8},"end":{"line":307,"column":73}},{"start":{"line":302,"column":8},"end":{"line":307,"column":73}}],"line":302},"31":{"loc":{"start":{"line":304,"column":13},"end":{"line":307,"column":73}},"type":"if","locations":[{"start":{"line":304,"column":13},"end":{"line":307,"column":73}},{"start":{"line":304,"column":13},"end":{"line":307,"column":73}}],"line":304},"32":{"loc":{"start":{"line":321,"column":8},"end":{"line":326,"column":93}},"type":"if","locations":[{"start":{"line":321,"column":8},"end":{"line":326,"column":93}},{"start":{"line":321,"column":8},"end":{"line":326,"column":93}}],"line":321},"33":{"loc":{"start":{"line":323,"column":13},"end":{"line":326,"column":93}},"type":"if","locations":[{"start":{"line":323,"column":13},"end":{"line":326,"column":93}},{"start":{"line":323,"column":13},"end":{"line":326,"column":93}}],"line":323},"34":{"loc":{"start":{"line":339,"column":8},"end":{"line":343,"column":13}},"type":"if","locations":[{"start":{"line":339,"column":8},"end":{"line":343,"column":13}},{"start":{"line":339,"column":8},"end":{"line":343,"column":13}}],"line":339},"35":{"loc":{"start":{"line":341,"column":13},"end":{"line":343,"column":13}},"type":"if","locations":[{"start":{"line":341,"column":13},"end":{"line":343,"column":13}},{"start":{"line":341,"column":13},"end":{"line":343,"column":13}}],"line":341},"36":{"loc":{"start":{"line":356,"column":4},"end":{"line":357,"column":67}},"type":"if","locations":[{"start":{"line":356,"column":4},"end":{"line":357,"column":67}},{"start":{"line":356,"column":4},"end":{"line":357,"column":67}}],"line":356},"37":{"loc":{"start":{"line":360,"column":8},"end":{"line":391,"column":9}},"type":"if","locations":[{"start":{"line":360,"column":8},"end":{"line":391,"column":9}},{"start":{"line":360,"column":8},"end":{"line":391,"column":9}}],"line":360},"38":{"loc":{"start":{"line":362,"column":13},"end":{"line":391,"column":9}},"type":"if","locations":[{"start":{"line":362,"column":13},"end":{"line":391,"column":9}},{"start":{"line":362,"column":13},"end":{"line":391,"column":9}}],"line":362},"39":{"loc":{"start":{"line":369,"column":16},"end":{"line":389,"column":17}},"type":"if","locations":[{"start":{"line":369,"column":16},"end":{"line":389,"column":17}},{"start":{"line":369,"column":16},"end":{"line":389,"column":17}}],"line":369},"40":{"loc":{"start":{"line":375,"column":24},"end":{"line":386,"column":25}},"type":"if","locations":[{"start":{"line":375,"column":24},"end":{"line":386,"column":25}},{"start":{"line":375,"column":24},"end":{"line":386,"column":25}}],"line":375},"41":{"loc":{"start":{"line":381,"column":32},"end":{"line":384,"column":91}},"type":"if","locations":[{"start":{"line":381,"column":32},"end":{"line":384,"column":91}},{"start":{"line":381,"column":32},"end":{"line":384,"column":91}}],"line":381},"42":{"loc":{"start":{"line":403,"column":8},"end":{"line":408,"column":79}},"type":"if","locations":[{"start":{"line":403,"column":8},"end":{"line":408,"column":79}},{"start":{"line":403,"column":8},"end":{"line":408,"column":79}}],"line":403},"43":{"loc":{"start":{"line":405,"column":13},"end":{"line":408,"column":79}},"type":"if","locations":[{"start":{"line":405,"column":13},"end":{"line":408,"column":79}},{"start":{"line":405,"column":13},"end":{"line":408,"column":79}}],"line":405},"44":{"loc":{"start":{"line":424,"column":8},"end":{"line":453,"column":9}},"type":"if","locations":[{"start":{"line":424,"column":8},"end":{"line":453,"column":9}},{"start":{"line":424,"column":8},"end":{"line":453,"column":9}}],"line":424},"45":{"loc":{"start":{"line":426,"column":13},"end":{"line":453,"column":9}},"type":"if","locations":[{"start":{"line":426,"column":13},"end":{"line":453,"column":9}},{"start":{"line":426,"column":13},"end":{"line":453,"column":9}}],"line":426},"46":{"loc":{"start":{"line":431,"column":12},"end":{"line":432,"column":97}},"type":"if","locations":[{"start":{"line":431,"column":12},"end":{"line":432,"column":97}},{"start":{"line":431,"column":12},"end":{"line":432,"column":97}}],"line":431},"47":{"loc":{"start":{"line":438,"column":20},"end":{"line":442,"column":49}},"type":"if","locations":[{"start":{"line":438,"column":20},"end":{"line":442,"column":49}},{"start":{"line":438,"column":20},"end":{"line":442,"column":49}}],"line":438},"48":{"loc":{"start":{"line":441,"column":25},"end":{"line":442,"column":49}},"type":"if","locations":[{"start":{"line":441,"column":25},"end":{"line":442,"column":49}},{"start":{"line":441,"column":25},"end":{"line":442,"column":49}}],"line":441},"49":{"loc":{"start":{"line":444,"column":20},"end":{"line":447,"column":21}},"type":"if","locations":[{"start":{"line":444,"column":20},"end":{"line":447,"column":21}},{"start":{"line":444,"column":20},"end":{"line":447,"column":21}}],"line":444},"50":{"loc":{"start":{"line":465,"column":8},"end":{"line":489,"column":9}},"type":"if","locations":[{"start":{"line":465,"column":8},"end":{"line":489,"column":9}},{"start":{"line":465,"column":8},"end":{"line":489,"column":9}}],"line":465},"51":{"loc":{"start":{"line":467,"column":13},"end":{"line":489,"column":9}},"type":"if","locations":[{"start":{"line":467,"column":13},"end":{"line":489,"column":9}},{"start":{"line":467,"column":13},"end":{"line":489,"column":9}}],"line":467},"52":{"loc":{"start":{"line":471,"column":12},"end":{"line":472,"column":45}},"type":"if","locations":[{"start":{"line":471,"column":12},"end":{"line":472,"column":45}},{"start":{"line":471,"column":12},"end":{"line":472,"column":45}}],"line":471},"53":{"loc":{"start":{"line":474,"column":12},"end":{"line":475,"column":47}},"type":"if","locations":[{"start":{"line":474,"column":12},"end":{"line":475,"column":47}},{"start":{"line":474,"column":12},"end":{"line":475,"column":47}}],"line":474},"54":{"loc":{"start":{"line":477,"column":12},"end":{"line":478,"column":51}},"type":"if","locations":[{"start":{"line":477,"column":12},"end":{"line":478,"column":51}},{"start":{"line":477,"column":12},"end":{"line":478,"column":51}}],"line":477},"55":{"loc":{"start":{"line":482,"column":20},"end":{"line":485,"column":92}},"type":"if","locations":[{"start":{"line":482,"column":20},"end":{"line":485,"column":92}},{"start":{"line":482,"column":20},"end":{"line":485,"column":92}}],"line":482},"56":{"loc":{"start":{"line":504,"column":4},"end":{"line":505,"column":67}},"type":"if","locations":[{"start":{"line":504,"column":4},"end":{"line":505,"column":67}},{"start":{"line":504,"column":4},"end":{"line":505,"column":67}}],"line":504},"57":{"loc":{"start":{"line":507,"column":4},"end":{"line":508,"column":64}},"type":"if","locations":[{"start":{"line":507,"column":4},"end":{"line":508,"column":64}},{"start":{"line":507,"column":4},"end":{"line":508,"column":64}}],"line":507},"58":{"loc":{"start":{"line":511,"column":8},"end":{"line":542,"column":9}},"type":"if","locations":[{"start":{"line":511,"column":8},"end":{"line":542,"column":9}},{"start":{"line":511,"column":8},"end":{"line":542,"column":9}}],"line":511},"59":{"loc":{"start":{"line":513,"column":13},"end":{"line":542,"column":9}},"type":"if","locations":[{"start":{"line":513,"column":13},"end":{"line":542,"column":9}},{"start":{"line":513,"column":13},"end":{"line":542,"column":9}}],"line":513},"60":{"loc":{"start":{"line":519,"column":20},"end":{"line":539,"column":17}},"type":"if","locations":[{"start":{"line":519,"column":20},"end":{"line":539,"column":17}},{"start":{"line":519,"column":20},"end":{"line":539,"column":17}}],"line":519},"61":{"loc":{"start":{"line":522,"column":21},"end":{"line":539,"column":17}},"type":"if","locations":[{"start":{"line":522,"column":21},"end":{"line":539,"column":17}},{"start":{"line":522,"column":21},"end":{"line":539,"column":17}}],"line":522},"62":{"loc":{"start":{"line":526,"column":20},"end":{"line":538,"column":21}},"type":"if","locations":[{"start":{"line":526,"column":20},"end":{"line":538,"column":21}},{"start":{"line":526,"column":20},"end":{"line":538,"column":21}}],"line":526},"63":{"loc":{"start":{"line":533,"column":28},"end":{"line":536,"column":99}},"type":"if","locations":[{"start":{"line":533,"column":28},"end":{"line":536,"column":99}},{"start":{"line":533,"column":28},"end":{"line":536,"column":99}}],"line":533},"64":{"loc":{"start":{"line":559,"column":4},"end":{"line":560,"column":67}},"type":"if","locations":[{"start":{"line":559,"column":4},"end":{"line":560,"column":67}},{"start":{"line":559,"column":4},"end":{"line":560,"column":67}}],"line":559},"65":{"loc":{"start":{"line":562,"column":4},"end":{"line":563,"column":64}},"type":"if","locations":[{"start":{"line":562,"column":4},"end":{"line":563,"column":64}},{"start":{"line":562,"column":4},"end":{"line":563,"column":64}}],"line":562},"66":{"loc":{"start":{"line":566,"column":8},"end":{"line":597,"column":9}},"type":"if","locations":[{"start":{"line":566,"column":8},"end":{"line":597,"column":9}},{"start":{"line":566,"column":8},"end":{"line":597,"column":9}}],"line":566},"67":{"loc":{"start":{"line":568,"column":13},"end":{"line":597,"column":9}},"type":"if","locations":[{"start":{"line":568,"column":13},"end":{"line":597,"column":9}},{"start":{"line":568,"column":13},"end":{"line":597,"column":9}}],"line":568},"68":{"loc":{"start":{"line":575,"column":16},"end":{"line":594,"column":13}},"type":"if","locations":[{"start":{"line":575,"column":16},"end":{"line":594,"column":13}},{"start":{"line":575,"column":16},"end":{"line":594,"column":13}}],"line":575},"69":{"loc":{"start":{"line":578,"column":17},"end":{"line":594,"column":13}},"type":"if","locations":[{"start":{"line":578,"column":17},"end":{"line":594,"column":13}},{"start":{"line":578,"column":17},"end":{"line":594,"column":13}}],"line":578},"70":{"loc":{"start":{"line":582,"column":16},"end":{"line":593,"column":94}},"type":"if","locations":[{"start":{"line":582,"column":16},"end":{"line":593,"column":94}},{"start":{"line":582,"column":16},"end":{"line":593,"column":94}}],"line":582},"71":{"loc":{"start":{"line":586,"column":24},"end":{"line":589,"column":97}},"type":"if","locations":[{"start":{"line":586,"column":24},"end":{"line":589,"column":97}},{"start":{"line":586,"column":24},"end":{"line":589,"column":97}}],"line":586}},"s":{"0":1,"1":1,"2":1,"3":1,"4":1,"5":1,"6":1,"7":0,"8":0,"9":0,"10":0,"11":0,"12":0,"13":0,"14":0,"15":1,"16":0,"17":0,"18":0,"19":0,"20":0,"21":0,"22":0,"23":0,"24":0,"25":0,"26":0,"27":0,"28":0,"29":0,"30":0,"31":0,"32":0,"33":0,"34":0,"35":0,"36":0,"37":0,"38":0,"39":0,"40":1,"41":0,"42":0,"43":0,"44":0,"45":0,"46":0,"47":1,"48":0,"49":0,"50":0,"51":0,"52":0,"53":0,"54":0,"55":0,"56":0,"57":0,"58":0,"59":0,"60":0,"61":0,"62":0,"63":0,"64":0,"65":1,"66":0,"67":0,"68":0,"69":0,"70":0,"71":0,"72":0,"73":0,"74":0,"75":0,"76":1,"77":0,"78":0,"79":0,"80":0,"81":0,"82":0,"83":0,"84":0,"85":0,"86":0,"87":0,"88":0,"89":0,"90":0,"91":0,"92":0,"93":0,"94":0,"95":0,"96":0,"97":0,"98":0,"99":0,"100":0,"101":0,"102":0,"103":0,"104":0,"105":0,"106":0,"107":0,"108":1,"109":0,"110":0,"111":0,"112":0,"113":0,"114":0,"115":0,"116":0,"117":1,"118":0,"119":0,"120":0,"121":0,"122":0,"123":0,"124":1,"125":0,"126":0,"127":0,"128":0,"129":0,"130":0,"131":1,"132":0,"133":0,"134":0,"135":0,"136":0,"137":0,"138":0,"139":0,"140":0,"141":0,"142":0,"143":0,"144":0,"145":0,"146":0,"147":0,"148":0,"149":1,"150":0,"151":0,"152":0,"153":0,"154":0,"155":0,"156":1,"157":0,"158":0,"159":0,"160":0,"161":0,"162":0,"163":0,"164":0,"165":0,"166":0,"167":0,"168":0,"169":0,"170":0,"171":0,"172":0,"173":0,"174":0,"175":1,"176":0,"177":0,"178":0,"179":0,"180":0,"181":0,"182":0,"183":0,"184":0,"185":0,"186":0,"187":0,"188":0,"189":0,"190":0,"191":1,"192":0,"193":0,"194":0,"195":0,"196":0,"197":0,"198":0,"199":0,"200":0,"201":0,"202":0,"203":0,"204":0,"205":0,"206":0,"207":0,"208":0,"209":0,"210":0,"211":0,"212":1,"213":0,"214":0,"215":0,"216":0,"217":0,"218":0,"219":0,"220":0,"221":0,"222":0,"223":0,"224":0,"225":0,"226":0,"227":0,"228":0,"229":0,"230":0,"231":0,"232":0},"f":{"0":0,"1":0,"2":0,"3":0,"4":0,"5":0,"6":0,"7":0,"8":0,"9":0,"10":0,"11":0,"12":0,"13":0,"14":0,"15":0,"16":0,"17":0,"18":0,"19":0,"20":0,"21":0,"22":0,"23":0,"24":0,"25":0,"26":0,"27":0,"28":0,"29":0,"30":0,"31":0,"32":0,"33":0,"34":0,"35":0,"36":0,"37":0,"38":0,"39":0,"40":0,"41":0,"42":0,"43":0},"b":{"0":[0,0],"1":[0,0],"2":[0,0],"3":[0,0],"4":[0,0,0,0,0],"5":[0,0],"6":[0,0],"7":[0,0],"8":[0,0],"9":[0,0],"10":[0,0],"11":[0,0],"12":[0,0],"13":[0,0],"14":[0,0],"15":[0,0],"16":[0,0],"17":[0,0],"18":[0,0],"19":[0,0],"20":[0,0],"21":[0,0],"22":[0,0],"23":[0,0],"24":[0,0],"25":[0,0],"26":[0,0],"27":[0,0],"28":[0,0],"29":[0,0],"30":[0,0],"31":[0,0],"32":[0,0],"33":[0,0],"34":[0,0],"35":[0,0],"36":[0,0],"37":[0,0],"38":[0,0],"39":[0,0],"40":[0,0],"41":[0,0],"42":[0,0],"43":[0,0],"44":[0,0],"45":[0,0],"46":[0,0],"47":[0,0],"48":[0,0],"49":[0,0],"50":[0,0],"51":[0,0],"52":[0,0],"53":[0,0],"54":[0,0],"55":[0,0],"56":[0,0],"57":[0,0],"58":[0,0],"59":[0,0],"60":[0,0],"61":[0,0],"62":[0,0],"63":[0,0],"64":[0,0],"65":[0,0],"66":[0,0],"67":[0,0],"68":[0,0],"69":[0,0],"70":[0,0],"71":[0,0]},"_coverageSchema":"1a1c01bbd47fc00a2c39e90264f33305004495a9","hash":"1e2019c6a4f3751b19c70a630c5dd68fc9cf0bd6","contentHash":"1726e9c5f409ff0689ef3347889deda1ebf7dfd3c451c70a1f68cfc2bd3f6ba6"},"C:\\Users\\User\\latest smart\\Smart-Time-And-Attendance-Tracker\\STAT-server\\helpers\\role.helper.js":{"path":"C:\\Users\\User\\latest smart\\Smart-Time-And-Attendance-Tracker\\STAT-server\\helpers\\role.helper.js","statementMap":{"0":{"start":{"line":24,"column":17},"end":{"line":24,"column":36}},"1":{"start":{"line":25,"column":18},"end":{"line":25,"column":40}},"2":{"start":{"line":33,"column":0},"end":{"line":43,"column":1}},"3":{"start":{"line":34,"column":4},"end":{"line":42,"column":7}},"4":{"start":{"line":35,"column":8},"end":{"line":40,"column":35}},"5":{"start":{"line":36,"column":12},"end":{"line":36,"column":22}},"6":{"start":{"line":37,"column":13},"end":{"line":40,"column":35}},"7":{"start":{"line":38,"column":12},"end":{"line":38,"column":29}},"8":{"start":{"line":39,"column":13},"end":{"line":40,"column":35}},"9":{"start":{"line":40,"column":11},"end":{"line":40,"column":35}},"10":{"start":{"line":45,"column":0},"end":{"line":65,"column":1}},"11":{"start":{"line":46,"column":16},"end":{"line":46,"column":18}},"12":{"start":{"line":47,"column":19},"end":{"line":47,"column":35}},"13":{"start":{"line":48,"column":16},"end":{"line":48,"column":23}},"14":{"start":{"line":49,"column":4},"end":{"line":63,"column":5}},"15":{"start":{"line":51,"column":8},"end":{"line":62,"column":11}},"16":{"start":{"line":52,"column":12},"end":{"line":57,"column":32}},"17":{"start":{"line":53,"column":16},"end":{"line":53,"column":26}},"18":{"start":{"line":54,"column":17},"end":{"line":57,"column":32}},"19":{"start":{"line":55,"column":16},"end":{"line":55,"column":40}},"20":{"start":{"line":56,"column":17},"end":{"line":57,"column":32}},"21":{"start":{"line":57,"column":16},"end":{"line":57,"column":32}},"22":{"start":{"line":59,"column":12},"end":{"line":60,"column":39}},"23":{"start":{"line":60,"column":15},"end":{"line":60,"column":39}},"24":{"start":{"line":73,"column":1},"end":{"line":83,"column":1}},"25":{"start":{"line":74,"column":4},"end":{"line":82,"column":7}},"26":{"start":{"line":75,"column":8},"end":{"line":80,"column":33}},"27":{"start":{"line":76,"column":12},"end":{"line":76,"column":22}},"28":{"start":{"line":77,"column":13},"end":{"line":80,"column":33}},"29":{"start":{"line":78,"column":12},"end":{"line":78,"column":29}},"30":{"start":{"line":79,"column":13},"end":{"line":80,"column":33}},"31":{"start":{"line":80,"column":11},"end":{"line":80,"column":33}}},"fnMap":{"0":{"name":"(anonymous_0)","decl":{"start":{"line":33,"column":25},"end":{"line":33,"column":26}},"loc":{"start":{"line":33,"column":37},"end":{"line":43,"column":1}},"line":33},"1":{"name":"(anonymous_1)","decl":{"start":{"line":34,"column":31},"end":{"line":34,"column":32}},"loc":{"start":{"line":34,"column":48},"end":{"line":42,"column":5}},"line":34},"2":{"name":"(anonymous_2)","decl":{"start":{"line":45,"column":26},"end":{"line":45,"column":27}},"loc":{"start":{"line":45,"column":40},"end":{"line":65,"column":1}},"line":45},"3":{"name":"(anonymous_3)","decl":{"start":{"line":51,"column":45},"end":{"line":51,"column":46}},"loc":{"start":{"line":51,"column":62},"end":{"line":62,"column":9}},"line":51},"4":{"name":"(anonymous_4)","decl":{"start":{"line":73,"column":28},"end":{"line":73,"column":29}},"loc":{"start":{"line":73,"column":42},"end":{"line":83,"column":1}},"line":73},"5":{"name":"(anonymous_5)","decl":{"start":{"line":74,"column":35},"end":{"line":74,"column":36}},"loc":{"start":{"line":74,"column":52},"end":{"line":82,"column":5}},"line":74}},"branchMap":{"0":{"loc":{"start":{"line":35,"column":8},"end":{"line":40,"column":35}},"type":"if","locations":[{"start":{"line":35,"column":8},"end":{"line":40,"column":35}},{"start":{"line":35,"column":8},"end":{"line":40,"column":35}}],"line":35},"1":{"loc":{"start":{"line":37,"column":13},"end":{"line":40,"column":35}},"type":"if","locations":[{"start":{"line":37,"column":13},"end":{"line":40,"column":35}},{"start":{"line":37,"column":13},"end":{"line":40,"column":35}}],"line":37},"2":{"loc":{"start":{"line":39,"column":13},"end":{"line":40,"column":35}},"type":"if","locations":[{"start":{"line":39,"column":13},"end":{"line":40,"column":35}},{"start":{"line":39,"column":13},"end":{"line":40,"column":35}}],"line":39},"3":{"loc":{"start":{"line":52,"column":12},"end":{"line":57,"column":32}},"type":"if","locations":[{"start":{"line":52,"column":12},"end":{"line":57,"column":32}},{"start":{"line":52,"column":12},"end":{"line":57,"column":32}}],"line":52},"4":{"loc":{"start":{"line":54,"column":17},"end":{"line":57,"column":32}},"type":"if","locations":[{"start":{"line":54,"column":17},"end":{"line":57,"column":32}},{"start":{"line":54,"column":17},"end":{"line":57,"column":32}}],"line":54},"5":{"loc":{"start":{"line":56,"column":17},"end":{"line":57,"column":32}},"type":"if","locations":[{"start":{"line":56,"column":17},"end":{"line":57,"column":32}},{"start":{"line":56,"column":17},"end":{"line":57,"column":32}}],"line":56},"6":{"loc":{"start":{"line":59,"column":12},"end":{"line":60,"column":39}},"type":"if","locations":[{"start":{"line":59,"column":12},"end":{"line":60,"column":39}},{"start":{"line":59,"column":12},"end":{"line":60,"column":39}}],"line":59},"7":{"loc":{"start":{"line":75,"column":8},"end":{"line":80,"column":33}},"type":"if","locations":[{"start":{"line":75,"column":8},"end":{"line":80,"column":33}},{"start":{"line":75,"column":8},"end":{"line":80,"column":33}}],"line":75},"8":{"loc":{"start":{"line":77,"column":13},"end":{"line":80,"column":33}},"type":"if","locations":[{"start":{"line":77,"column":13},"end":{"line":80,"column":33}},{"start":{"line":77,"column":13},"end":{"line":80,"column":33}}],"line":77},"9":{"loc":{"start":{"line":79,"column":13},"end":{"line":80,"column":33}},"type":"if","locations":[{"start":{"line":79,"column":13},"end":{"line":80,"column":33}},{"start":{"line":79,"column":13},"end":{"line":80,"column":33}}],"line":79}},"s":{"0":1,"1":1,"2":1,"3":0,"4":0,"5":0,"6":0,"7":0,"8":0,"9":0,"10":1,"11":0,"12":0,"13":0,"14":0,"15":0,"16":0,"17":0,"18":0,"19":0,"20":0,"21":0,"22":0,"23":0,"24":1,"25":0,"26":0,"27":0,"28":0,"29":0,"30":0,"31":0},"f":{"0":0,"1":0,"2":0,"3":0,"4":0,"5":0},"b":{"0":[0,0],"1":[0,0],"2":[0,0],"3":[0,0],"4":[0,0],"5":[0,0],"6":[0,0],"7":[0,0],"8":[0,0],"9":[0,0]},"_coverageSchema":"1a1c01bbd47fc00a2c39e90264f33305004495a9","hash":"8b4b369e81197bc9b052537a952a51a663fba905","contentHash":"2a750b620713850ead4740c8376736bc4a6fa79b9ed912339357f446445d43a6"},"C:\\Users\\User\\latest smart\\Smart-Time-And-Attendance-Tracker\\STAT-server\\helpers\\team.helper.js":{"path":"C:\\Users\\User\\latest smart\\Smart-Time-And-Attendance-Tracker\\STAT-server\\helpers\\team.helper.js","statementMap":{"0":{"start":{"line":24,"column":17},"end":{"line":24,"column":36}},"1":{"start":{"line":25,"column":18},"end":{"line":25,"column":41}},"2":{"start":{"line":26,"column":21},"end":{"line":26,"column":57}},"3":{"start":{"line":34,"column":0},"end":{"line":50,"column":2}},"4":{"start":{"line":36,"column":4},"end":{"line":49,"column":7}},"5":{"start":{"line":37,"column":8},"end":{"line":48,"column":9}},"6":{"start":{"line":38,"column":12},"end":{"line":38,"column":22}},"7":{"start":{"line":41
[...]
"47":0,"48":0,"49":0,"50":0,"51":0,"52":0,"53":0,"54":0,"55":0,"56":0,"57":0,"58":0,"59":0,"60":0,"61":0,"62":0,"63":0,"64":0,"65":0,"66":0,"67":0,"68":0,"69":0,"70":0,"71":0,"72":0,"73":0,"74":0,"75":0,"76":0,"77":0,"78":0,"79":0,"80":0,"81":0,"82":0,"83":0,"84":0,"85":0,"86":0,"87":0,"88":0,"89":0,"90":0,"91":0,"92":0,"93":0,"94":0,"95":0,"96":0,"97":0,"98":0,"99":0,"100":0,"101":0,"102":0,"103":0,"104":0,"105":0,"106":0,"107":0,"108":0,"109":0,"110":0,"111":0,"112":0,"113":0,"114":0,"115":0,"116":0,"117":0,"118":0,"119":0,"120":0,"121":0,"122":0,"123":0,"124":0,"125":0,"126":0,"127":0,"128":0,"129":0,"130":0,"131":0,"132":0,"133":0,"134":0,"135":0,"136":0,"137":0,"138":0,"139":0,"140":0,"141":0,"142":0,"143":0,"144":0,"145":0,"146":0,"147":0,"148":0,"149":0,"150":0,"151":0,"152":0,"153":0,"154":0,"155":0,"156":0,"157":0,"158":0,"159":0,"160":0,"161":0,"162":0,"163":0,"164":0,"165":0,"166":0,"167":0,"168":0,"169":0,"170":0,"171":0,"172":0,"173":0,"174":0,"175":0,"176":0,"177":0,"178":0,"179":0,"180":0,"181":0,"182":0,"183":0,"184":0,"185":0,"186":0,"187":0,"188":0,"189":0,"190":0,"191":0,"192":0,"193":0,"194":0,"195":0,"196":0,"197":0,"198":0,"199":0,"200":0,"201":0,"202":0,"203":0,"204":0,"205":0,"206":0,"207":0,"208":0,"209":0,"210":0,"211":0,"212":0,"213":0,"214":0,"215":0,"216":0,"217":0,"218":0,"219":0,"220":0,"221":0,"222":0,"223":0,"224":0,"225":0,"226":0,"227":0,"228":0,"229":0,"230":0,"231":0,"232":0,"233":0,"234":0,"235":0,"236":0,"237":0,"238":0,"239":0,"240":0,"241":0,"242":0,"243":0,"244":0,"245":0,"246":0,"247":0,"248":0,"249":0,"250":0,"251":0,"252":0,"253":0,"254":0,"255":0,"256":0,"257":0,"258":0,"259":0,"260":0,"261":0,"262":0,"263":0,"264":0,"265":0,"266":0,"267":0,"268":0,"269":0,"270":0,"271":0,"272":0,"273":0,"274":0,"275":0,"276":0,"277":0,"278":0,"279":0,"280":0,"281":0,"282":0,"283":0,"284":0,"285":0,"286":0,"287":0,"288":0,"289":0,"290":0,"291":0,"292":0,"293":0,"294":0,"295":0,"296":0,"297":0,"298":0,"299":0,"300":0,"301":0,"302":0,"303":0,"304":0,"305":0,"306":0,"307":0,"308":0,"309":0,"310":0,"311":0,"312":0,"313":0,"314":0,"315":0,"316":0,"317":0,"318":0,"319":0,"320":0,"321":0,"322":0,"323":0,"324":0,"325":0,"326":0,"327":0,"328":0,"329":0,"330":0,"331":0,"332":0,"333":0,"334":0,"335":0,"336":0,"337":0,"338":0,"339":0,"340":0,"341":0,"342":0,"343":0,"344":0,"345":0,"346":0,"347":0,"348":0,"349":0,"350":0,"351":0,"352":0,"353":0,"354":0,"355":0,"356":0,"357":0,"358":0,"359":0,"360":0,"361":0,"362":0,"363":0,"364":0,"365":0,"366":0,"367":0,"368":0,"369":0,"370":0,"371":0,"372":0,"373":0,"374":0,"375":0,"376":0,"377":0,"378":0,"379":0,"380":0,"381":0,"382":0,"383":0,"384":0,"385":0,"386":0,"387":0,"388":0,"389":0,"390":0,"391":0,"392":0,"393":0,"394":0,"395":0,"396":0,"397":0,"398":0,"399":0,"400":0,"401":0,"402":0,"403":0,"404":0,"405":0,"406":0,"407":0,"408":0,"409":0,"410":0,"411":0,"412":0,"413":0,"414":0,"415":0,"416":0,"417":0,"418":0,"419":0,"420":0,"421":0,"422":0,"423":0,"424":0,"425":0,"426":0,"427":0,"428":0,"429":0,"430":0,"431":0,"432":0,"433":0,"434":0,"435":0,"436":0,"437":0,"438":0,"439":0,"440":0,"441":0,"442":0,"443":0,"444":0,"445":0,"446":0,"447":0,"448":0,"449":0,"450":0,"451":0,"452":0,"453":0,"454":0,"455":0,"456":0,"457":0,"458":0,"459":0,"460":0,"461":0,"462":0,"463":0,"464":0,"465":0,"466":0,"467":0,"468":0,"469":0,"470":0,"471":0,"472":0,"473":0,"474":0,"475":0,"476":0,"477":0,"478":0,"479":0,"480":0,"481":0,"482":0,"483":0,"484":0,"485":0,"486":0,"487":0,"488":0,"489":0,"490":0,"491":0,"492":0,"493":0,"494":0,"495":0,"496":0,"497":0,"498":0,"499":0,"500":0,"501":0,"502":0,"503":0,"504":0,"505":0,"506":0,"507":0,"508":0,"509":0,"510":0,"511":0,"512":0,"513":0,"514":0,"515":0,"516":0,"517":0,"518":0,"519":0,"520":0,"521":0,"522":0,"523":0,"524":0,"525":0,"526":0,"527":0,"528":0,"529":0,"530":0,"531":0,"532":0,"533":0,"534":0,"535":0,"536":0,"537":0,"538":0,"539":0,"540":0,"541":0,"542":0,"543":0,"544":0,"545":0,"546":0,"547":0,"548":0,"549":0,"550":0,"551":0,"552":0,"553":0,"554":0,"555":0,"556":0,"557":0,"558":0,"559":0,"560":0,"561":0,"562":0,"563":0,"564":0,"565":0,"566":0,"567":0,"568":0,"569":0,"570":0,"571":0,"572":0},"f":{"0":0,"1":0,"2":0,"3":0,"4":0,"5":0,"6":0,"7":0,"8":0,"9":0,"10":0,"11":0,"12":0,"13":0,"14":0,"15":0,"16":0,"17":0,"18":0,"19":0,"20":0,"21":0,"22":0,"23":0,"24":0,"25":0,"26":0,"27":0,"28":0,"29":0,"30":0,"31":0,"32":0,"33":0,"34":0,"35":0,"36":0,"37":0,"38":0,"39":0,"40":0,"41":0,"42":0,"43":0,"44":0,"45":0,"46":0,"47":0,"48":0,"49":0,"50":0,"51":0,"52":0,"53":0,"54":0,"55":0,"56":0,"57":0,"58":0,"59":0,"60":0,"61":0,"62":0,"63":0,"64":0},"b":{"0":[0,0],"1":[0,0],"2":[0,0],"3":[0,0],"4":[0,0],"5":[0,0],"6":[0,0],"7":[0,0],"8":[0,0],"9":[0,0],"10":[0,0],"11":[0,0],"12":[0,0],"13":[0,0],"14":[0,0],"15":[0,0],"16":[0,0],"17":[0,0],"18":[0,0],"19":[0,0],"20":[0,0],"21":[0,0],"22":[0,0],"23":[0,0],"24":[0,0],"25":[0,0],"26":[0,0],"27":[0,0],"28":[0,0],"29":[0,0],"30":[0,0],"31":[0,0],"32":[0,0],"33":[0,0],"34":[0,0],"35":[0,0],"36":[0,0],"37":[0,0],"38":[0,0],"39":[0,0],"40":[0,0],"41":[0,0],"42":[0,0],"43":[0,0],"44":[0,0],"45":[0,0],"46":[0,0],"47":[0,0],"48":[0,0],"49":[0,0],"50":[0,0],"51":[0,0],"52":[0,0],"53":[0,0],"54":[0,0],"55":[0,0],"56":[0,0],"57":[0,0],"58":[0,0],"59":[0,0],"60":[0,0],"61":[0,0],"62":[0,0],"63":[0,0],"64":[0,0],"65":[0,0],"66":[0,0],"67":[0,0],"68":[0,0],"69":[0,0],"70":[0,0],"71":[0,0],"72":[0,0],"73":[0,0],"74":[0,0],"75":[0,0],"76":[0,0],"77":[0,0],"78":[0,0],"79":[0,0],"80":[0,0],"81":[0,0],"82":[0,0],"83":[0,0],"84":[0,0],"85":[0,0],"86":[0,0],"87":[0,0],"88":[0,0],"89":[0,0],"90":[0,0],"91":[0,0],"92":[0,0],"93":[0,0],"94":[0,0],"95":[0,0],"96":[0,0],"97":[0,0],"98":[0,0],"99":[0,0],"100":[0,0],"101":[0,0],"102":[0,0],"103":[0,0],"104":[0,0],"105":[0,0],"106":[0,0],"107":[0,0],"108":[0,0],"109":[0,0],"110":[0,0],"111":[0,0],"112":[0,0],"113":[0,0],"114":[0,0],"115":[0,0],"116":[0,0],"117":[0,0],"118":[0,0],"119":[0,0],"120":[0,0],"121":[0,0],"122":[0,0],"123":[0,0],"124":[0,0],"125":[0,0],"126":[0,0],"127":[0,0],"128":[0,0],"129":[0,0],"130":[0,0],"131":[0,0],"132":[0,0],"133":[0,0],"134":[0,0],"135":[0,0],"136":[0,0],"137":[0,0],"138":[0,0],"139":[0,0],"140":[0,0],"141":[0,0],"142":[0,0],"143":[0,0],"144":[0,0],"145":[0,0],"146":[0,0],"147":[0,0],"148":[0,0],"149":[0,0],"150":[0,0],"151":[0,0],"152":[0,0],"153":[0,0],"154":[0,0],"155":[0,0],"156":[0,0],"157":[0,0]},"_coverageSchema":"1a1c01bbd47fc00a2c39e90264f33305004495a9","hash":"ae8982cecab4c953aa9015804705d06238e4db1c","contentHash":"a3b7005b091fb8490d53181ee6af8bf8a95c30d8491649954f5538aad304b872"},"C:\\Users\\User\\latest smart\\Smart-Time-And-Attendance-Tracker\\STAT-server\\helpers\\timeEntry.helper.js":{"path":"C:\\Users\\User\\latest smart\\Smart-Time-And-Attendance-Tracker\\STAT-server\\helpers\\timeEntry.helper.js","statementMap":{"0":{"start":{"line":25,"column":17},"end":{"line":25,"column":36}},"1":{"start":{"line":26,"column":23},"end":{"line":26,"column":50}},"2":{"start":{"line":27,"column":14},"end":{"line":27,"column":32}},"3":{"start":{"line":28,"column":12},"end":{"line":28,"column":28}},"4":{"start":{"line":35,"column":0},"end":{"line":45,"column":1}},"5":{"start":{"line":36,"column":4},"end":{"line":44,"column":7}},"6":{"start":{"line":37,"column":8},"end":{"line":42,"column":30}},"7":{"start":{"line":38,"column":12},"end":{"line":38,"column":22}},"8":{"start":{"line":39,"column":13},"end":{"line":42,"column":30}},"9":{"start":{"line":40,"column":12},"end":{"line":40,"column":29}},"10":{"start":{"line":41,"column":13},"end":{"line":42,"column":30}},"11":{"start":{"line":42,"column":11},"end":{"line":42,"column":30}},"12":{"start":{"line":55,"column":0},"end":{"line":121,"column":1}},"13":{"start":{"line":56,"column":4},"end":{"line":120,"column":7}},"14":{"start":{"line":57,"column":8},"end":{"line":57,"column":21}},"15":{"start":{"line":58,"column":8},"end":{"line":119,"column":9}},"16":{"start":{"line":60,"column":22},"end":{"line":60,"column":53}},"17":{"start":{"line":61,"column":12},"end":{"line":68,"column":47}},"18":{"start":{"line":63,"column":26},"end":{"line":63,"column":47}},"19":{"start":{"line":64,"column":16},"end":{"line":64,"column":47}},"20":{"start":{"line":65,"column":16},"end":{"line":65,"column":35}},"21":{"start":{"line":68,"column":26},"end":{"line":68,"column":46}},"22":{"start":{"line":70,"column":13},"end":{"line":89,"column":15}},"23":{"start":{"line":71,"column":16},"end":{"line":88,"column":56}},"24":{"start":{"line":73,"column":28},"end":{"line":87,"column":29}},"25":{"start":{"line":74,"column":43},"end":{"line":85,"column":37}},"26":{"start":{"line":86,"column":32},"end":{"line":86,"column":44}},"27":{"start":{"line":88,"column":42},"end":{"line":88,"column":53}},"28":{"start":{"line":90,"column":12},"end":{"line":92,"column":43}},"29":{"start":{"line":91,"column":16},"end":{"line":91,"column":32}},"30":{"start":{"line":92,"column":30},"end":{"line":92,"column":41}},"31":{"start":{"line":95,"column":12},"end":{"line":114,"column":11}},"32":{"start":{"line":96,"column":12},"end":{"line":113,"column":52}},"33":{"start":{"line":98,"column":24},"end":{"line":112,"column":25}},"34":{"start":{"line":99,"column":39},"end":{"line":110,"column":33}},"35":{"start":{"line":111,"column":28},"end":{"line":111,"column":40}},"36":{"start":{"line":113,"column":38},"end":{"line":113,"column":49}},"37":{"start":{"line":115,"column":8},"end":{"line":117,"column":39}},"38":{"start":{"line":116,"column":12},"end":{"line":116,"column":28}},"39":{"start":{"line":117,"column":26},"end":{"line":117,"column":37}},"40":{"start":{"line":130,"column":0},"end":{"line":196,"column":1}},"41":{"start":{"line":131,"column":4},"end":{"line":195,"column":7}},"42":{"start":{"line":132,"column":8},"end":{"line":132,"column":21}},"43":{"start":{"line":133,"column":8},"end":{"line":194,"column":9}},"44":{"start":{"line":135,"column":22},"end":{"line":135,"column":53}},"45":{"start":{"line":136,"column":12},"end":{"line":143,"column":47}},"46":{"start":{"line":138,"column":26},"end":{"line":138,"column":47}},"47":{"start":{"line":139,"column":16},"end":{"line":139,"column":47}},"48":{"start":{"line":140,"column":16},"end":{"line":140,"column":35}},"49":{"start":{"line":143,"column":26},"end":{"line":143,"column":46}},"50":{"start":{"line":145,"column":13},"end":{"line":164,"column":15}},"51":{"start":{"line":146,"column":16},"end":{"line":163,"column":56}},"52":{"start":{"line":148,"column":28},"end":{"line":162,"column":29}},"53":{"start":{"line":149,"column":43},"end":{"line":160,"column":37}},"54":{"start":{"line":161,"column":32},"end":{"line":161,"column":44}},"55":{"start":{"line":163,"column":42},"end":{"line":163,"column":53}},"56":{"start":{"line":165,"column":12},"end":{"line":167,"column":43}},"57":{"start":{"line":166,"column":16},"end":{"line":166,"column":32}},"58":{"start":{"line":167,"column":30},"end":{"line":167,"column":41}},"59":{"start":{"line":170,"column":12},"end":{"line":189,"column":11}},"60":{"start":{"line":171,"column":12},"end":{"line":188,"column":52}},"61":{"start":{"line":173,"column":24},"end":{"line":187,"column":25}},"62":{"start":{"line":174,"column":39},"end":{"line":185,"column":33}},"63":{"start":{"line":186,"column":28},"end":{"line":186,"column":40}},"64":{"start":{"line":188,"column":38},"end":{"line":188,"column":49}},"65":{"start":{"line":190,"column":8},"end":{"line":192,"column":39}},"66":{"start":{"line":191,"column":12},"end":{"line":191,"column":28}},"67":{"start":{"line":192,"column":26},"end":{"line":192,"column":37}}},"fnMap":{"0":{"name":"(anonymous_0)","decl":{"start":{"line":35,"column":30},"end":{"line":35,"column":31}},"loc":{"start":{"line":35,"column":42},"end":{"line":45,"column":1}},"line":35},"1":{"name":"(anonymous_1)","decl":{"start":{"line":36,"column":38},"end":{"line":36,"column":39}},"loc":{"start":{"line":36,"column":55},"end":{"line":44,"column":5}},"line":36},"2":{"name":"(anonymous_2)","decl":{"start":{"line":55,"column":35},"end":{"line":55,"column":36}},"loc":{"start":{"line":55,"column":53},"end":{"line":121,"column":1}},"line":55},"3":{"name":"(anonymous_3)","decl":{"start":{"line":56,"column":23},"end":{"line":56,"column":24}},"loc":{"start":{"line":56,"column":49},"end":{"line":120,"column":5}},"line":56},"4":{"name":"(anonymous_4)","decl":{"start":{"line":70,"column":25},"end":{"line":70,"column":26}},"loc":{"start":{"line":70,"column":33},"end":{"line":89,"column":13}},"line":70},"5":{"name":"(anonymous_5)","decl":{"start":{"line":72,"column":98},"end":{"line":72,"column":99}},"loc":{"start":{"line":72,"column":110},"end":{"line":88,"column":25}},"line":72},"6":{"name":"(anonymous_6)","decl":{"start":{"line":88,"column":33},"end":{"line":88,"column":34}},"loc":{"start":{"line":88,"column":42},"end":{"line":88,"column":53}},"line":88},"7":{"name":"(anonymous_7)","decl":{"start":{"line":90,"column":38},"end":{"line":90,"column":39}},"loc":{"start":{"line":90,"column":50},"end":{"line":92,"column":13}},"line":90},"8":{"name":"(anonymous_8)","decl":{"start":{"line":92,"column":21},"end":{"line":92,"column":22}},"loc":{"start":{"line":92,"column":30},"end":{"line":92,"column":41}},"line":92},"9":{"name":"(anonymous_9)","decl":{"start":{"line":95,"column":24},"end":{"line":95,"column":25}},"loc":{"start":{"line":95,"column":32},"end":{"line":114,"column":9}},"line":95},"10":{"name":"(anonymous_10)","decl":{"start":{"line":97,"column":59},"end":{"line":97,"column":60}},"loc":{"start":{"line":97,"column":71},"end":{"line":113,"column":21}},"line":97},"11":{"name":"(anonymous_11)","decl":{"start":{"line":113,"column":29},"end":{"line":113,"column":30}},"loc":{"start":{"line":113,"column":38},"end":{"line":113,"column":49}},"line":113},"12":{"name":"(anonymous_12)","decl":{"start":{"line":115,"column":34},"end":{"line":115,"column":35}},"loc":{"start":{"line":115,"column":46},"end":{"line":117,"column":9}},"line":115},"13":{"name":"(anonymous_13)","decl":{"start":{"line":117,"column":17},"end":{"line":117,"column":18}},"loc":{"start":{"line":117,"column":26},"end":{"line":117,"column":37}},"line":117},"14":{"name":"(anonymous_14)","decl":{"start":{"line":130,"column":45},"end":{"line":130,"column":46}},"loc":{"start":{"line":130,"column":72},"end":{"line":196,"column":1}},"line":130},"15":{"name":"(anonymous_15)","decl":{"start":{"line":131,"column":23},"end":{"line":131,"column":24}},"loc":{"start":{"line":131,"column":49},"end":{"line":195,"column":5}},"line":131},"16":{"name":"(anonymous_16)","decl":{"start":{"line":145,"column":25},"end":{"line":145,"column":26}},"loc":{"start":{"line":145,"column":33},"end":{"line":164,"column":13}},"line":145},"17":{"name":"(anonymous_17)","decl":{"start":{"line":147,"column":118},"end":{"line":147,"column":119}},"loc":{"start":{"line":147,"column":130},"end":{"line":163,"column":25}},"line":147},"18":{"name":"(anonymous_18)","decl":{"start":{"line":163,"column":33},"end":{"line":163,"column":34}},"loc":{"start":{"line":163,"column":42},"end":{"line":163,"column":53}},"line":163},"19":{"name":"(anonymous_19)","decl":{"start":{"line":165,"column":38},"end":{"line":165,"column":39}},"loc":{"start":{"line":165,"column":50},"end":{"line":167,"column":13}},"line":165},"20":{"name":"(anonymous_20)","decl":{"start":{"line":167,"column":21},"end":{"line":167,"column":22}},"loc":{"start":{"line":167,"column":30},"end":{"line":167,"column":41}},"line":167},"21":{"name":"(anonymous_21)","decl":{"start":{"line":170,"column":24},"end":{"line":170,"column":25}},"loc":{"start":{"line":170,"column":32},"end":{"line":189,"column":9}},"line":170},"22":{"name":"(anonymous_22)","decl":{"start":{"line":172,"column":79},"end":{"line":172,"column":80}},"loc":{"start":{"line":172,"column":91},"end":{"line":188,"column":21}},"line":172},"23":{"name":"(anonymous_23)","decl":{"start":{"line":188,"column":29},"end":{"line":188,"column":30}},"loc":{"start":{"line":188,"column":38},"end":{"line":188,"column":49}},"line":188},"24":{"name":"(anonymous_24)","decl":{"start":{"line":190,"column":34},"end":{"line":190,"column":35}},"loc":{"start":{"line":190,"column":46},"end":{"line":192,"column":9}},"line":190},"25":{"name":"(anonymous_25)","decl":{"start":{"line":192,"column":17},"end":{"line":192,"column":18}},"loc":{"start":{"line":192,"column":26},"end":{"line":192,"column":37}},"line":192}},"branchMap":{"0":{"loc":{"start":{"line":37,"column":8},"end":{"line":42,"column":30}},"type":"if","locations":[{"start":{"line":37,"column":8},"end":{"line":42,"column":30}},{"start":{"line":37,"column":8},"end":{"line":42,"column":30}}],"line":37},"1":{"loc":{"start":{"line":39,"column":13},"end":{"line":42,"column":30}},"type":"if","locations":[{"start":{"line":39,"column":13},"end":{"line":42,"column":30}},{"start":{"line":39,"column":13},"end":{"line":42,"column":30}}],"line":39},"2":{"loc":{"start":{"line":41,"column":13},"end":{"line":42,"column":30}},"type":"if","locations":[{"start":{"line":41,"column":13},"end":{"line":42,"column":30}},{"start":{"line":41,"column":13},"end":{"line":42,"column":30}}],"line":41},"3":{"loc":{"start":{"line":58,"column":8},"end":{"line":119,"column":9}},"type":"if","locations":[{"start":{"line":58,"column":8},"end":{"line":119,"column":9}},{"start":{"line":58,"column":8},"end":{"line":119,"column":9}}],"line":58},"4":{"loc":{"start":{"line":61,"column":12},"end":{"line":68,"column":47}},"type":"if","locations":[{"start":{"line":61,"column":12},"end":{"line":68,"column":47}},{"start":{"line":61,"column":12},"end":{"line":68,"column":47}}],"line":61},"5":{"loc":{"start":{"line":73,"column":28},"end":{"line":87,"column":29}},"type":"if","locations":[{"start":{"line":73,"column":28},"end":{"line":87,"column":29}},{"start":{"line":73,"column":28},"end":{"line":87,"column":29}}],"line":73},"6":{"loc":{"start":{"line":98,"column":24},"end":{"line":112,"column":25}},"type":"if","locations":[{"start":{"line":98,"column":24},"end":{"line":112,"column":25}},{"start":{"line":98,"column":24},"end":{"line":112,"column":25}}],"line":98},"7":{"loc":{"start":{"line":133,"column":8},"end":{"line":194,"column":9}},"type":"if","locations":[{"start":{"line":133,"column":8},"end":{"line":194,"column":9}},{"start":{"line":133,"column":8},"end":{"line":194,"column":9}}],"line":133},"8":{"loc":{"start":{"line":136,"column":12},"end":{"line":143,"column":47}},"type":"if","locations":[{"start":{"line":136,"column":12},"end":{"line":143,"column":47}},{"start":{"line":136,"column":12},"end":{"line":143,"column":47}}],"line":136},"9":{"loc":{"start":{"line":148,"column":28},"end":{"line":162,"column":29}},"type":"if","locations":[{"start":{"line":148,"column":28},"end":{"line":162,"column":29}},{"start":{"line":148,"column":28},"end":{"line":162,"column":29}}],"line":148},"10":{"loc":{"start":{"line":173,"column":24},"end":{"line":187,"column":25}},"type":"if","locations":[{"start":{"line":173,"column":24},"end":{"line":187,"column":25}},{"start":{"line":173,"column":24},"end":{"line":187,"column":25}}],"line":173}},"s":{"0":1,"1":1,"2":1,"3":1,"4":1,"5":0,"6":0,"7":0,"8":0,"9":0,"10":0,"11":0,"12":1,"13":0,"14":0,"15":0,"16":0,"17":0,"18":0,"19":0,"20":0,"21":0,"22":0,"23":0,"24":0,"25":0,"26":0,"27":0,"28":0,"29":0,"30":0,"31":0,"32":0,"33":0,"34":0,"35":0,"36":0,"37":0,"38":0,"39":0,"40":1,"41":0,"42":0,"43":0,"44":0,"45":0,"46":0,"47":0,"48":0,"49":0,"50":0,"51":0,"52":0,"53":0,"54":0,"55":0,"56":0,"57":0,"58":0,"59":0,"60":0,"61":0,"62":0,"63":0,"64":0,"65":0,"66":0,"67":0},"f":{"0":0,"1":0,"2":0,"3":0,"4":0,"5":0,"6":0,"7":0,"8":0,"9":0,"10":0,"11":0,"12":0,"13":0,"14":0,"15":0,"16":0,"17":0,"18":0,"19":0,"20":0,"21":0,"22":0,"23":0,"24":0,"25":0},"b":{"0":[0,0],"1":[0,0],"2":[0,0],"3":[0,0],"4":[0,0],"5":[0,0],"6":[0,0],"7":[0,0],"8":[0,0],"9":[0,0],"10":[0,0]},"_coverageSchema":"1a1c01bbd47fc00a2c39e90264f33305004495a9","hash":"cf77b60f3498152783f299e69cce0e32ff8c8814","contentHash":"0b426a8f466ac10687cafdd8d0b19981e22f351aa1d1688a031d9e856d7ae5d4"}}