{"C:\\Users\\User\\latest smart\\Smart-Time-And-Attendance-Tracker\\STAT-server\\test\\a.js":{"path":"C:\\Users\\User\\latest smart\\Smart-Time-And-Attendance-Tracker\\STAT-server\\test\\a.js","statementMap":{"0":{"start":{"line":1,"column":13},"end":{"line":1,"column":36}},"1":{"start":{"line":2,"column":13},"end":{"line":2,"column":31}},"2":{"start":{"line":6,"column":10},"end":{"line":6,"column":25}},"3":{"start":{"line":7,"column":14},"end":{"line":7,"column":34}},"4":{"start":{"line":9,"column":12},"end":{"line":9,"column":25}},"5":{"start":{"line":10,"column":12},"end":{"line":10,"column":25}},"6":{"start":{"line":12,"column":0},"end":{"line":12,"column":18}},"7":{"start":{"line":16,"column":0},"end":{"line":54,"column":4}},"8":{"start":{"line":18,"column":2},"end":{"line":20,"column":4}},"9":{"start":{"line":19,"column":4},"end":{"line":19,"column":20}},"10":{"start":{"line":22,"column":1},"end":{"line":24,"column":4}},"11":{"start":{"line":23,"column":5},"end":{"line":23,"column":20}},"12":{"start":{"line":35,"column":4},"end":{"line":37,"column":8}},"13":{"start":{"line":36,"column":7},"end":{"line":36,"column":39}}},"fnMap":{"0":{"name":"(anonymous_0)","decl":{"start":{"line":16,"column":24},"end":{"line":16,"column":25}},"loc":{"start":{"line":16,"column":35},"end":{"line":54,"column":3}},"line":16},"1":{"name":"(anonymous_1)","decl":{"start":{"line":18,"column":9},"end":{"line":18,"column":10}},"loc":{"start":{"line":18,"column":21},"end":{"line":20,"column":2}},"line":18},"2":{"name":"(anonymous_2)","decl":{"start":{"line":22,"column":7},"end":{"line":22,"column":8}},"loc":{"start":{"line":22,"column":19},"end":{"line":24,"column":2}},"line":22},"3":{"name":"(anonymous_3)","decl":{"start":{"line":35,"column":39},"end":{"line":35,"column":40}},"loc":{"start":{"line":35,"column":50},"end":{"line":37,"column":7}},"line":35}},"branchMap":{},"s":{"0":1,"1":1,"2":1,"3":1,"4":1,"5":1,"6":1,"7":1,"8":1,"9":1,"10":1,"11":1,"12":1,"13":1},"f":{"0":1,"1":1,"2":1,"3":1},"b":{},"_coverageSchema":"1a1c01bbd47fc00a2c39e90264f33305004495a9","hash":"3607ae31f7b205e8e507757cccd9071224fa87e0","contentHash":"f8cd6f5efa887011a8c3284ab9995634d00bf89552080751a49b808366ded2cd"},"C:\\Users\\User\\latest smart\\Smart-Time-And-Attendance-Tracker\\STAT-server\\index.js":{"path":"C:\\Users\\User\\latest smart\\Smart-Time-And-Attendance-Tracker\\STAT-server\\index.js","statementMap":{"0":{"start":{"line":23,"column":0},"end":{"line":23,"column":23}},"1":{"start":{"line":24,"column":0},"end":{"line":24,"column":35}},"2":{"start":{"line":26,"column":16},"end":{"line":26,"column":34}},"3":{"start":{"line":27,"column":19},"end":{"line":27,"column":41}},"4":{"start":{"line":28,"column":13},"end":{"line":28,"column":28}},"5":{"start":{"line":29,"column":17},"end":{"line":29,"column":36}},"6":{"start":{"line":31,"column":15},"end":{"line":31,"column":47}},"7":{"start":{"line":33,"column":20},"end":{"line":33,"column":29}},"8":{"start":{"line":36,"column":0},"end":{"line":36,"column":35}},"9":{"start":{"line":37,"column":0},"end":{"line":37,"column":24}},"10":{"start":{"line":38,"column":0},"end":{"line":38,"column":39}},"11":{"start":{"line":39,"column":0},"end":{"line":39,"column":32}},"12":{"start":{"line":42,"column":0},"end":{"line":49,"column":3}},"13":{"start":{"line":43,"column":4},"end":{"line":47,"column":5}},"14":{"start":{"line":44,"column":24},"end":{"line":44,"column":26}},"15":{"start":{"line":45,"column":8},"end":{"line":45,"column":88}},"16":{"start":{"line":45,"column":47},"end":{"line":45,"column":86}},"17":{"start":{"line":46,"column":8},"end":{"line":46,"column":39}},"18":{"start":{"line":58,"column":0},"end":{"line":60,"column":5}},"19":{"start":{"line":59,"column":4},"end":{"line":59,"column":52}},"20":{"start":{"line":63,"column":17},"end":{"line":63,"column":36}},"21":{"start":{"line":65,"column":0},"end":{"line":69,"column":3}},"22":{"start":{"line":66,"column":4},"end":{"line":68,"column":6}},"23":{"start":{"line":67,"column":4},"end":{"line":67,"column":55}},"24":{"start":{"line":71,"column":0},"end":{"line":76,"column":2}},"25":{"start":{"line":72,"column":4},"end":{"line":74,"column":7}},"26":{"start":{"line":73,"column":6},"end":{"line":73,"column":34}},"27":{"start":{"line":75,"column":4},"end":{"line":75,"column":31}}},"fnMap":{"0":{"name":"(anonymous_0)","decl":{"start":{"line":42,"column":16},"end":{"line":42,"column":17}},"loc":{"start":{"line":42,"column":41},"end":{"line":49,"column":1}},"line":42},"1":{"name":"(anonymous_1)","decl":{"start":{"line":45,"column":40},"end":{"line":45,"column":41}},"loc":{"start":{"line":45,"column":47},"end":{"line":45,"column":86}},"line":45},"2":{"name":"(anonymous_2)","decl":{"start":{"line":58,"column":29},"end":{"line":58,"column":30}},"loc":{"start":{"line":58,"column":43},"end":{"line":60,"column":3}},"line":58},"3":{"name":"(anonymous_3)","decl":{"start":{"line":65,"column":17},"end":{"line":65,"column":18}},"loc":{"start":{"line":65,"column":28},"end":{"line":69,"column":2}},"line":65},"4":{"name":"(anonymous_4)","decl":{"start":{"line":66,"column":40},"end":{"line":66,"column":41}},"loc":{"start":{"line":66,"column":52},"end":{"line":68,"column":5}},"line":66},"5":{"name":"(anonymous_5)","decl":{"start":{"line":71,"column":16},"end":{"line":71,"column":17}},"loc":{"start":{"line":71,"column":28},"end":{"line":76,"column":1}},"line":71},"6":{"name":"(anonymous_6)","decl":{"start":{"line":72,"column":17},"end":{"line":72,"column":18}},"loc":{"start":{"line":72,"column":28},"end":{"line":74,"column":5}},"line":72}},"branchMap":{"0":{"loc":{"start":{"line":43,"column":4},"end":{"line":47,"column":5}},"type":"if","locations":[{"start":{"line":43,"column":4},"end":{"line":47,"column":5}},{"start":{"line":43,"column":4},"end":{"line":47,"column":5}}],"line":43}},"s":{"0":1,"1":1,"2":1,"3":1,"4":1,"5":1,"6":1,"7":1,"8":1,"9":1,"10":1,"11":1,"12":1,"13":0,"14":0,"15":0,"16":0,"17":0,"18":1,"19":0,"20":1,"21":1,"22":1,"23":1,"24":1,"25":1,"26":1,"27":1},"f":{"0":0,"1":0,"2":0,"3":1,"4":1,"5":1,"6":1},"b":{"0":[0,0]},"_coverageSchema":"1a1c01bbd47fc00a2c39e90264f33305004495a9","hash":"448f2628cee57ae90e2e971cd738077963e8dd41","contentHash":"8838d462efdbd1d6be3477efb84bcbd6193f0b1067c4fe3f3aa38c2117626b96"},"C:\\Users\\User\\latest smart\\Smart-Time-And-Attendance-Tracker\\STAT-server\\models\\db.js":{"path":"C:\\Users\\User\\latest smart\\Smart-Time-And-Attendance-Tracker\\STAT-server\\models\\db.js","statementMap":{"0":{"start":{"line":23,"column":17},"end":{"line":23,"column":36}},"1":{"start":{"line":24,"column":0},"end":{"line":24,"column":31}},"2":{"start":{"line":25,"column":0},"end":{"line":25,"column":38}},"3":{"start":{"line":27,"column":0},"end":{"line":27,"column":112}},"4":{"start":{"line":31,"column":0},"end":{"line":34,"column":3}},"5":{"start":{"line":32,"column":4},"end":{"line":33,"column":95}},"6":{"start":{"line":32,"column":16},"end":{"line":32,"column":61}},"7":{"start":{"line":33,"column":11},"end":{"line":33,"column":93}},"8":{"start":{"line":36,"column":21},"end":{"line":36,"column":52}},"9":{"start":{"line":37,"column":16},"end":{"line":37,"column":42}},"10":{"start":{"line":38,"column":13},"end":{"line":38,"column":36}},"11":{"start":{"line":39,"column":13},"end":{"line":39,"column":36}},"12":{"start":{"line":40,"column":13},"end":{"line":40,"column":36}},"13":{"start":{"line":41,"column":13},"end":{"line":41,"column":36}},"14":{"start":{"line":42,"column":18},"end":{"line":42,"column":46}},"15":{"start":{"line":43,"column":22},"end":{"line":43,"column":54}},"16":{"start":{"line":44,"column":18},"end":{"line":44,"column":46}},"17":{"start":{"line":45,"column":17},"end":{"line":45,"column":50}}},"fnMap":{"0":{"name":"(anonymous_0)","decl":{"start":{"line":31,"column":42},"end":{"line":31,"column":43}},"loc":{"start":{"line":31,"column":51},"end":{"line":34,"column":1}},"line":31}},"branchMap":{"0":{"loc":{"start":{"line":32,"column":4},"end":{"line":33,"column":95}},"type":"if","locations":[{"start":{"line":32,"column":4},"end":{"line":33,"column":95}},{"start":{"line":32,"column":4},"end":{"line":33,"column":95}}],"line":32}},"s":{"0":1,"1":1,"2":1,"3":1,"4":1,"5":1,"6":1,"7":0,"8":1,"9":1,"10":1,"11":1,"12":1,"13":1,"14":1,"15":1,"16":1,"17":1},"f":{"0":1},"b":{"0":[1,0]},"_coverageSchema":"1a1c01bbd47fc00a2c39e90264f33305004495a9","hash":"03ed8d62db22412375438e741296b0158805a51c","contentHash":"c26f72e5cda1a109354be3d29513c77db0439646b8221d0e018a630e443c00ca"},"C:\\Users\\User\\latest smart\\Smart-Time-And-Attendance-Tracker\\STAT-server\\config\\config.js":{"path":"C:\\Users\\User\\latest smart\\Smart-Time-And-Attendance-Tracker\\STAT-server\\config\\config.js","statementMap":{"0":{"start":{"line":24,"column":10},"end":{"line":24,"column":47}},"1":{"start":{"line":26,"column":13},"end":{"line":26,"column":37}},"2":{"start":{"line":28,"column":16},"end":{"line":28,"column":27}},"3":{"start":{"line":30,"column":0},"end":{"line":30,"column":73}},"4":{"start":{"line":30,"column":38},"end":{"line":30,"column":71}}},"fnMap":{"0":{"name":"(anonymous_0)","decl":{"start":{"line":30,"column":31},"end":{"line":30,"column":32}},"loc":{"start":{"line":30,"column":38},"end":{"line":30,"column":71}},"line":30}},"branchMap":{"0":{"loc":{"start":{"line":24,"column":10},"end":{"line":24,"column":47}},"type":"binary-expr","locations":[{"start":{"line":24,"column":10},"end":{"line":24,"column":30}},{"start":{"line":24,"column":34},"end":{"line":24,"column":47}}],"line":24}},"s":{"0":1,"1":1,"2":1,"3":1,"4":3},"f":{"0":3},"b":{"0":[1,1]},"_coverageSchema":"1a1c01bbd47fc00a2c39e90264f33305004495a9","hash":"b78eaec87f096ffcad15aee173faa25cc14f1a78","contentHash":"4fc19288186c089e8bac274c42fb482152f2d0a0af8845dd8bf7f93532a7952c"},"C:\\Users\\User\\latest smart\\Smart-Time-And-Attendance-Tracker\\STAT-server\\models\\organisation.model.js":{"path":"C:\\Users\\User\\latest smart\\Smart-Time-And-Attendance-Tracker\\STAT-server\\models\\organisation.model.js","statementMap":{"0":{"start":{"line":22,"column":17},"end":{"line":22,"column":36}},"1":{"start":{"line":24,"column":25},"end":{"line":39,"column":2}},"2":{"start":{"line":41,"column":0},"end":{"line":41,"column":51}}},"fnMap":{},"branchMap":{},"s":{"0":1,"1":1,"2":1},"f":{},"b":{},"_coverageSchema":"1a1c01bbd47fc00a2c39e90264f33305004495a9","hash":"57cc44f173cec23f9371838aef22de167671a5a3","contentHash":"4bdfbd2c1a73b3b6330098570bb59f123285ba6be2a558ed9cbf2c3566d6c3e0"},"C:\\Users\\User\\latest smart\\Smart-Time-And-Attendance-Tracker\\STAT-server\\models\\project.model.js":{"path":"C:\\Users\\User\\latest smart\\Smart-Time-And-Attendance-Tracker\\STAT-server\\models\\project.model.js","statementMap":{"0":{"start":{"line":23,"column":17},"end":{"line":23,"column":36}},"1":{"start":{"line":25,"column":20},"end":{"line":73,"column":2}},"2":{"start":{"line":75,"column":0},"end":{"line":75,"column":41}}},"fnMap":{},"branchMap":{},"s":{"0":1,"1":1,"2":1},"f":{},"b":{},"_coverageSchema":"1a1c01bbd47fc00a2c39e90264f33305004495a9","hash":"aaadbc7fc347c167c79072d51553cc639b2b27a0","contentHash":"ceed067d32863939eeee2f370f2396658f3f0d1cd35fb649ce230f5d9a3010db"},"C:\\Users\\User\\latest smart\\Smart-Time-And-Attendance-Tracker\\STAT-server\\models\\user.model.js":{"path":"C:\\Users\\User\\latest smart\\Smart-Time-And-Attendance-Tracker\\STAT-server\\models\\user.model.js","statementMap":{"0":{"start":{"line":23,"column":17},"end":{"line":23,"column":36}},"1":{"start":{"line":24,"column":13},"end":{"line":24,"column":32}},"2":{"start":{"line":25,"column":12},"end":{"line":25,"column":35}},"3":{"start":{"line":30,"column":17},"end":{"line":71,"column":2}},"4":{"start":{"line":78,"column":0},"end":{"line":80,"column":1}},"5":{"start":{"line":79,"column":4},"end":{"line":79,"column":55}},"6":{"start":{"line":86,"column":0},"end":{"line":92,"column":1}},"7":{"start":{"line":87,"column":4},"end":{"line":91,"column":11}},"8":{"start":{"line":99,"column":0},"end":{"line":112,"column":3}},"9":{"start":{"line":100,"column":15},"end":{"line":100,"column":37}},"10":{"start":{"line":101,"column":15},"end":{"line":101,"column":51}},"11":{"start":{"line":102,"column":4},"end":{"line":102,"column":23}},"12":{"start":{"line":104,"column":4},"end":{"line":104,"column":11}},"13":{"start":{"line":114,"column":0},"end":{"line":114,"column":35}}},"fnMap":{"0":{"name":"(anonymous_0)","decl":{"start":{"line":78,"column":36},"end":{"line":78,"column":37}},"loc":{"start":{"line":78,"column":54},"end":{"line":80,"column":1}},"line":78},"1":{"name":"(anonymous_1)","decl":{"start":{"line":86,"column":33},"end":{"line":86,"column":34}},"loc":{"start":{"line":86,"column":44},"end":{"line":92,"column":1}},"line":86},"2":{"name":"(anonymous_2)","decl":{"start":{"line":99,"column":22},"end":{"line":99,"column":23}},"loc":{"start":{"line":99,"column":36},"end":{"line":112,"column":1}},"line":99}},"branchMap":{},"s":{"0":1,"1":1,"2":1,"3":1,"4":1,"5":1,"6":1,"7":2,"8":1,"9":1,"10":1,"11":1,"12":1,"13":1},"f":{"0":1,"1":2,"2":1},"b":{},"_coverageSchema":"1a1c01bbd47fc00a2c39e90264f33305004495a9","hash":"3b2bfd6ef186a789ed950f3a67a62588fbaa7878","contentHash":"23518b5e76999e64054e484c363fd3a61a84f5c8d05acdd7631ac8ff2a0774bc"},"C:\\Users\\User\\latest smart\\Smart-Time-And-Attendance-Tracker\\STAT-server\\models\\task.model.js":{"path":"C:\\Users\\User\\latest smart\\Smart-Time-And-Attendance-Tracker\\STAT-server\\models\\task.model.js","statementMap":{"0":{"start":{"line":22,"column":17},"end":{"line":22,"column":36}},"1":{"start":{"line":24,"column":17},"end":{"line":54,"column":2}},"2":{"start":{"line":56,"column":0},"end":{"line":56,"column":35}}},"fnMap":{},"branchMap":{},"s":{"0":1,"1":1,"2":1},"f":{},"b":{},"_coverageSchema":"1a1c01bbd47fc00a2c39e90264f33305004495a9","hash":"23fc6ed656cbcb968062ca90935a17950e1df32c","contentHash":"69e7ef93f00018722e06751e0608c27e7209e5f223efdcb7b56f5de46d4d442d"},"C:\\Users\\User\\latest smart\\Smart-Time-And-Attendance-Tracker\\STAT-server\\models\\team.model.js":{"path":"C:\\Users\\User\\latest smart\\Smart-Time-And-Attendance-Tracker\\STAT-server\\models\\team.model.js","statementMap":{"0":{"start":{"line":22,"column":17},"end":{"line":22,"column":36}},"1":{"start":{"line":24,"column":17},"end":{"line":40,"column":2}},"2":{"start":{"line":42,"column":0},"end":{"line":42,"column":36}}},"fnMap":{},"branchMap":{},"s":{"0":1,"1":1,"2":1},"f":{},"b":{},"_coverageSchema":"1a1c01bbd47fc00a2c39e90264f33305004495a9","hash":"10205430a10e4c3a366f245364a47206b5ee2664","contentHash":"e0d8e2bc7c317347812624507bf7d3d92b33782007aacff076ccde4da4e8c6ca"},"C:\\Users\\User\\latest smart\\Smart-Time-And-Attendance-Tracker\\STAT-server\\models\\role.model.js":{"path":"C:\\Users\\User\\latest smart\\Smart-Time-And-Attendance-Tracker\\STAT-server\\models\\role.model.js","statementMap":{"0":{"start":{"line":23,"column":17},"end":{"line":23,"column":36}},"1":{"start":{"line":25,"column":17},"end":{"line":36,"column":2}},"2":{"start":{"line":38,"column":0},"end":{"line":38,"column":35}}},"fnMap":{},"branchMap":{},"s":{"0":1,"1":1,"2":1},"f":{},"b":{},"_coverageSchema":"1a1c01bbd47fc00a2c39e90264f33305004495a9","hash":"b857e9cfbe842a9de6347d0bcee086b2d5b76b24","contentHash":"fb808892f8661e37c319b12a80d9ff0bfb7cab42164a0b251d0762a209954f34"},"C:\\Users\\User\\latest smart\\Smart-Time-And-Attendance-Tracker\\STAT-server\\models\\timeEntry.model.js":{"path":"C:\\Users\\User\\latest smart\\Smart-Time-And-Attendance-Tracker\\STAT-server\\models\\timeEntry.model.js","statementMap":{"0":{"start":{"line":22,"column":17},"end":{"line":22,"column":36}},"1":{"start":{"line":24,"column":24},"end":{"line":67,"column":2}},"2":{"start":{"line":69,"column":0},"end":{"line":69,"column":62}}},"fnMap":{},"branchMap":{},"s":{"0":1,"1":1,"2":1},"f":{},"b":{},"_coverageSchema":"1a1c01bbd47fc00a2c39e90264f33305004495a9","hash":"ca84c925b3fbf01ebe6b64b820093a164b47c3ac","contentHash":"053c17e23ea140757d9f166e02a85d35f2e6a111e6208adec3cd01e35349d569"},"C:\\Users\\User\\latest smart\\Smart-Time-And-Attendance-Tracker\\STAT-server\\models\\userTimeEntry.model.js":{"path":"C:\\Users\\User\\latest smart\\Smart-Time-And-Attendance-Tracker\\STAT-server\\models\\userTimeEntry.model.js","statementMap":{"0":{"start":{"line":22,"column":17},"end":{"line":22,"column":36}},"1":{"start":{"line":24,"column":26},"end":{"line":36,"column":2}},"2":{"start":{"line":38,"column":0},"end":{"line":38,"column":53}}},"fnMap":{},"branchMap":{},"s":{"0":1,"1":1,"2":1},"f":{},"b":{},"_coverageSchema":"1a1c01bbd47fc00a2c39e90264f33305004495a9","hash":"91bca52bc69dcfa77fdc8a06c01dbd45f0898ceb","contentHash":"673859d85df9b433fb967223928e67ca5d91a7a580c7bba5928c413a6d88adcf"},"C:\\Users\\User\\latest smart\\Smart-Time-And-Attendance-Tracker\\STAT-server\\models\\iotDevice.model.js":{"path":"C:\\Users\\User\\latest smart\\Smart-Time-And-Attendance-Tracker\\STAT-server\\models\\iotDevice.model.js","statementMap":{"0":{"start":{"line":23,"column":17},"end":{"line":23,"column":36}},"1":{"start":{"line":25,"column":22},"end":{"line":51,"column":2}},"2":{"start":{"line":53,"column":0},"end":{"line":53,"column":45}}},"fnMap":{},"branchMap":{},"s":{"0":1,"1":1,"2":1},"f":{},"b":{},"_coverageSchema":"1a1c01bbd47fc00a2c39e90264f33305004495a9","hash":"be9436e7d084c548511dbf83b26e8aa89a476f48","contentHash":"70aac80a4a323e9962bfbffee268971940b9009d0ef8c809815b36fb2aad5cf4"},"C:\\Users\\User\\latest smart\\Smart-Time-And-Attendance-Tracker\\STAT-server\\models\\calendarEvents.model.js":{"path":"C:\\Users\\User\\latest smart\\Smart-Time-And-Attendance-Tracker\\STAT-server\\models\\calendarEvents.model.js","statementMap":{"0":{"start":{"line":22,"column":17},"end":{"line":22,"column":36}},"1":{"start":{"line":24,"column":32},"end":{"line":34,"column":2}},"2":{"start":{"line":36,"column":0},"end":{"line":36,"column":65}}},"fnMap":{},"branchMap":{},"s":{"0":1,"1":1,"2":1},"f":{},"b":{},"_coverageSchema":"1a1c01bbd47fc00a2c39e90264f33305004495a9","hash":"326a8479633f76c9a6bda32e784154fd5492b968","contentHash":"78d2b8971aef806093a117770b4e60c52a3a0303a1d9877d950494a2a07eacce"},"C:\\Users\\User\\latest smart\\Smart-Time-And-Attendance-Tracker\\STAT-server\\config\\passportConfig.js":{"path":"C:\\Users\\User\\latest smart\\Smart-Time-And-Attendance-Tracker\\STAT-server\\config\\passportConfig.js","statementMap":{"0":{"start":{"line":22,"column":17},"end":{"line":22,"column":36}},"1":{"start":{"line":23,"column":22},"end":{"line":23,"column":56}},"2":{"start":{"line":24,"column":17},"end":{"line":24,"column":36}},"3":{"start":{"line":26,"column":18},"end":{"line":26,"column":40}},"4":{"start":{"line":28,"column":0},"end":{"line":48,"column":2}},"5":{"start":{"line":31,"column":8},"end":{"line":46,"column":15}},"6":{"start":{"line":33,"column":16},"end":{"line":44,"column":44}},"7":{"start":{"line":34,"column":20},"end":{"line":34,"column":37}},"8":{"start":{"line":36,"column":21},"end":{"line":44,"column":44}},"9":{"start":{"line":37,"column":20},"end":{"line":37,"column":74}},"10":{"start":{"line":39,"column":21},"end":{"line":44,"column":44}},"11":{"start":{"line":40,"column":20},"end":{"line":40,"column":78}},"12":{"start":{"line":44,"column":20},"end":{"line":44,"column":44}}},"fnMap":{"0":{"name":"(anonymous_0)","decl":{"start":{"line":30,"column":4},"end":{"line":30,"column":5}},"loc":{"start":{"line":30,"column":33},"end":{"line":47,"column":5}},"line":30},"1":{"name":"(anonymous_1)","decl":{"start":{"line":32,"column":12},"end":{"line":32,"column":13}},"loc":{"start":{"line":32,"column":26},"end":{"line":46,"column":13}},"line":32}},"branchMap":{"0":{"loc":{"start":{"line":33,"column":16},"end":{"line":44,"column":44}},"type":"if","locations":[{"start":{"line":33,"column":16},"end":{"line":44,"column":44}},{"start":{"line":33,"column":16},"end":{"line":44,"column":44}}],"line":33},"1":{"loc":{"start":{"line":36,"column":21},"end":{"line":44,"column":44}},"type":"if","locations":[{"start":{"line":36,"column":21},"end":{"line":44,"column":44}},{"start":{"line":36,"column":21},"end":{"line":44,"column":44}}],"line":36},"2":{"loc":{"start":{"line":39,"column":21},"end":{"line":44,"column":44}},"type":"if","locations":[{"start":{"line":39,"column":21},"end":{"line":44,"column":44}},{"start":{"line":39,"column":21},"end":{"line":44,"column":44}}],"line":39}},"s":{"0":1,"1":1,"2":1,"3":1,"4":1,"5":1,"6":1,"7":0,"8":1,"9":0,"10":1,"11":0,"12":1},"f":{"0":1,"1":1},"b":{"0":[0,1],"1":[0,1],"2":[0,1]},"_coverageSchema":"1a1c01bbd47fc00a2c39e90264f33305004495a9","hash":"a12da129e500d5785b1a6c898c2dc4f18209244a","contentHash":"7507c8d79b60231ebff71e7d60568b13e29e43aa3e0d57a8d1732e77c7cbf2b2"},"C:\\Users\\User\\latest smart\\Smart-Time-And-Attendance-Tracker\\STAT-server\\routes\\index.router.js":{"path":"C:\\Users\\User\\latest smart\\Smart-Time-And-Attendance-Tracker\\STAT-server\\routes\\index.router.js","statementMap":{"0":{"start":{"line":25,"column":16},"end":{"line":25,"column":34}},"1":{"start":{"line":26,"column":17},"end":{"line":26,"column":44}},"2":{"start":{"line":27,"column":15},"end":{"line":27,"column":41}},"3":{"start":{"line":28,"column":13},"end":{"line":28,"column":54}},"4":{"start":{"line":29,"column":13},"end":{"line":29,"column":54}},"5":{"start":{"line":30,"column":22},"end":{"line":30,"column":72}},"6":{"start":{"line":31,"column":13},"end":{"line":31,"column":54}},"7":{"start":{"line":32,"column":13},"end":{"line":32,"column":54}},"8":{"start":{"line":33,"column":16},"end":{"line":33,"column":60}},"9":{"start":{"line":34,"column":18},"end":{"line":34,"column":63}},"10":{"start":{"line":35,"column":17},"end":{"line":35,"column":64}},"11":{"start":{"line":36,"column":18},"end":{"line":36,"column":48}},"12":{"start":{"line":37,"column":19},"end":{"line":37,"column":52}},"13":{"start":{"line":40,"column":0},"end":{"line":40,"column":45}},"14":{"start":{"line":41,"column":0},"end":{"line":41,"column":39}},"15":{"start":{"line":42,"column":0},"end":{"line":42,"column":69}},"16":{"start":{"line":43,"column":0},"end":{"line":43,"column":67}},"17":{"start":{"line":44,"column":0},"end":{"line":44,"column":83}},"18":{"start":{"line":45,"column":0},"end":{"line":45,"column":103}},"19":{"start":{"line":47,"column":0},"end":{"line":47,"column":125}},"20":{"start":{"line":48,"column":0},"end":{"line":48,"column":105}},"21":{"start":{"line":49,"column":0},"end":{"line":49,"column":108}},"22":{"start":{"line":50,"column":0},"end":{"line":50,"column":96}},"23":{"start":{"line":51,"column":0},"end":{"line":51,"column":92}},"24":{"start":{"line":52,"column":0},"end":{"line":52,"column":95}},"25":{"start":{"line":53,"column":0},"end":{"line":53,"column":101}},"26":{"start":{"line":57,"column":0},"end":{"line":57,"column":96}},"27":{"start":{"line":58,"column":0},"end":{"line":58,"column":92}},"28":{"start":{"line":61,"column":0},"end":{"line":61,"column":134}},"29":{"start":{"line":62,"column":0},"end":{"line":62,"column":124}},"30":{"start":{"line":63,"column":0},"end":{"line":63,"column":130}},"31":{"start":{"line":64,"column":0},"end":{"line":64,"column":137}},"32":{"start":{"line":65,"column":0},"end":{"line":65,"column":133}},"33":{"start":{"line":66,"column":0},"end":{"line":66,"column":133}},"34":{"start":{"line":67,"column":0},"end":{"line":67,"column":158}},"35":{"start":{"line":68,"column":0},"end":{"line":68,"column":155}},"36":{"start":{"line":69,"column":0},"end":{"line":69,"column":128}},"37":{"start":{"line":73,"column":0},"end":{"line":73,"column":90}},"38":{"start":{"line":74,"column":0},"end":{"line":74,"column":103}},"39":{"start":{"line":75,"column":0},"end":{"line":75,"column":110}},"40":{"start":{"line":76,"column":0},"end":{"line":76,"column":95}},"41":{"start":{"line":77,"column":0},"end":{"line":77,"column":94}},"42":{"start":{"line":78,"column":0},"end":{"line":78,"column":90}},"43":{"start":{"line":79,"column":0},"end":{"line":79,"column":93}},"44":{"start":{"line":82,"column":0},"end":{"line":82,"column":109}},"45":{"start":{"line":83,"column":0},"end":{"line":83,"column":121}},"46":{"start":{"line":84,"column":0},"end":{"line":84,"column":130}},"47":{"start":{"line":85,"column":0},"end":{"line":85,"column":101}},"48":{"start":{"line":86,"column":0},"end":{"line":86,"column":100}},"49":{"start":{"line":87,"column":0},"end":{"line":87,"column":108}},"50":{"start":{"line":88,"column":0},"end":{"line":88,"column":111}},"51":{"start":{"line":89,"column":0},"end":{"line":89,"column":103}},"52":{"start":{"line":90,"column":0},"end":{"line":90,"column":100}},"53":{"start":{"line":91,"column":0},"end":{"line":91,"column":103}},"54":{"start":{"line":92,"column":0},"end":{"line":92,"column":95}},"55":{"start":{"line":93,"column":0},"end":{"line":93,"column":107}},"56":{"start":{"line":95,"column":0},"end":{"line":95,"column":91}},"57":{"start":{"line":96,"column":0},"end":{"line":96,"column":97}},"58":{"start":{"line":97,"column":0},"end":{"line":97,"column":110}},"59":{"start":{"line":98,"column":0},"end":{"line":98,"column":89}},"60":{"start":{"line":101,"column":0},"end":{"line":101,"column":106}},"61":{"start":{"line":102,"column":0},"end":{"line":102,"column":89}},"62":{"start":{"line":105,"column":0},"end":{"line":105,"column":138}},"63":{"start":{"line":106,"column":0},"end":{"line":106,"column":142}},"64":{"start":{"line":107,"column":0},"end":{"line":107,"column":148}},"65":{"start":{"line":108,"column":0},"end":{"line":108,"column":170}},"66":{"start":{"line":109,"column":0},"end":{"line":109,"column":171}},"67":{"start":{"line":113,"column":0},"end":{"line":113,"column":141}},"68":{"start":{"line":114,"column":0},"end":{"line":114,"column":144}},"69":{"start":{"line":115,"column":0},"end":{"line":115,"column":143}},"70":{"start":{"line":116,"column":0},"end":{"line":116,"column":155}},"71":{"start":{"line":117,"column":0},"end":{"line":117,"column":129}},"72":{"start":{"line":118,"column":0},"end":{"line":118,"column":151}},"73":{"start":{"line":119,"column":0},"end":{"line":119,"column":148}},"74":{"start":{"line":122,"column":0},"end":{"line":122,"column":24}}},"fnMap":{},"branchMap":{},"s":{"0":1,"1":1,"2":1,"3":1,"4":1,"5":1,"6":1,"7":1,"8":1,"9":1,"10":1,"11":1,"12":1,"13":1,"14":1,"15":1,"16":1,"17":1,"18":1,"19":1,"20":1,"21":1,"22":1,"23":1,"24":1,"25":1,"26":1,"27":1,"28":1,"29":1,"30":1,"31":1,"32":1,"33":1,"34":1,"35":1,"36":1,"37":1,"38":1,"39":1,"40":1,"41":1,"42":1,"43":1,"44":1,"45":1,"46":1,"47":1,"48":1,"49":1,"50":1,"51":1,"52":1,"53":1,"54":1,"55":1,"56":1,"57":1,"58":1,"59":1,"60":1,"61":1,"62":1,"63":1,"64":1,"65":1,"66":1,"67":1,"68":1,"69":1,"70":1,"71":1,"72":1,"73":1,"74":1},"f":{},"b":{},"_coverageSchema":"1a1c01bbd47fc00a2c39e90264f33305004495a9","hash":"46f871c51c49f23e0fa2b347bb662a4f9c8fd4ba","contentHash":"cb9ea0789395bcbd7bd98df71d922a3d61983afea1e6e0577c495b0b19a704fb"},"C:\\Users\\User\\latest smart\\Smart-Time-And-Attendance-Tracker\\STAT-server\\controllers\\user.controller.js":{"path":"C:\\Users\\User\\latest smart\\Smart-Time-And-Attendance-Tracker\\STAT-server\\controllers\\user.controller.js","statementMap":{"0":{"start":{"line":23,"column":17},"end":{"line":23,"column":36}},"1":{"start":{"line":24,"column":17},"end":{"line":24,"column":36}},"2":{"start":{"line":25,"column":18},"end":{"line":25,"column":40}},"3":{"start":{"line":27,"column":18},"end":{"line":27,"column":51}},"4":{"start":{"line":28,"column":18},"end":{"line":28,"column":51}},"5":{"start":{"line":29,"column":21},"end":{"line":29,"column":57}},"6":{"start":{"line":40,"column":0},"end":{"line":62,"column":1}},"7":{"start":{"line":42,"column":4},"end":{"line":60,"column":16}},"8":{"start":{"line":44,"column":8},"end":{"line":58,"column":9}},"9":{"start":{"line":45,"column":12},"end":{"line":45,"column":84}},"10":{"start":{"line":47,"column":13},"end":{"line":58,"column":9}},"11":{"start":{"line":49,"column":12},"end":{"line":49,"column":100}},"12":{"start":{"line":54,"column":12},"end":{"line":55,"column":50}},"13":{"start":{"line":55,"column":16},"end":{"line":55,"column":50}},"14":{"start":{"line":57,"column":12},"end":{"line":57,"column":46}},"15":{"start":{"line":71,"column":0},"end":{"line":112,"column":1}},"16":{"start":{"line":72,"column":4},"end":{"line":111,"column":5}},"17":{"start":{"line":74,"column":8},"end":{"line":74,"column":70}},"18":{"start":{"line":76,"column":9},"end":{"line":111,"column":5}},"19":{"start":{"line":77,"column":8},"end":{"line":77,"column":73}},"20":{"start":{"line":80,"column":12},"end":{"line":110,"column":15}},"21":{"start":{"line":81,"column":16},"end":{"line":81,"column":97}},"22":{"start":{"line":81,"column":25},"end":{"line":81,"column":97}},"23":{"start":{"line":83,"column":16},"end":{"line":108,"column":17}},"24":{"start":{"line":84,"column":20},"end":{"line":84,"column":82}},"25":{"start":{"line":87,"column":31},"end":{"line":87,"column":46}},"26":{"start":{"line":88,"column":20},"end":{"line":88,"column":46}},"27":{"start":{"line":89,"column":20},"end":{"line":89,"column":52}},"28":{"start":{"line":90,"column":20},"end":{"line":90,"column":62}},"29":{"start":{"line":91,"column":20},"end":{"line":91,"column":54}},"30":{"start":{"line":92,"column":20},"end":{"line":92,"column":36}},"31":{"start":{"line":93,"column":20},"end":{"line":93,"column":46}},"32":{"start":{"line":94,"column":20},"end":{"line":94,"column":41}},"33":{"start":{"line":95,"column":20},"end":{"line":95,"column":49}},"34":{"start":{"line":96,"column":20},"end":{"line":106,"column":23}},"35":{"start":{"line":97,"column":24},"end":{"line":105,"column":25}},"36":{"start":{"line":98,"column":28},"end":{"line":98,"column":116}},"37":{"start":{"line":101,"column":28},"end":{"line":104,"column":104}},"38":{"start":{"line":102,"column":32},"end":{"line":102,"column":87}},"39":{"start":{"line":104,"column":32},"end":{"line":104,"column":104}},"40":{"start":{"line":140,"column":0},"end":{"line":150,"column":1}},"41":{"start":{"line":141,"column":4},"end":{"line":149,"column":7}},"42":{"start":{"line":142,"column":8},"end":{"line":147,"column":88}},"43":{"start":{"line":143,"column":12},"end":{"line":143,"column":84}},"44":{"start":{"line":144,"column":13},"end":{"line":147,"column":88}},"45":{"start":{"line":145,"column":12},"end":{"line":145,"column":71}},"46":{"start":{"line":147,"column":12},"end":{"line":147,"column":88}},"47":{"start":{"line":158,"column":0},"end":{"line":192,"column":1}},"48":{"start":{"line":159,"column":4},"end":{"line":190,"column":7}},"49":{"start":{"line":160,"column":8},"end":{"line":189,"column":9}},"50":{"start":{"line":161,"column":12},"end":{"line":161,"column":84}},"51":{"start":{"line":162,"column":13},"end":{"line":189,"column":9}},"52":{"start":{"line":163,"column":12},"end":{"line":163,"column":71}},"53":{"start":{"line":167,"column":30},"end":{"line":167,"column":32}},"54":{"start":{"line":168,"column":18},"end":{"line":168,"column":19}},"55":{"start":{"line":168,"column":28},"end":{"line":168,"column":33}},"56":{"start":{"line":169,"column":12},"end":{"line":188,"column":13}},"57":{"start":{"line":172,"column":17},"end":{"line":187,"column":19}},"58":{"start":{"line":174,"column":21},"end":{"line":186,"column":21}},"59":{"start":{"line":175,"column":24},"end":{"line":175,"column":96}},"60":{"start":{"line":177,"column":25},"end":{"line":186,"column":21}},"61":{"start":{"line":178,"column":24},"end":{"line":178,"column":83}},"62":{"start":{"line":181,"column":24},"end":{"line":181,"column":46}},"63":{"start":{"line":182,"column":24},"end":{"line":185,"column":25}},"64":{"start":{"line":184,"column":28},"end":{"line":184,"column":79}},"65":{"start":{"line":201,"column":0},"end":{"line":216,"column":1}},"66":{"start":{"line":202,"column":4},"end":{"line":215,"column":7}},"67":{"start":{"line":203,"column":8},"end":{"line":214,"column":9}},"68":{"start":{"line":204,"column":12},"end":{"line":204,"column":84}},"69":{"start":{"line":205,"column":13},"end":{"line":214,"column":9}},"70":{"start":{"line":206,"column":12},"end":{"line":206,"column":87}},"71":{"start":{"line":209,"column":12},"end":{"line":209,"column":36}},"72":{"start":{"line":210,"column":12},"end":{"line":212,"column":13}},"73":{"start":{"line":210,"column":22},"end":{"line":210,"column":23}},"74":{"start":{"line":211,"column":16},"end":{"line":211,"column":183}},"75":{"start":{"line":213,"column":12},"end":{"line":213,"column":86}},"76":{"start":{"line":226,"column":0},"end":{"line":289,"column":1}},"77":{"start":{"line":227,"column":4},"end":{"line":228,"column":34}},"78":{"start":{"line":228,"column":8},"end":{"line":228,"column":34}},"79":{"start":{"line":230,"column":4},"end":{"line":288,"column":5}},"80":{"start":{"line":232,"column":8},"end":{"line":257,"column":11}},"81":{"start":{"line":233,"column":12},"end":{"line":256,"column":13}},"82":{"start":{"line":234,"column":16},"end":{"line":234,"column":88}},"83":{"start":{"line":235,"column":17},"end":{"line":256,"column":13}},"84":{"start":{"line":236,"column":16},"end":{"line":236,"column":75}},"85":{"start":{"line":239,"column":16},"end":{"line":239,"column":25}},"86":{"start":{"line":240,"column":16},"end":{"line":255,"column":17}},"87":{"start":{"line":240,"column":26},"end":{"line":240,"column":27}},"88":{"start":{"line":242,"column":20},"end":{"line":253,"column":23}},"89":{"start":{"line":244,"column":24},"end":{"line":248,"column":200}},"90":{"start":{"line":245,"column":28},"end":{"line":245,"column":100}},"91":{"start":{"line":248,"column":28},"end":{"line":248,"column":200}},"92":{"start":{"line":250,"column":24},"end":{"line":251,"column":69}},"93":{"start":{"line":251,"column":32},"end":{"line":251,"column":69}},"94":{"start":{"line":261,"column":8},"end":{"line":287,"column":11}},"95":{"start":{"line":262,"column":12},"end":{"line":286,"column":13}},"96":{"start":{"line":263,"column":16},"end":{"line":263,"column":88}},"97":{"start":{"line":264,"column":17},"end":{"line":286,"column":13}},"98":{"start":{"line":265,"column":16},"end":{"line":265,"column":75}},"99":{"start":{"line":268,"column":16},"end":{"line":268,"column":25}},"100":{"start":{"line":269,"column":16},"end":{"line":285,"column":17}},"101":{"start":{"line":269,"column":26},"end":{"line":269,"column":27}},"102":{"start":{"line":271,"column":20},"end":{"line":283,"column":23}},"103":{"start":{"line":273,"column":24},"end":{"line":277,"column":195}},"104":{"start":{"line":274,"column":28},"end":{"line":274,"column":100}},"105":{"start":{"line":277,"column":28},"end":{"line":277,"column":195}},"106":{"start":{"line":279,"column":24},"end":{"line":280,"column":69}},"107":{"start":{"line":280,"column":32},"end":{"line":280,"column":69}},"108":{"start":{"line":297,"column":0},"end":{"line":310,"column":1}},"109":{"start":{"line":298,"column":4},"end":{"line":299,"column":67}},"110":{"start":{"line":299,"column":8},"end":{"line":299,"column":67}},"111":{"start":{"line":301,"column":4},"end":{"line":309,"column":7}},"112":{"start":{"line":302,"column":8},"end":{"line":307,"column":73}},"113":{"start":{"line":303,"column":12},"end":{"line":303,"column":84}},"114":{"start":{"line":304,"column":13},"end":{"line":307,"column":73}},"115":{"start":{"line":305,"column":12},"end":{"line":305,"column":71}},"116":{"start":{"line":307,"column":12},"end":{"line":307,"column":73}},"117":{"start":{"line":318,"column":0},"end":{"line":329,"column":1}},"118":{"start":{"line":320,"column":4},"end":{"line":328,"column":7}},"119":{"start":{"line":321,"column":8},"end":{"line":326,"column":93}},"120":{"start":{"line":322,"column":12},"end":{"line":322,"column":84}},"121":{"start":{"line":323,"column":13},"end":{"line":326,"column":93}},"122":{"start":{"line":324,"column":12},"end":{"line":324,"column":71}},"123":{"start":{"line":326,"column":12},"end":{"line":326,"column":93}},"124":{"start":{"line":337,"column":0},"end":{"line":346,"column":1}},"125":{"start":{"line":338,"column":4},"end":{"line":345,"column":7}},"126":{"start":{"line":339,"column":8},"end":{"line":343,"column":13}},"127":{"start":{"line":340,"column":12},"end":{"line":340,"column":84}},"128":{"start":{"line":341,"column":13},"end":{"line":343,"column":13}},"129":{"start":{"line":342,"column":12},"end":{"line":342,"column":71}},"130":{"start":{"line":344,"column":12},"end":{"line":344,"column":122}},"131":{"start":{"line":355,"column":0},"end":{"line":394,"column":1}},"132":{"start":{"line":356,"column":4},"end":{"line":357,"column":67}},"133":{"start":{"line":357,"column":8},"end":{"line":357,"column":67}},"134":{"start":{"line":359,"column":4},"end":{"line":393,"column":7}},"135":{"start":{"line":360,"column":8},"end":{"line":391,"column":9}},"136":{"start":{"line":361,"column":12},"end":{"line":361,"column":84}},"137":{"start":{"line":362,"column":13},"end":{"line":391,"column":9}},"138":{"start":{"line":363,"column":12},"end":{"line":363,"column":71}},"139":{"start":{"line":367,"column":12},"end":{"line":390,"column":15}},"140":{"start":{"line":369,"column":16},"end":{"line":389,"column":17}},"141":{"start":{"line":370,"column":20},"end":{"line":370,"column":92}},"142":{"start":{"line":373,"column":20},"end":{"line":387,"column":23}},"143":{"start":{"line":375,"column":24},"end":{"line":386,"column":25}},"144":{"start":{"line":376,"column":28},"end":{"line":376,"column":100}},"145":{"start":{"line":379,"column":28},"end":{"line":385,"column":31}},"146":{"start":{"line":381,"column":32},"end":{"line":384,"column":91}},"147":{"start":{"line":382,"column":36},"end":{"line":382,"column":108}},"148":{"start":{"line":384,"column":36},"end":{"line":384,"column":91}},"149":{"start":{"line":401,"column":0},"end":{"line":412,"column":1}},"150":{"start":{"line":402,"column":4},"end":{"line":410,"column":7}},"151":{"start":{"line":403,"column":8},"end":{"line":408,"column":79}},"152":{"start":{"line":404,"column":12},"end":{"line":404,"column":84}},"153":{"start":{"line":405,"column":13},"end":{"line":408,"column":79}},"154":{"start":{"line":406,"column":12},"end":{"line":406,"column":71}},"155":{"start":{"line":408,"column":12},"end":{"line":408,"column":79}},"156":{"start":{"line":420,"column":0},"end":{"line":455,"column":1}},"157":{"start":{"line":421,"column":16},"end":{"line":421,"column":17}},"158":{"start":{"line":422,"column":25},"end":{"line":422,"column":27}},"159":{"start":{"line":423,"column":4},"end":{"line":454,"column":7}},"160":{"start":{"line":424,"column":8},"end":{"line":453,"column":9}},"161":{"start":{"line":425,"column":12},"end":{"line":425,"column":84}},"162":{"start":{"line":426,"column":13},"end":{"line":453,"column":9}},"163":{"start":{"line":427,"column":12},"end":{"line":427,"column":71}},"164":{"start":{"line":431,"column":12},"end":{"line":432,"column":97}},"165":{"start":{"line":432,"column":16},"end":{"line":432,"column":97}},"166":{"start":{"line":434,"column":12},"end":{"line":451,"column":13}},"167":{"start":{"line":436,"column":16},"end":{"line":448,"column":19}},"168":{"start":{"line":437,"column":20},"end":{"line":437,"column":37}},"169":{"start":{"line":438,"column":20},"end":{"line":442,"column":49}},"170":{"start":{"line":439,"column":24},"end":{"line":439,"column":96}},"171":{"start":{"line":441,"column":25},"end":{"line":442,"column":49}},"172":{"start":{"line":442,"column":24},"end":{"line":442,"column":49}},"173":{"start":{"line":444,"column":20},"end":{"line":447,"column":21}},"174":{"start":{"line":446,"column":24},"end":{"line":446,"column":81}},"175":{"start":{"line":463,"column":0},"end":{"line":491,"column":1}},"176":{"start":{"line":464,"column":4},"end":{"line":490,"column":7}},"177":{"start":{"line":465,"column":8},"end":{"line":489,"column":9}},"178":{"start":{"line":466,"column":12},"end":{"line":466,"column":84}},"179":{"start":{"line":467,"column":13},"end":{"line":489,"column":9}},"180":{"start":{"line":468,"column":12},"end":{"line":468,"column":69}},"181":{"start":{"line":471,"column":12},"end":{"line":472,"column":45}},"182":{"start":{"line":472,"column":17},"end":{"line":472,"column":45}},"183":{"start":{"line":474,"column":12},"end":{"line":475,"column":47}},"184":{"start":{"line":475,"column":16},"end":{"line":475,"column":47}},"185":{"start":{"line":477,"column":12},"end":{"line":478,"column":51}},"186":{"start":{"line":478,"column":16},"end":{"line":478,"column":51}},"187":{"start":{"line":481,"column":16},"end":{"line":487,"column":19}},"188":{"start":{"line":482,"column":20},"end":{"line":485,"column":92}},"189":{"start":{"line":483,"column":24},"end":{"line":483,"column":96}},"190":{"start":{"line":485,"column":24},"end":{"line":485,"column":92}},"191":{"start":{"line":502,"column":0},"end":{"line":546,"column":1}},"192":{"start":{"line":504,"column":4},"end":{"line":505,"column":67}},"193":{"start":{"line":505,"column":8},"end":{"line":505,"column":67}},"194":{"start":{"line":507,"column":4},"end":{"line":508,"column":64}},"195":{"start":{"line":508,"column":8},"end":{"line":508,"column":64}},"196":{"start":{"line":510,"column":4},"end":{"line":543,"column":6}},"197":{"start":{"line":511,"column":8},"end":{"line":542,"column":9}},"198":{"start":{"line":512,"column":12},"end":{"line":512,"column":84}},"199":{"start":{"line":513,"column":13},"end":{"line":542,"column":9}},"200":{"start":{"line":514,"column":12},"end":{"line":514,"column":71}},"201":{"start":{"line":517,"column":12},"end":{"line":540,"column":15}},"202":{"start":{"line":519,"column":20},"end":{"line":539,"column":17}},"203":{"start":{"line":520,"column":20},"end":{"line":520,"column":92}},"204":{"start":{"line":522,"column":21},"end":{"line":539,"column":17}},"205":{"start":{"line":523,"column":20},"end":{"line":523,"column":79}},"206":{"start":{"line":526,"column":20},"end":{"line":538,"column":21}},"207":{"start":{"line":527,"column":24},"end":{"line":527,"column":87}},"208":{"start":{"line":531,"column":24},"end":{"line":537,"column":27}},"209":{"start":{"line":533,"column":28},"end":{"line":536,"column":99}},"210":{"start":{"line":534,"column":32},"end":{"line":534,"column":104}},"211":{"start":{"line":536,"column":32},"end":{"line":536,"column":99}},"212":{"start":{"line":557,"column":0},"end":{"line":601,"column":1}},"213":{"start":{"line":559,"column":4},"end":{"line":560,"column":67}},"214":{"start":{"line":560,"column":8},"end":{"line":560,"column":67}},"215":{"start":{"line":562,"column":4},"end":{"line":563,"column":64}},"216":{"start":{"line":563,"column":8},"end":{"line":563,"column":64}},"217":{"start":{"line":565,"column":4},"end":{"line":599,"column":7}},"218":{"start":{"line":566,"column":8},"end":{"line":597,"column":9}},"219":{"start":{"line":567,"column":12},"end":{"line":567,"column":84}},"220":{"start":{"line":568,"column":13},"end":{"line":597,"column":9}},"221":{"start":{"line":569,"column":12},"end":{"line":569,"column":71}},"222":{"start":{"line":573,"column":12},"end":{"line":595,"column":15}},"223":{"start":{"line":575,"column":16},"end":{"line":594,"column":13}},"224":{"start":{"line":576,"column":16},"end":{"line":576,"column":88}},"225":{"start":{"line":578,"column":17},"end":{"line":594,"column":13}},"226":{"start":{"line":579,"column":16},"end":{"line":579,"column":75}},"227":{"start":{"line":582,"column":16},"end":{"line":593,"column":94}},"228":{"start":{"line":584,"column":20},"end":{"line":590,"column":23}},"229":{"start":{"line":586,"column":24},"end":{"line":589,"column":97}},"230":{"start":{"line":587,"column":28},"end":{"line":587,"column":100}},"231":{"start":{"line":589,"column":28},"end":{"line":589,"column":97}},"232":{"start":{"line":593,"column":20},"end":{"line":593,"column":94}}},"fnMap":{"0":{"name":"(anonymous_0)","decl":{"start":{"line":40,"column":23},"end":{"line":40,"column":24}},"loc":{"start":{"line":40,"column":43},"end":{"line":62,"column":1}},"line":40},"1":{"name":"(anonymous_1)","decl":{"start":{"line":42,"column":35},"end":{"line":42,"column":36}},"loc":{"start":{"line":42,"column":52},"end":{"line":60,"column":5}},"line":42},"2":{"name":"(anonymous_2)","decl":{"start":{"line":71,"column":26},"end":{"line":71,"column":27}},"loc":{"start":{"line":71,"column":40},"end":{"line":112,"column":1}},"line":71},"3":{"name":"(anonymous_3)","decl":{"start":{"line":80,"column":57},"end":{"line":80,"column":58}},"loc":{"start":{"line":80,"column":77},"end":{"line":110,"column":13}},"line":80},"4":{"name":"(anonymous_4)","decl":{"start":{"line":96,"column":30},"end":{"line":96,"column":31}},"loc":{"start":{"line":96,"column":44},"end":{"line":106,"column":21}},"line":96},"5":{"name":"(anonymous_5)","decl":{"start":{"line":140,"column":25},"end":{"line":140,"column":26}},"loc":{"start":{"line":140,"column":45},"end":{"line":150,"column":1}},"line":140},"6":{"name":"(anonymous_6)","decl":{"start":{"line":141,"column":59},"end":{"line":141,"column":60}},"loc":{"start":{"line":141,"column":76},"end":{"line":149,"column":5}},"line":141},"7":{"name":"(anonymous_7)","decl":{"start":{"line":158,"column":26},"end":{"line":158,"column":27}},"loc":{"start":{"line":158,"column":40},"end":{"line":192,"column":1}},"line":158},"8":{"name":"(anonymous_8)","decl":{"start":{"line":159,"column":47},"end":{"line":159,"column":48}},"loc":{"start":{"line":159,"column":64},"end":{"line":190,"column":5}},"line":159},"9":{"name":"(anonymous_9)","decl":{"start":{"line":172,"column":51},"end":{"line":172,"column":52}},"loc":{"start":{"line":173,"column":17},"end":{"line":187,"column":17}},"line":173},"10":{"name":"(anonymous_10)","decl":{"start":{"line":201,"column":41},"end":{"line":201,"column":42}},"loc":{"start":{"line":201,"column":55},"end":{"line":216,"column":1}},"line":201},"11":{"name":"(anonymous_11)","decl":{"start":{"line":202,"column":118},"end":{"line":202,"column":119}},"loc":{"start":{"line":202,"column":135},"end":{"line":215,"column":5}},"line":202},"12":{"name":"(anonymous_12)","decl":{"start":{"line":226,"column":29},"end":{"line":226,"column":30}},"loc":{"start":{"line":226,"column":43},"end":{"line":289,"column":1}},"line":226},"13":{"name":"(anonymous_13)","decl":{"start":{"line":232,"column":137},"end":{"line":232,"column":138}},"loc":{"start":{"line":232,"column":154},"end":{"line":257,"column":9}},"line":232},"14":{"name":"(anonymous_14)","decl":{"start":{"line":242,"column":50},"end":{"line":242,"column":51}},"loc":{"start":{"line":243,"column":20},"end":{"line":253,"column":21}},"line":243},"15":{"name":"(anonymous_15)","decl":{"start":{"line":261,"column":46},"end":{"line":261,"column":47}},"loc":{"start":{"line":261,"column":63},"end":{"line":287,"column":9}},"line":261},"16":{"name":"(anonymous_16)","decl":{"start":{"line":271,"column":50},"end":{"line":271,"column":51}},"loc":{"start":{"line":272,"column":20},"end":{"line":283,"column":21}},"line":272},"17":{"name":"(anonymous_17)","decl":{"start":{"line":297,"column":30},"end":{"line":297,"column":31}},"loc":{"start":{"line":297,"column":50},"end":{"line":310,"column":1}},"line":297},"18":{"name":"(anonymous_18)","decl":{"start":{"line":301,"column":69},"end":{"line":301,"column":70}},"loc":{"start":{"line":301,"column":86},"end":{"line":309,"column":5}},"line":301},"19":{"name":"(anonymous_19)","decl":{"start":{"line":318,"column":31},"end":{"line":318,"column":32}},"loc":{"start":{"line":318,"column":45},"end":{"line":329,"column":1}},"line":318},"20":{"name":"(anonymous_20)","decl":{"start":{"line":320,"column":95},"end":{"line":320,"column":96}},"loc":{"start":{"line":320,"column":117},"end":{"line":328,"column":5}},"line":320},"21":{"name":"(anonymous_21)","decl":{"start":{"line":337,"column":28},"end":{"line":337,"column":29}},"loc":{"start":{"line":337,"column":48},"end":{"line":346,"column":1}},"line":337},"22":{"name":"(anonymous_22)","decl":{"start":{"line":338,"column":96},"end":{"line":338,"column":97}},"loc":{"start":{"line":338,"column":112},"end":{"line":345,"column":5}},"line":338},"23":{"name":"(anonymous_23)","decl":{"start":{"line":355,"column":24},"end":{"line":355,"column":25}},"loc":{"start":{"line":355,"column":44},"end":{"line":394,"column":1}},"line":355},"24":{"name":"(anonymous_24)","decl":{"start":{"line":359,"column":60},"end":{"line":359,"column":61}},"loc":{"start":{"line":359,"column":77},"end":{"line":393,"column":5}},"line":359},"25":{"name":"(anonymous_25)","decl":{"start":{"line":367,"column":70},"end":{"line":367,"column":71}},"loc":{"start":{"line":368,"column":12},"end":{"line":390,"column":13}},"line":368},"26":{"name":"(anonymous_26)","decl":{"start":{"line":373,"column":58},"end":{"line":373,"column":59}},"loc":{"start":{"line":374,"column":20},"end":{"line":387,"column":21}},"line":374},"27":{"name":"(anonymous_27)","decl":{"start":{"line":380,"column":32},"end":{"line":380,"column":33}},"loc":{"start":{"line":380,"column":49},"end":{"line":385,"column":29}},"line":380},"28":{"name":"(anonymous_28)","decl":{"start":{"line":401,"column":33},"end":{"line":401,"column":34}},"loc":{"start":{"line":401,"column":47},"end":{"line":412,"column":1}},"line":401},"29":{"name":"(anonymous_29)","decl":{"start":{"line":402,"column":55},"end":{"line":402,"column":56}},"loc":{"start":{"line":402,"column":72},"end":{"line":410,"column":5}},"line":402},"30":{"name":"(anonymous_30)","decl":{"start":{"line":420,"column":29},"end":{"line":420,"column":30}},"loc":{"start":{"line":420,"column":43},"end":{"line":455,"column":1}},"line":420},"31":{"name":"(anonymous_31)","decl":{"start":{"line":423,"column":51},"end":{"line":423,"column":52}},"loc":{"start":{"line":423,"column":68},"end":{"line":454,"column":5}},"line":423},"32":{"name":"(anonymous_32)","decl":{"start":{"line":436,"column":58},"end":{"line":436,"column":59}},"loc":{"start":{"line":436,"column":70},"end":{"line":448,"column":17}},"line":436},"33":{"name":"(anonymous_33)","decl":{"start":{"line":463,"column":22},"end":{"line":463,"column":23}},"loc":{"start":{"line":463,"column":36},"end":{"line":491,"column":1}},"line":463},"34":{"name":"(anonymous_34)","decl":{"start":{"line":464,"column":78},"end":{"line":464,"column":79}},"loc":{"start":{"line":464,"column":95},"end":{"line":490,"column":5}},"line":464},"35":{"name":"(anonymous_35)","decl":{"start":{"line":481,"column":125},"end":{"line":481,"column":126}},"loc":{"start":{"line":481,"column":142},"end":{"line":487,"column":17}},"line":481},"36":{"name":"(anonymous_36)","decl":{"start":{"line":502,"column":25},"end":{"line":502,"column":26}},"loc":{"start":{"line":502,"column":39},"end":{"line":546,"column":1}},"line":502},"37":{"name":"(anonymous_37)","decl":{"start":{"line":510,"column":55},"end":{"line":510,"column":56}},"loc":{"start":{"line":510,"column":72},"end":{"line":543,"column":5}},"line":510},"38":{"name":"(anonymous_38)","decl":{"start":{"line":517,"column":51},"end":{"line":517,"column":52}},"loc":{"start":{"line":518,"column":12},"end":{"line":540,"column":13}},"line":518},"39":{"name":"(anonymous_39)","decl":{"start":{"line":532,"column":28},"end":{"line":532,"column":29}},"loc":{"start":{"line":532,"column":45},"end":{"line":537,"column":25}},"line":532},"40":{"name":"(anonymous_40)","decl":{"start":{"line":557,"column":28},"end":{"line":557,"column":29}},"loc":{"start":{"line":557,"column":42},"end":{"line":601,"column":1}},"line":557},"41":{"name":"(anonymous_41)","decl":{"start":{"line":565,"column":55},"end":{"line":565,"column":56}},"loc":{"start":{"line":565,"column":72},"end":{"line":599,"column":5}},"line":565},"42":{"name":"(anonymous_42)","decl":{"start":{"line":573,"column":51},"end":{"line":573,"column":52}},"loc":{"start":{"line":574,"column":12},"end":{"line":595,"column":13}},"line":574},"43":{"name":"(anonymous_43)","decl":{"start":{"line":585,"column":24},"end":{"line":585,"column":25}},"loc":{"start":{"line":585,"column":41},"end":{"line":590,"column":21}},"line":585}},"branchMap":{"0":{"loc":{"start":{"line":44,"column":8},"end":{"line":58,"column":9}},"type":"if","locations":[{"start":{"line":44,"column":8},"end":{"line":58,"column":9}},{"start":{"line":44,"column":8},"end":{"line":58,"column":9}}],"line":44},"1":{"loc":{"start":{"line":47,"column":13},"end":{"line":58,"column":9}},"type":"if","locations":[{"start":{"line":47,"column":13},"end":{"line":58,"column":9}},{"start":{"line":47,"column":13},"end":{"line":58,"column":9}}],"line":47},"2":{"loc":{"start":{"line":54,"column":12},"end":{"line":55,"column":50}},"type":"if","locations":[{"start":{"line":54,"column":12},"end":{"line":55,"column":50}},{"start":{"line":54,"column":12},"end":{"line":55,"column":50}}],"line":54},"3":{"loc":{"start":{"line":72,"column":4},"end":{"line":111,"column":5}},"type":"if","locations":[{"start":{"line":72,"column":4},"end":{"line":111,"column":5}},{"start":{"line":72,"column":4},"end":{"line":111,"column":5}}],"line":72},"4":{"loc":{"start":{"line":72,"column":10},"end":{"line":72,"column":108}},"type":"binary-expr","locations":[{"start":{"line":72,"column":10},"end":{"line":72,"column":23}},{"start":{"line":72,"column":28},"end":{"line":72,"column":44}},{"start":{"line":72,"column":48},"end":{"line":72,"column":62}},{"start":{"line":72,"column":66},"end":{"line":72,"column":83}},{"start":{"line":72,"column":87},"end":{"line":72,"column":108}}],"line":72},"5":{"loc":{"start":{"line":76,"column":9},"end":{"line":111,"column":5}},"type":"if","locations":[{"start":{"line":76,"column":9},"end":{"line":111,"column":5}},{"start":{"line":76,"column":9},"end":{"line":111,"column":5}}],"line":76},"6":{"loc":{"start":{"line":81,"column":16},"end":{"line":81,"column":97}},"type":"if","locations":[{"start":{"line":81,"column":16},"end":{"line":81,"column":97}},{"start":{"line":81,"column":16},"end":{"line":81,"column":97}}],"line":81},"7":{"loc":{"start":{"line":83,"column":16},"end":{"line":108,"column":17}},"type":"if","locations":[{"start":{"line":83,"column":16},"end":{"line":108,"column":17}},{"start":{"line":83,"column":16},"end":{"line":108,"column":17}}],"line":83},"8":{"loc":{"start":{"line":97,"column":24},"end":{"line":105,"column":25}},"type":"if","locations":[{"start":{"line":97,"column":24},"end":{"line":105,"column":25}},{"start":{"line":97,"column":24},"end":{"line":105,"column":25}}],"line":97},"9":{"loc":{"start":{"line":101,"column":28},"end":{"line":104,"column":104}},"type":"if","locations":[{"start":{"line":101,"column":28},"end":{"line":104,"column":104}},{"start":{"line":101,"column":28},"end":{"line":104,"column":104}}],"line":101},"10":{"loc":{"start":{"line":142,"column":8},"end":{"line":147,"column":88}},"type":"if","locations":[{"start":{"line":142,"column":8},"end":{"line":147,"column":88}},{"start":{"line":142,"column":8},"end":{"line":147,"column":88}}],"line":142},"11":{"loc":{"start":{"line":144,"column":13},"end":{"line":147,"column":88}},"type":"if","locations":[{"start":{"line":144,"column":13},"end":{"line":147,"column":88}},{"start":{"line":144,"column":13},"end":{"line":147,"column":88}}],"line":144},"12":{"loc":{"start":{"line":160,"column":8},"end":{"line":189,"column":9}},"type":"if","locations":[{"start":{"line":160,"column":8},"end":{"line":189,"column":9}},{"start":{"line":160,"column":8},"end":{"line":189,"column":9}}],"line":160},"13":{"loc":{"start":{"line":162,"column":13},"end":{"line":189,"column":9}},"type":"if","locations":[{"start":{"line":162,"column":13},"end":{"line":189,"column":9}},{"start":{"line":162,"column":13},"end":{"line":189,"column":9}}],"line":162},"14":{"loc":{"start":{"line":174,"column":21},"end":{"line":186,"column":21}},"type":"if","locations":[{"start":{"line":174,"column":21},"end":{"line":186,"column":21}},{"start":{"line":174,"column":21},"end":{"line":186,"column":21}}],"line":174},"15":{"loc":{"start":{"line":177,"column":25},"end":{"line":186,"column":21}},"type":"if","locations":[{"start":{"line":177,"column":25},"end":{"line":186,"column":21}},{"start":{"line":177,"column":25},"end":{"line":186,"column":21}}],"line":177},"16":{"loc":{"start":{"line":182,"column":24},"end":{"line":185,"column":25}},"type":"if","locations":[{"start":{"line":182,"column":24},"end":{"line":185,"column":25}},{"start":{"line":182,"column":24},"end":{"line":185,"column":25}}],"line":182},"17":{"loc":{"start":{"line":203,"column":8},"end":{"line":214,"column":9}},"type":"if","locations":[{"start":{"line":203,"column":8},"end":{"line":214,"column":9}},{"start":{"line":203,"column":8},"end":{"line":214,"column":9}}],"line":203},"18":{"loc":{"start":{"line":205,"column":13},"end":{"line":214,"column":9}},"type":"if","locations":[{"start":{"line":205,"column":13},"end":{"line":214,"column":9}},{"start":{"line":205,"column":13},"end":{"line":214,"column":9}}],"line":205},"19":{"loc":{"start":{"line":227,"column":4},"end":{"line":228,"column":34}},"type":"if","locations":[{"start":{"line":227,"column":4},"end":{"line":228,"column":34}},{"start":{"line":227,"column":4},"end":{"line":228,"column":34}}],"line":227},"20":{"loc":{"start":{"line":230,"column":4},"end":{"line":288,"column":5}},"type":"if","locations":[{"start":{"line":230,"column":4},"end":{"line":288,"column":5}},{"start":{"line":230,"column":4},"end":{"line":288,"column":5}}],"line":230},"21":{"loc":{"start":{"line":233,"column":12},"end":{"line":256,"column":13}},"type":"if","locations":[{"start":{"line":233,"column":12},"end":{"line":256,"column":13}},{"start":{"line":233,"column":12},"end":{"line":256,"column":13}}],"line":233},"22":{"loc":{"start":{"line":235,"column":17},"end":{"line":256,"column":13}},"type":"if","locations":[{"start":{"line":235,"column":17},"end":{"line":256,"column":13}},{"start":{"line":235,"column":17},"end":{"line":256,"column":13}}],"line":235},"23":{"loc":{"start":{"line":244,"column":24},"end":{"line":248,"column":200}},"type":"if","locations":[{"start":{"line":244,"column":24},"end":{"line":248,"column":200}},{"start":{"line":244,"column":24},"end":{"line":248,"column":200}}],"line":244},"24":{"loc":{"start":{"line":250,"column":24},"end":{"line":251,"column":69}},"type":"if","locations":[{"start":{"line":250,"column":24},"end":{"line":251,"column":69}},{"start":{"line":250,"column":24},"end":{"line":251,"column":69}}],"line":250},"25":{"loc":{"start":{"line":262,"column":12},"end":{"line":286,"column":13}},"type":"if","locations":[{"start":{"line":262,"column":12},"end":{"line":286,"column":13}},{"start":{"line":262,"column":12},"end":{"line":286,"column":13}}],"line":262},"26":{"loc":{"start":{"line":264,"column":17},"end":{"line":286,"column":13}},"type":"if","locations":[{"start":{"line":264,"column":17},"end":{"line":286,"column":13}},{"start":{"line":264,"column":17},"end":{"line":286,"column":13}}],"line":264},"27":{"loc":{"start":{"line":273,"column":24},"end":{"line":277,"column":195}},"type":"if","locations":[{"start":{"line":273,"column":24},"end":{"line":277,"column":195}},{"start":{"line":273,"column":24},"end":{"line":277,"column":195}}],"line":273},"28":{"loc":{"start":{"line":279,"column":24},"end":{"line":280,"column":69}},"type":"if","locations":[{"start":{"line":279,"column":24},"end":{"line":280,"column":69}},{"start":{"line":279,"column":24},"end":{"line":280,"column":69}}],"line":279},"29":{"loc":{"start":{"line":298,"column":4},"end":{"line":299,"column":67}},"type":"if","locations":[{"start":{"line":298,"column":4},"end":{"line":299,"column":67}},{"start":{"line":298,"column":4},"end":{"line":299,"column":67}}],"line":298},"30":{"loc":{"start":{"line":302,"column":8},"end":{"line":307,"column":73}},"type":"if","locations":[{"start":{"line":302,"column":8},"end":{"line":307,"column":73}},{"start":{"line":302,"column":8},"end":{"line":307,"column":73}}],"line":302},"31":{"loc":{"start":{"line":304,"column":13},"end":{"line":307,"column":73}},"type":"if","locations":[{"start":{"line":304,"column":13},"end":{"line":307,"column":73}},{"start":{"line":304,"column":13},"end":{"line":307,"column":73}}],"line":304},"32":{"loc":{"start":{"line":321,"column":8},"end":{"line":326,"column":93}},"type":"if","locations":[{"start":{"line":321,"column":8},"end":{"line":326,"column":93}},{"start":{"line":321,"column":8},"end":{"line":326,"column":93}}],"line":321},"33":{"loc":{"start":{"line":323,"column":13},"end":{"line":326,"column":93}},"type":"if","locations":[{"start":{"line":323,"column":13},"end":{"line":326,"column":93}},{"start":{"line":323,"column":13},"end":{"line":326,"column":93}}],"line":323},"34":{"loc":{"start":{"line":339,"column":8},"end":{"line":343,"column":13}},"type":"if","locations":[{"start":{"line":339,"column":8},"end":{"line":343,"column":13}},{"start":{"line":339,"column":8},"end":{"line":343,"column":13}}],"line":339},"35":{"loc":{"start":{"line":341,"column":13},"end":{"line":343,"column":13}},"type":"if","locations":[{"start":{"line":341,"column":13},"end":{"line":343,"column":13}},{"start":{"line":341,"column":13},"end":{"line":343,"column":13}}],"line":341},"36":{"loc":{"start":{"line":356,"column":4},"end":{"line":357,"column":67}},"type":"if","locations":[{"start":{"line":356,"column":4},"end":{"line":357,"column":67}},{"start":{"line":356,"column":4},"end":{"line":357,"column":67}}],"line":356},"37":{"loc":{"start":{"line":360,"column":8},"end":{"line":391,"column":9}},"type":"if","locations":[{"start":{"line":360,"column":8},"end":{"line":391,"column":9}},{"start":{"line":360,"column":8},"end":{"line":391,"column":9}}],"line":360},"38":{"loc":{"start":{"line":362,"column":13},"end":{"line":391,"column":9}},"type":"if","locations":[{"start":{"line":362,"column":13},"end":{"line":391,"column":9}},{"start":{"line":362,"column":13},"end":{"line":391,"column":9}}],"line":362},"39":{"loc":{"start":{"line":369,"column":16},"end":{"line":389,"column":17}},"type":"if","locations":[{"start":{"line":369,"column":16},"end":{"line":389,"column":17}},{"start":{"line":369,"column":16},"end":{"line":389,"column":17}}],"line":369},"40":{"loc":{"start":{"line":375,"column":24},"end":{"line":386,"column":25}},"type":"if","locations":[{"start":{"line":375,"column":24},"end":{"line":386,"column":25}},{"start":{"line":375,"column":24},"end":{"line":386,"column":25}}],"line":375},"41":{"loc":{"start":{"line":381,"column":32},"end":{"line":384,"column":91}},"type":"if","locations":[{"start":{"line":381,"column":32},"end":{"line":384,"column":91}},{"start":{"line":381,"column":32},"end":{"line":384,"column":91}}],"line":381},"42":{"loc":{"start":{"line":403,"column":8},"end":{"line":408,"column":79}},"type":"if","locations":[{"start":{"line":403,"column":8},"end":{"line":408,"column":79}},{"start":{"line":403,"column":8},"end":{"line":408,"column":79}}],"line":403},"43":{"loc":{"start":{"line":405,"column":13},"end":{"line":408,"column":79}},"type":"if","locations":[{"start":{"line":405,"column":13},"end":{"line":408,"column":79}},{"start":{"line":405,"column":13},"end":{"line":408,"column":79}}],"line":405},"44":{"loc":{"start":{"line":424,"column":8},"end":{"line":453,"column":9}},"type":"if","locations":[{"start":{"line":424,"column":8},"end":{"line":453,"column":9}},{"start":{"line":424,"column":8},"end":{"line":453,"column":9}}],"line":424},"45":{"loc":{"start":{"line":426,"column":13},"end":{"line":453,"column":9}},"type":"if","locations":[{"start":{"line":426,"column":13},"end":{"line":453,"column":9}},{"start":{"line":426,"column":13},"end":{"line":453,"column":9}}],"line":426},"46":{"loc":{"start":{"line":431,"column":12},"end":{"line":432,"column":97}},"type":"if","locations":[{"start":{"line":431,"column":12},"end":{"line":432,"column":97}},{"start":{"line":431,"column":12},"end":{"line":432,"column":97}}],"line":431},"47":{"loc":{"start":{"line":438,"column":20},"end":{"line":442,"column":49}},"type":"if","locations":[{"start":{"line":438,"column":20},"end":{"line":442,"column":49}},{"start":{"line":438,"column":20},"end":{"line":442,"column":49}}],"line":438},"48":{"loc":{"start":{"line":441,"column":25},"end":{"line":442,"column":49}},"type":"if","locations":[{"start":{"line":441,"column":25},"end":{"line":442,"column":49}},{"start":{"line":441,"column":25},"end":{"line":442,"column":49}}],"line":441},"49":{"loc":{"start":{"line":444,"column":20},"end":{"line":447,"column":21}},"type":"if","locations":[{"start":{"line":444,"column":20},"end":{"line":447,"column":21}},{"start":{"line":444,"column":20},"end":{"line":447,"column":21}}],"line":444},"50":{"loc":{"start":{"line":465,"column":8},"end":{"line":489,"column":9}},"type":"if","locations":[{"start":{"line":465,"column":8},"end":{"line":489,"column":9}},{"start":{"line":465,"column":8},"end":{"line":489,"column":9}}],"line":465},"51":{"loc":{"start":{"line":467,"column":13},"end":{"line":489,"column":9}},"type":"if","locations":[{"start":{"line":467,"column":13},"end":{"line":489,"column":9}},{"start":{"line":467,"column":13},"end":{"line":489,"column":9}}],"line":467},"52":{"loc":{"start":{"line":471,"column":12},"end":{"line":472,"column":45}},"type":"if","locations":[{"start":{"line":471,"column":12},"end":{"line":472,"column":45}},{"start":{"line":471,"column":12},"end":{"line":472,"column":45}}],"line":471},"53":{"loc":{"start":{"line":474,"column":12},"end":{"line":475,"column":47}},"type":"if","locations":[{"start":{"line":474,"column":12},"end":{"line":475,"column":47}},{"start":{"line":474,"column":12},"end":{"line":475,"column":47}}],"line":474},"54":{"loc":{"start":{"line":477,"column":12},"end":{"line":478,"column":51}},"type":"if","locations":[{"start":{"line":477,"column":12},"end":{"line":478,"column":51}},{"start":{"line":477,"column":12},"end":{"line":478,"column":51}}],"line":477},"55":{"loc":{"start":{"line":482,"column":20},"end":{"line":485,"column":92}},"type":"if","locations":[{"start":{"line":482,"column":20},"end":{"line":485,"column":92}},{"start":{"line":482,"column":20},"end":{"line":485,"column":92}}],"line":482},"56":{"loc":{"start":{"line":504,"column":4},"end":{"line":505,"column":67}},"type":"if","locations":[{"start":{"line":504,"column":4},"end":{"line":505,"column":67}},{"start":{"line":504,"column":4},"end":{"line":505,"column":67}}],"line":504},"57":{"loc":{"start":{"line":507,"column":4},"end":{"line":508,"column":64}},"type":"if","locations":[{"start":{"line":507,"column":4},"end":{"line":508,"column":64}},{"start":{"line":507,"column":4},"end":{"line":508,"column":64}}],"line":507},"58":{"loc":{"start":{"line":511,"column":8},"end":{"line":542,"column":9}},"type":"if","locations":[{"start":{"line":511,"column":8},"end":{"line":542,"column":9}},{"start":{"line":511,"column":8},"end":{"line":542,"column":9}}],"line":511},"59":{"loc":{"start":{"line":513,"column":13},"end":{"line":542,"column":9}},"type":"if","locations":[{"start":{"line":513,"column":13},"end":{"line":542,"column":9}},{"start":{"line":513,"column":13},"end":{"line":542,"column":9}}],"line":513},"60":{"loc":{"start":{"line":519,"column":20},"end":{"line":539,"column":17}},"type":"if","locations":[{"start":{"line":519,"column":20},"end":{"line":539,"column":17}},{"start":{"line":519,"column":20},"end":{"line":539,"column":17}}],"line":519},"61":{"loc":{"start":{"line":522,"column":21},"end":{"line":539,"column":17}},"type":"if","locations":[{"start":{"line":522,"column":21},"end":{"line":539,"column":17}},{"start":{"line":522,"column":21},"end":{"line":539,"column":17}}],"line":522},"62":{"loc":{"start":{"line":526,"column":20},"end":{"line":538,"column":21}},"type":"if","locations":[{"start":{"line":526,"column":20},"end":{"line":538,"column":21}},{"start":{"line":526,"column":20},"end":{"line":538,"column":21}}],"line":526},"63":{"loc":{"start":{"line":533,"column":28},"end":{"line":536,"column":99}},"type":"if","locations":[{"start":{"line":533,"column":28},"end":{"line":536,"column":99}},{"start":{"line":533,"column":28},"end":{"line":536,"column":99}}],"line":533},"64":{"loc":{"start":{"line":559,"column":4},"end":{"line":560,"column":67}},"type":"if","locations":[{"start":{"line":559,"column":4},"end":{"line":560,"column":67}},{"start":{"line":559,"column":4},"end":{"line":560,"column":67}}],"line":559},"65":{"loc":{"start":{"line":562,"column":4},"end":{"line":563,"column":64}},"type":"if","locations":[{"start":{"line":562,"column":4},"end":{"line":563,"column":64}},{"start":{"line":562,"column":4},"end":{"line":563,"column":64}}],"line":562},"66":{"loc":{"start":{"line":566,"column":8},"end":{"line":597,"column":9}},"type":"if","locations":[{"start":{"line":566,"column":8},"end":{"line":597,"column":9}},{"start":{"line":566,"column":8},"end":{"line":597,"column":9}}],"line":566},"67":{"loc":{"start":{"line":568,"column":13},"end":{"line":597,"column":9}},"type":"if","locations":[{"start":{"line":568,"column":13},"end":{"line":597,"column":9}},{"start":{"line":568,"column":13},"end":{"line":597,"column":9}}],"line":568},"68":{"loc":{"start":{"line":575,"column":16},"end":{"line":594,"column":13}},"type":"if","locations":[{"start":{"line":575,"column":16},"end":{"line":594,"column":13}},{"start":{"line":575,"column":16},"end":{"line":594,"column":13}}],"line":575},"69":{"loc":{"start":{"line":578,"column":17},"end":{"line":594,"column":13}},"type":"if","locations":[{"start":{"line":578,"column":17},"end":{"line":594,"column":13}},{"start":{"line":578,"column":17},"end":{"line":594,"column":13}}],"line":578},"70":{"loc":{"start":{"line":582,"column":16},"end":{"line":593,"column":94}},"type":"if","locations":[{"start":{"line":582,"column":16},"end":{"line":593,"column":94}},{"start":{"line":582,"column":16},"end":{"line":593,"column":94}}],"line":582},"71":{"loc":{"start":{"line":586,"column":24},"end":{"line":589,"column":97}},"type":"if","locations":[{"start":{"line":586,"column":24},"end":{"line":589,"column":97}},{"start":{"line":586,"column":24},"end":{"line":589,"column":97}}],"line":586}},"s":{"0":1,"1":1,"2":1,"3":1,"4":1,"5":1,"6":1,"7":1,"8":1,"9":0,"10":1,"11":1,"12":0,"13":0,"14":0,"15":1,"16":1,"17":0,"18":1,"19":0,"20":1,"21":1,"22":0,"23":1,"24":0,"25":1,"26":1,"27":1,"28":1,"29":1,"30":1,"31":1,"32":1,"33":1,"34":1,"35":1,"36":1,"37":0,"38":0,"39":0,"40":1,"41":0,"42":0,"43":0,"44":0,"45":0,"46":0,"47":1,"48":0,"49":0,"50":0,"51":0,"52":0,"53":0,"54":0,"55":0,"56":0,"57":0,"58":0,"59":0,"60":0,"61":0,"62":0,"63":0,"64":0,"65":1,"66":1,"67":1,"68":0,"69":1,"70":0,"71":1,"72":1,"73":1,"74":218,"75":1,"76":1,"77":0,"78":0,"79":0,"80":0,"81":0,"82":0,"83":0,"84":0,"85":0,"86":0,"87":0,"88":0,"89":0,"90":0,"91":0,"92":0,"93":0,"94":0,"95":0,"96":0,"97":0,"98":0,"99":0,"100":0,"101":0,"102":0,"103":0,"104":0,"105":0,"106":0,"107":0,"108":1,"109":1,"110":0,"111":1,"112":1,"113":0,"114":1,"115":0,"116":1,"117":1,"118":0,"119":0,"120":0,"121":0,"122":0,"123":0,"124":1,"125":1,"126":1,"127":0,"128":1,"129":0,"130":1,"131":1,"132":0,"133":0,"134":0,"135":0,"136":0,"137":0,"138":0,"139":0,"140":0,"141":0,"142":0,"143":0,"144":0,"145":0,"146":0,"147":0,"148":0,"149":1,"150":0,"151":0,"152":0,"153":0,"154":0,"155":0,"156":1,"157":0,"158":0,"159":0,"160":0,"161":0,"162":0,"163":0,"164":0,"165":0,"166":0,"167":0,"168":0,"169":0,"170":0,"171":0,"172":0,"173":0,"174":0,"175":1,"176":0,"177":0,"178":0,"179":0,"180":0,"181":0,"182":0,"183":0,"184":0,"185":0,"186":0,"187":0,"188":0,"189":0,"190":0,"191":1,"192":0,"193":0,"194":0,"195":0,"196":0,"197":0,"198":0,"199":0,"200":0,"201":0,"202":0,"203":0,"204":0,"205":0,"206":0,"207":0,"208":0,"209":0,"210":0,"211":0,"212":1,"213":0,"214":0,"215":0,"216":0,"217":0,"218":0,"219":0,"220":0,"221":0,"222":0,"223":0,"224":0,"225":0,"226":0,"227":0,"228":0,"229":0,"230":0,"231":0,"232":0},"f":{"0":1,"1":1,"2":1,"3":1,"4":1,"5":0,"6":0,"7":0,"8":0,"9":0,"10":1,"11":1,"12":0,"13":0,"14":0,"15":0,"16":0,"17":1,"18":1,"19":0,"20":0,"21":1,"22":1,"23":0,"24":0,"25":0,"26":0,"27":0,"28":0,"29":0,"30":0,"31":0,"32":0,"33":0,"34":0,"35":0,"36":0,"37":0,"38":0,"39":0,"40":0,"41":0,"42":0,"43":0},"b":{"0":[0,1],"1":[1,0],"2":[0,0],"3":[0,1],"4":[1,1,1,1,1],"5":[0,1],"6":[0,1],"7":[0,1],"8":[1,0],"9":[0,0],"10":[0,0],"11":[0,0],"12":[0,0],"13":[0,0],"14":[0,0],"15":[0,0],"16":[0,0],"17":[0,1],"18":[0,1],"19":[0,0],"20":[0,0],"21":[0,0],"22":[0,0],"23":[0,0],"24":[0,0],"25":[0,0],"26":[0,0],"27":[0,0],"28":[0,0],"29":[0,1],"30":[0,1],"31":[0,1],"32":[0,0],"33":[0,0],"34":[0,1],"35":[0,1],"36":[0,0],"37":[0,0],"38":[0,0],"39":[0,0],"40":[0,0],"41":[0,0],"42":[0,0],"43":[0,0],"44":[0,0],"45":[0,0],"46":[0,0],"47":[0,0],"48":[0,0],"49":[0,0],"50":[0,0],"51":[0,0],"52":[0,0],"53":[0,0],"54":[0,0],"55":[0,0],"56":[0,0],"57":[0,0],"58":[0,0],"59":[0,0],"60":[0,0],"61":[0,0],"62":[0,0],"63":[0,0],"64":[0,0],"65":[0,0],"66":[0,0],"67":[0,0],"68":[0,0],"69":[0,0],"70":[0,0],"71":[0,0]},"_coverageSchema":"1a1c01bbd47fc00a2c39e90264f33305004495a9","hash":"1e2019c6a4f3751b19c70a630c5dd68fc9cf0bd6","contentHash":"1726e9c5f409ff0689ef3347889deda1ebf7dfd3c451c70a1f68cfc2bd3f6ba6"},"C:\\Users\\User\\latest smart\\Smart-Time-And-Attendance-Tracker\\STAT-server\\helpers\\role.helper.js":{"path":"C:\\Users\\User\\latest smart\\Smart-Time-And-Attendance-Tracker\\STAT-server\\helpers\\role.helper.js","statementMap":{"0":{"start":{"line":24,"column":17},"end":{"line":24,"column":36}},"1":{"start":{"line":25,"column":18},"end":{"line":25,"column":40}},"2":{"start":{"line":33,"column":0},"end":{"line":43,"column":1}},"3":{"start":{"line":34,"column":4},"end":{"line":42,"column":7}},"4":{"start":{"line":35,"column":8},"end":{"line":40,"column":35}},"5":{"start":{"line":36,"column":12},"end":{"line":36,"column":22}},"6":{"start":{"line":37,"column":13},"end":{"line":40,"column":35}},"7":{"start":{"line":38,"column":12},"end":{"line":38,"column":29}},"8":{"start":{"line":39,"column":13},"end":{"line":40,"column":35}},"9":{"start":{"line":40,"column":11},"end":{"line":40,"column":35}},"10":{"start":{"line":45,"column":0},"end":{"line":65,"column":1}},"11":{"start":{"line":46,"column":16},"end":{"line":46,"column":18}},"12":{"start":{"line":47,"column":19},"end":{"line":47,"column":35}},"13":{"start":{"line":48,"column":16},"end":{"line":48,"column":23}},"14":{"start":{"line":49,"column":4},"end":{"line":63,"column":5}},"15":{"start":{"line":51,"column":8},"end":{"line":62,"column":11}},"16":{"start":{"line":52,"column":12},"end":{"line":57,"column":32}},"17":{"start":{"line":53,"column":16},"end":{"line":53,"column":26}},"18":{"start":{"line":54,"column":17},"end":{"line":57,"column":32}},"19":{"start":{"line":55,"column":16},"end":{"line":55,"column":40}},"20":{"start":{"line":56,"column":17},"end":{"line":57,"column":32}},"21":{"start":{"line":57,"column":16},"end":{"line":57,"column":32}},"22":{"start":{"line":59,"column":12},"end":{"line":60,"column":39}},"23":{"start":{"line":60,"column":15},"end":{"line":60,"column":39}},"24":{"start":{"line":73,"column":1},"end":{"line":83,"column":1}},"25":{"start":{"line":74,"column":4},"end":{"line":82,"column":7}},"26":{"start":{"line":75,"column":8},"end":{"line":80,"column":33}},"27":{"start":{"line":76,"column":12},"end":{"line":76,"column":22}},"28":{"start":{"line":77,"column":13},"end":{"line":80,"column":33}},"29":{"start":{"line":78,"column":12},"end":{"line":78,"column":29}},"30":{"start":{"line":79,"column":13},"end":{"line":80,"column":33}},"31":{"start":{"line":80,"column":11},"end":{"line":80,"column":33}}},"fnMap":{"0":{"name":"(anonymous_0)","decl":{"start":{"line":33,"column":25},"end":{"line":33,"column":26}},"loc":{"start":{"line":33,"column":37},"end":{"line":43,"column":1}},"line":33},"1":{"name":"(anonymous_1)","decl":{"start":{"line":34,"column":31},"end":{"line":34,"column":32}},"loc":{"start":{"line":34,"column":48},"end":{"line":42,"column":5}},"line":34},"2":{"name":"(anonymous_2)","decl":{"start":{"line":45,"column":26},"end":{"line":45,"column":27}},"loc":{"start":{"line":45,"column":40},"end":{"line":65,"column":1}},"line":45},"3":{"name":"(anonymous_3)","decl":{"start":{"line":51,"column":45},"end":{"line":51,"column":46}},"loc":{"start":{"line":51,"column":62},"end":{"line":62,"column":9}},"line":51},"4":{"name":"(anonymous_4)","decl":{"start":{"line":73,"column":28},"end":{"line":73,"column":29}},"loc":{"start":{"line":73,"column":42},"end":{"line":83,"column":1}},"line":73},"5":{"name":"(anonymous_5)","decl":{"start":{"line":74,"column":35},"end":{"line":74,"column":36}},"loc":{"start":{"line":74,"column":52},"end":{"line":82,"column":5}},"line":74}},"branchMap":{"0":{"loc":{"start":{"line":35,"column":8},"end":{"line":40,"column":35}},"type":"if","locations":[{"start":{"line":35,"column":8},"end":{"line":40,"column":35}},{"start":{"line":35,"column":8},"end":{"line":40,"column":35}}],"line":35},"1":{"loc":{"start":{"line":37,"column":13},"end":{"line":40,"column":35}},"type":"if","locations":[{"start":{"line":37,"column":13},"end":{"line":40,"column":35}},{"start":{"line":37,"column":13},"end":{"line":40,"column":35}}],"line":37},"2":{"loc":{"start":{"line":39,"column":13},"end":{"line":40,"column":35}},"type":"if","locations":[{"start":{"line":39,"column":13},"end":{"line":40,"column":35}},{"start":{"line":39,"column":13},"end":{"line":40,"column":35}}],"line":39},"3":{"loc":{"start":{"line":52,"column":12},"end":{"line":57,"column":32}},"type":"if","locations":[{"start":{"line":52,"column":12},"end":{"line":57,"column":32}},{"start":{"line":52,"column":12},"end":{"line":57,"column":32}}],"line":52},"4":{"loc":{"start":{"line":54,"column":17},"end":{"line":57,"column":32}},"type":"if","locations":[{"start":{"line":54,"column":17},"end":{"line":57,"column":32}},{"start":{"line":54,"column":17},"end":{"line":57,"column":32}}],"line":54},"5":{"loc":{"start":{"line":56,"column":17},"end":{"line":57,"column":32}},"type":"if","locations":[{"start":{"line":56,"column":17},"end":{"line":57,"column":32}},{"start":{"line":56,"column":17},"end":{"line":57,"column":32}}],"line":56},"6":{"loc":{"start":{"line":59,"column":12},"end":{"line":60,"column":39}},"type":"if","locations":[{"start":{"line":59,"column":12},"end":{"line":60,"column":39}},{"start":{"line":59,"column":12},"end":{"line":60,"column":39}}],"line":59},"7":{"loc":{"start":{"line":75,"column":8},"end":{"line":80,"column":33}},"type":"if","locations":[{"start":{"line":75,"column":8},"end":{"line":80,"column":33}},{"start":{"line":75,"column":8},"end":{"line":80,"column":33}}],"line":75},"8":{"loc":{"start":{"line":77,"column":13},"end":{"line":80,"column":33}},"type":"if","locations":[{"start":{"line":77,"column":13},"end":{"line":80,"column":33}},{"start":{"line":77,"column":13},"end":{"line":80,"column":33}}],"line":77},"9":{"loc":{"start":{"line":79,"column":13},"end":{"line":80,"column":33}},"type":"if","locations":[{"start":{"line":79,"column":13},"end":{"line":80,"column":33}},{"start":{"line":79,"column":13},"end":{"line":80,"column":33}}],"line":79}},"s":{"0":1,"1":1,"2":1,"3":0,"4":0,"5":0,"6":0,"7":0,"8":0,"9":0,"10":1,"11":0,"12":0,"13":0,"14":0,"15":0,"16":0,"17":0,"18":0,"19":0,"20":0,"21":0,"22":0,"23":0,"24":1,"25":0,"26":0,"27":0,"28":0,"29":0,"30":0,"31":0},"f":{"0":0,"1":0,"2":0,"3":0,"4":0,"5":0},"b":{"0":[0,0],"1":[0,0],"2":[0,0],"3":[0,0],"4":[0,0],"5":[0,0],"6":[0,0],"7":[0,0],"8":[0,0],"9":[0,0]},"_coverageSchema":"1a1c01bbd47fc00a2c39e90264f33305004495a9","hash":"8b4b369e81197bc9b052537a952a51a663fba905","contentHash":"2a750b620713850ead4740c8376736bc4a6fa79b9ed912339357f446445d43a6"},"C:\\Users\\User\\latest smart\\Smart-Time-And-Attendance-Tracker\\STAT-server\\helpers\\team.helper.js":{"path":"C:\\Users\\User\\latest smart\\Smart-Time-And-Attendance-Tracker\\STAT-server\\helpers\\team.helper.js","statementMap":{"0":{"start":{"line":24,"column":17},"end":{"line":24,"column":36}},"1":{"start":{"line":25,"column":18},"end":{"line":25,"column":41}},"2":{"start":{"line":26,"column":21},"end":{"line":26,"column":57}},"3":{"start":{"line":34,"column":0},"end":{"line":50,"column":2}},"4":{"start":{"line":36,"column":4},"end":{"line":49,"column":7}},"5":{"start":{"line":37,"column":8},"end":{"line":48,"column":9}},"6":{"start":{"line":38,"column":12},"end":{"line":38,"column":22}},"7":{"start":{"line":41,"column":12},"end":{"line":41,"column":24}},"8":{"start":{"line":42,"column
[...]
lumn":59}},"type":"if","locations":[{"start":{"line":28,"column":4},"end":{"line":29,"column":59}},{"start":{"line":28,"column":4},"end":{"line":29,"column":59}}],"line":28},"1":{"loc":{"start":{"line":30,"column":4},"end":{"line":44,"column":5}},"type":"if","locations":[{"start":{"line":30,"column":4},"end":{"line":44,"column":5}},{"start":{"line":30,"column":4},"end":{"line":44,"column":5}}],"line":30},"2":{"loc":{"start":{"line":35,"column":16},"end":{"line":36,"column":80}},"type":"if","locations":[{"start":{"line":35,"column":16},"end":{"line":36,"column":80}},{"start":{"line":35,"column":16},"end":{"line":36,"column":80}}],"line":35},"3":{"loc":{"start":{"line":37,"column":16},"end":{"line":42,"column":17}},"type":"if","locations":[{"start":{"line":37,"column":16},"end":{"line":42,"column":17}},{"start":{"line":37,"column":16},"end":{"line":42,"column":17}}],"line":37}},"s":{"0":1,"1":1,"2":19,"3":19,"4":19,"5":0,"6":19,"7":19,"8":0,"9":19,"10":0,"11":19,"12":19},"f":{"0":19,"1":19},"b":{"0":[19,0],"1":[0,19],"2":[0,19],"3":[0,19]},"_coverageSchema":"1a1c01bbd47fc00a2c39e90264f33305004495a9","hash":"5c4cc84e28e05742c4edc65d2a5432df43c568df","contentHash":"8b388ae65ce5979a643b2e2b65c5db2f2ebc025ff151ebba6460d0360eeaabc8"},"C:\\Users\\User\\latest smart\\Smart-Time-And-Attendance-Tracker\\STAT-server\\test\\userTimeEntries.js":{"path":"C:\\Users\\User\\latest smart\\Smart-Time-And-Attendance-Tracker\\STAT-server\\test\\userTimeEntries.js","statementMap":{"0":{"start":{"line":1,"column":10},"end":{"line":1,"column":25}},"1":{"start":{"line":2,"column":14},"end":{"line":2,"column":34}},"2":{"start":{"line":3,"column":18},"end":{"line":3,"column":60}},"3":{"start":{"line":6,"column":0},"end":{"line":6,"column":37}},"4":{"start":{"line":8,"column":12},"end":{"line":8,"column":25}},"5":{"start":{"line":9,"column":12},"end":{"line":9,"column":25}},"6":{"start":{"line":11,"column":0},"end":{"line":11,"column":18}},"7":{"start":{"line":15,"column":9},"end":{"line":15,"column":19}},"8":{"start":{"line":16,"column":9},"end":{"line":16,"column":17}},"9":{"start":{"line":17,"column":12},"end":{"line":17,"column":20}},"10":{"start":{"line":18,"column":15},"end":{"line":18,"column":32}},"11":{"start":{"line":19,"column":18},"end":{"line":19,"column":22}},"12":{"start":{"line":20,"column":17},"end":{"line":20,"column":30}},"13":{"start":{"line":23,"column":10},"end":{"line":23,"column":20}},"14":{"start":{"line":24,"column":12},"end":{"line":24,"column":24}},"15":{"start":{"line":25,"column":11},"end":{"line":25,"column":23}},"16":{"start":{"line":35,"column":0},"end":{"line":170,"column":3}},"17":{"start":{"line":37,"column":4},"end":{"line":169,"column":7}},"18":{"start":{"line":40,"column":8},"end":{"line":59,"column":11}},"19":{"start":{"line":41,"column":23},"end":{"line":47,"column":13}},"20":{"start":{"line":48,"column":12},"end":{"line":58,"column":19}},"21":{"start":{"line":52,"column":20},"end":{"line":52,"column":51}},"22":{"start":{"line":53,"column":20},"end":{"line":53,"column":48}},"23":{"start":{"line":54,"column":20},"end":{"line":54,"column":61}},"24":{"start":{"line":55,"column":20},"end":{"line":55,"column":59}},"25":{"start":{"line":56,"column":20},"end":{"line":56,"column":46}},"26":{"start":{"line":57,"column":16},"end":{"line":57,"column":23}},"27":{"start":{"line":61,"column":8},"end":{"line":77,"column":11}},"28":{"start":{"line":62,"column":23},"end":{"line":65,"column":13}},"29":{"start":{"line":66,"column":12},"end":{"line":76,"column":19}},"30":{"start":{"line":70,"column":20},"end":{"line":70,"column":51}},"31":{"start":{"line":71,"column":20},"end":{"line":71,"column":48}},"32":{"start":{"line":72,"column":20},"end":{"line":72,"column":61}},"33":{"start":{"line":73,"column":20},"end":{"line":73,"column":59}},"34":{"start":{"line":74,"column":20},"end":{"line":74,"column":46}},"35":{"start":{"line":75,"column":16},"end":{"line":75,"column":23}},"36":{"start":{"line":81,"column":8},"end":{"line":97,"column":11}},"37":{"start":{"line":82,"column":12},"end":{"line":96,"column":19}},"38":{"start":{"line":86,"column":20},"end":{"line":86,"column":51}},"39":{"start":{"line":87,"column":20},"end":{"line":87,"column":48}},"40":{"start":{"line":88,"column":27},"end":{"line":88,"column":65}},"41":{"start":{"line":89,"column":26},"end":{"line":89,"column":55}},"42":{"start":{"line":90,"column":20},"end":{"line":90,"column":72}},"43":{"start":{"line":91,"column":20},"end":{"line":91,"column":77}},"44":{"start":{"line":92,"column":20},"end":{"line":92,"column":84}},"45":{"start":{"line":93,"column":20},"end":{"line":93,"column":64}},"46":{"start":{"line":95,"column":16},"end":{"line":95,"column":23}},"47":{"start":{"line":99,"column":8},"end":{"line":113,"column":11}},"48":{"start":{"line":100,"column":23},"end":{"line":102,"column":13}},"49":{"start":{"line":103,"column":12},"end":{"line":112,"column":19}},"50":{"start":{"line":108,"column":20},"end":{"line":108,"column":72}},"51":{"start":{"line":109,"column":20},"end":{"line":109,"column":59}},"52":{"start":{"line":110,"column":20},"end":{"line":110,"column":48}},"53":{"start":{"line":111,"column":16},"end":{"line":111,"column":23}},"54":{"start":{"line":120,"column":10},"end":{"line":138,"column":11}},"55":{"start":{"line":121,"column":23},"end":{"line":126,"column":13}},"56":{"start":{"line":127,"column":12},"end":{"line":137,"column":19}},"57":{"start":{"line":132,"column":20},"end":{"line":132,"column":51}},"58":{"start":{"line":133,"column":20},"end":{"line":133,"column":48}},"59":{"start":{"line":134,"column":20},"end":{"line":134,"column":61}},"60":{"start":{"line":135,"column":20},"end":{"line":135,"column":49}},"61":{"start":{"line":136,"column":16},"end":{"line":136,"column":23}},"62":{"start":{"line":142,"column":8},"end":{"line":163,"column":11}},"63":{"start":{"line":143,"column":23},"end":{"line":150,"column":13}},"64":{"start":{"line":151,"column":12},"end":{"line":162,"column":19}},"65":{"start":{"line":156,"column":20},"end":{"line":156,"column":51}},"66":{"start":{"line":157,"column":20},"end":{"line":157,"column":48}},"67":{"start":{"line":158,"column":20},"end":{"line":158,"column":87}},"68":{"start":{"line":159,"column":20},"end":{"line":159,"column":44}},"69":{"start":{"line":161,"column":16},"end":{"line":161,"column":23}},"70":{"start":{"line":179,"column":0},"end":{"line":453,"column":3}},"71":{"start":{"line":180,"column":4},"end":{"line":452,"column":7}},"72":{"start":{"line":184,"column":8},"end":{"line":212,"column":9}},"73":{"start":{"line":184,"column":25},"end":{"line":184,"column":26}},"74":{"start":{"line":186,"column":12},"end":{"line":211,"column":15}},"75":{"start":{"line":187,"column":27},"end":{"line":199,"column":17}},"76":{"start":{"line":200,"column":16},"end":{"line":210,"column":23}},"77":{"start":{"line":205,"column":24},"end":{"line":205,"column":55}},"78":{"start":{"line":206,"column":24},"end":{"line":206,"column":52}},"79":{"start":{"line":207,"column":24},"end":{"line":207,"column":84}},"80":{"start":{"line":208,"column":24},"end":{"line":208,"column":58}},"81":{"start":{"line":209,"column":20},"end":{"line":209,"column":27}},"82":{"start":{"line":214,"column":8},"end":{"line":225,"column":11}},"83":{"start":{"line":215,"column":12},"end":{"line":224,"column":19}},"84":{"start":{"line":220,"column":20},"end":{"line":220,"column":51}},"85":{"start":{"line":221,"column":20},"end":{"line":221,"column":48}},"86":{"start":{"line":222,"column":20},"end":{"line":222,"column":63}},"87":{"start":{"line":223,"column":16},"end":{"line":223,"column":23}},"88":{"start":{"line":228,"column":11},"end":{"line":254,"column":11}},"89":{"start":{"line":229,"column":23},"end":{"line":242,"column":13}},"90":{"start":{"line":243,"column":12},"end":{"line":253,"column":19}},"91":{"start":{"line":248,"column":20},"end":{"line":248,"column":51}},"92":{"start":{"line":249,"column":20},"end":{"line":249,"column":48}},"93":{"start":{"line":250,"column":20},"end":{"line":250,"column":80}},"94":{"start":{"line":251,"column":20},"end":{"line":251,"column":54}},"95":{"start":{"line":252,"column":16},"end":{"line":252,"column":23}},"96":{"start":{"line":257,"column":8},"end":{"line":269,"column":11}},"97":{"start":{"line":258,"column":12},"end":{"line":268,"column":19}},"98":{"start":{"line":263,"column":20},"end":{"line":263,"column":51}},"99":{"start":{"line":264,"column":20},"end":{"line":264,"column":48}},"100":{"start":{"line":265,"column":20},"end":{"line":265,"column":63}},"101":{"start":{"line":267,"column":16},"end":{"line":267,"column":23}},"102":{"start":{"line":273,"column":8},"end":{"line":298,"column":11}},"103":{"start":{"line":274,"column":23},"end":{"line":287,"column":13}},"104":{"start":{"line":288,"column":12},"end":{"line":297,"column":19}},"105":{"start":{"line":293,"column":20},"end":{"line":293,"column":51}},"106":{"start":{"line":294,"column":20},"end":{"line":294,"column":48}},"107":{"start":{"line":295,"column":20},"end":{"line":295,"column":85}},"108":{"start":{"line":296,"column":16},"end":{"line":296,"column":23}},"109":{"start":{"line":301,"column":8},"end":{"line":327,"column":11}},"110":{"start":{"line":302,"column":23},"end":{"line":315,"column":13}},"111":{"start":{"line":316,"column":12},"end":{"line":326,"column":19}},"112":{"start":{"line":321,"column":20},"end":{"line":321,"column":51}},"113":{"start":{"line":322,"column":20},"end":{"line":322,"column":48}},"114":{"start":{"line":323,"column":20},"end":{"line":323,"column":88}},"115":{"start":{"line":324,"column":20},"end":{"line":324,"column":54}},"116":{"start":{"line":325,"column":16},"end":{"line":325,"column":23}},"117":{"start":{"line":348,"column":8},"end":{"line":360,"column":11}},"118":{"start":{"line":349,"column":12},"end":{"line":359,"column":19}},"119":{"start":{"line":357,"column":20},"end":{"line":357,"column":41}},"120":{"start":{"line":358,"column":16},"end":{"line":358,"column":23}},"121":{"start":{"line":366,"column":7},"end":{"line":377,"column":7}},"122":{"start":{"line":367,"column":8},"end":{"line":376,"column":15}},"123":{"start":{"line":372,"column":16},"end":{"line":372,"column":47}},"124":{"start":{"line":373,"column":16},"end":{"line":373,"column":44}},"125":{"start":{"line":374,"column":16},"end":{"line":374,"column":59}},"126":{"start":{"line":375,"column":12},"end":{"line":375,"column":19}},"127":{"start":{"line":410,"column":4},"end":{"line":420,"column":7}},"128":{"start":{"line":411,"column":8},"end":{"line":419,"column":15}},"129":{"start":{"line":416,"column":16},"end":{"line":416,"column":44}},"130":{"start":{"line":417,"column":16},"end":{"line":417,"column":65}},"131":{"start":{"line":418,"column":12},"end":{"line":418,"column":19}},"132":{"start":{"line":424,"column":4},"end":{"line":434,"column":7}},"133":{"start":{"line":425,"column":8},"end":{"line":433,"column":15}},"134":{"start":{"line":430,"column":16},"end":{"line":430,"column":44}},"135":{"start":{"line":431,"column":16},"end":{"line":431,"column":65}},"136":{"start":{"line":432,"column":12},"end":{"line":432,"column":19}},"137":{"start":{"line":436,"column":4},"end":{"line":445,"column":7}},"138":{"start":{"line":437,"column":8},"end":{"line":444,"column":15}},"139":{"start":{"line":441,"column":16},"end":{"line":441,"column":44}},"140":{"start":{"line":442,"column":16},"end":{"line":442,"column":71}},"141":{"start":{"line":443,"column":12},"end":{"line":443,"column":19}}},"fnMap":{"0":{"name":"(anonymous_0)","decl":{"start":{"line":35,"column":69},"end":{"line":35,"column":70}},"loc":{"start":{"line":35,"column":73},"end":{"line":170,"column":1}},"line":35},"1":{"name":"(anonymous_1)","decl":{"start":{"line":37,"column":75},"end":{"line":37,"column":76}},"loc":{"start":{"line":37,"column":79},"end":{"line":169,"column":5}},"line":37},"2":{"name":"(anonymous_2)","decl":{"start":{"line":40,"column":26},"end":{"line":40,"column":27}},"loc":{"start":{"line":40,"column":35},"end":{"line":59,"column":9}},"line":40},"3":{"name":"(anonymous_3)","decl":{"start":{"line":51,"column":22},"end":{"line":51,"column":23}},"loc":{"start":{"line":51,"column":35},"end":{"line":58,"column":18}},"line":51},"4":{"name":"(anonymous_4)","decl":{"start":{"line":61,"column":28},"end":{"line":61,"column":29}},"loc":{"start":{"line":61,"column":37},"end":{"line":77,"column":9}},"line":61},"5":{"name":"(anonymous_5)","decl":{"start":{"line":69,"column":22},"end":{"line":69,"column":23}},"loc":{"start":{"line":69,"column":35},"end":{"line":76,"column":18}},"line":69},"6":{"name":"(anonymous_6)","decl":{"start":{"line":81,"column":72},"end":{"line":81,"column":73}},"loc":{"start":{"line":81,"column":81},"end":{"line":97,"column":9}},"line":81},"7":{"name":"(anonymous_7)","decl":{"start":{"line":85,"column":22},"end":{"line":85,"column":23}},"loc":{"start":{"line":85,"column":35},"end":{"line":96,"column":18}},"line":85},"8":{"name":"(anonymous_8)","decl":{"start":{"line":99,"column":42},"end":{"line":99,"column":43}},"loc":{"start":{"line":99,"column":51},"end":{"line":113,"column":9}},"line":99},"9":{"name":"(anonymous_9)","decl":{"start":{"line":107,"column":22},"end":{"line":107,"column":23}},"loc":{"start":{"line":107,"column":35},"end":{"line":112,"column":18}},"line":107},"10":{"name":"(anonymous_10)","decl":{"start":{"line":120,"column":38},"end":{"line":120,"column":39}},"loc":{"start":{"line":120,"column":47},"end":{"line":138,"column":9}},"line":120},"11":{"name":"(anonymous_11)","decl":{"start":{"line":131,"column":22},"end":{"line":131,"column":23}},"loc":{"start":{"line":131,"column":35},"end":{"line":137,"column":18}},"line":131},"12":{"name":"(anonymous_12)","decl":{"start":{"line":142,"column":52},"end":{"line":142,"column":53}},"loc":{"start":{"line":142,"column":61},"end":{"line":163,"column":9}},"line":142},"13":{"name":"(anonymous_13)","decl":{"start":{"line":155,"column":22},"end":{"line":155,"column":23}},"loc":{"start":{"line":155,"column":35},"end":{"line":162,"column":18}},"line":155},"14":{"name":"(anonymous_14)","decl":{"start":{"line":179,"column":35},"end":{"line":179,"column":36}},"loc":{"start":{"line":179,"column":39},"end":{"line":453,"column":1}},"line":179},"15":{"name":"(anonymous_15)","decl":{"start":{"line":180,"column":56},"end":{"line":180,"column":57}},"loc":{"start":{"line":180,"column":60},"end":{"line":452,"column":5}},"line":180},"16":{"name":"(anonymous_16)","decl":{"start":{"line":186,"column":57},"end":{"line":186,"column":58}},"loc":{"start":{"line":186,"column":66},"end":{"line":211,"column":13}},"line":186},"17":{"name":"(anonymous_17)","decl":{"start":{"line":204,"column":26},"end":{"line":204,"column":27}},"loc":{"start":{"line":204,"column":39},"end":{"line":210,"column":22}},"line":204},"18":{"name":"(anonymous_18)","decl":{"start":{"line":214,"column":58},"end":{"line":214,"column":59}},"loc":{"start":{"line":214,"column":67},"end":{"line":225,"column":9}},"line":214},"19":{"name":"(anonymous_19)","decl":{"start":{"line":219,"column":22},"end":{"line":219,"column":23}},"loc":{"start":{"line":219,"column":35},"end":{"line":224,"column":18}},"line":219},"20":{"name":"(anonymous_20)","decl":{"start":{"line":228,"column":74},"end":{"line":228,"column":75}},"loc":{"start":{"line":228,"column":83},"end":{"line":254,"column":9}},"line":228},"21":{"name":"(anonymous_21)","decl":{"start":{"line":247,"column":22},"end":{"line":247,"column":23}},"loc":{"start":{"line":247,"column":35},"end":{"line":253,"column":18}},"line":247},"22":{"name":"(anonymous_22)","decl":{"start":{"line":257,"column":64},"end":{"line":257,"column":65}},"loc":{"start":{"line":257,"column":73},"end":{"line":269,"column":9}},"line":257},"23":{"name":"(anonymous_23)","decl":{"start":{"line":262,"column":22},"end":{"line":262,"column":23}},"loc":{"start":{"line":262,"column":35},"end":{"line":268,"column":18}},"line":262},"24":{"name":"(anonymous_24)","decl":{"start":{"line":273,"column":41},"end":{"line":273,"column":42}},"loc":{"start":{"line":273,"column":50},"end":{"line":298,"column":9}},"line":273},"25":{"name":"(anonymous_25)","decl":{"start":{"line":292,"column":22},"end":{"line":292,"column":23}},"loc":{"start":{"line":292,"column":35},"end":{"line":297,"column":18}},"line":292},"26":{"name":"(anonymous_26)","decl":{"start":{"line":301,"column":59},"end":{"line":301,"column":60}},"loc":{"start":{"line":301,"column":68},"end":{"line":327,"column":9}},"line":301},"27":{"name":"(anonymous_27)","decl":{"start":{"line":320,"column":22},"end":{"line":320,"column":23}},"loc":{"start":{"line":320,"column":35},"end":{"line":326,"column":18}},"line":320},"28":{"name":"(anonymous_28)","decl":{"start":{"line":348,"column":37},"end":{"line":348,"column":38}},"loc":{"start":{"line":348,"column":46},"end":{"line":360,"column":9}},"line":348},"29":{"name":"(anonymous_29)","decl":{"start":{"line":353,"column":22},"end":{"line":353,"column":23}},"loc":{"start":{"line":353,"column":35},"end":{"line":359,"column":18}},"line":353},"30":{"name":"(anonymous_30)","decl":{"start":{"line":366,"column":71},"end":{"line":366,"column":72}},"loc":{"start":{"line":366,"column":80},"end":{"line":377,"column":5}},"line":366},"31":{"name":"(anonymous_31)","decl":{"start":{"line":371,"column":18},"end":{"line":371,"column":19}},"loc":{"start":{"line":371,"column":31},"end":{"line":376,"column":14}},"line":371},"32":{"name":"(anonymous_32)","decl":{"start":{"line":410,"column":37},"end":{"line":410,"column":38}},"loc":{"start":{"line":410,"column":46},"end":{"line":420,"column":5}},"line":410},"33":{"name":"(anonymous_33)","decl":{"start":{"line":415,"column":18},"end":{"line":415,"column":19}},"loc":{"start":{"line":415,"column":31},"end":{"line":419,"column":14}},"line":415},"34":{"name":"(anonymous_34)","decl":{"start":{"line":424,"column":40},"end":{"line":424,"column":41}},"loc":{"start":{"line":424,"column":49},"end":{"line":434,"column":5}},"line":424},"35":{"name":"(anonymous_35)","decl":{"start":{"line":429,"column":18},"end":{"line":429,"column":19}},"loc":{"start":{"line":429,"column":31},"end":{"line":433,"column":14}},"line":429},"36":{"name":"(anonymous_36)","decl":{"start":{"line":436,"column":37},"end":{"line":436,"column":38}},"loc":{"start":{"line":436,"column":46},"end":{"line":445,"column":5}},"line":436},"37":{"name":"(anonymous_37)","decl":{"start":{"line":440,"column":18},"end":{"line":440,"column":19}},"loc":{"start":{"line":440,"column":31},"end":{"line":444,"column":14}},"line":440}},"branchMap":{},"s":{"0":1,"1":1,"2":1,"3":1,"4":1,"5":1,"6":1,"7":1,"8":1,"9":1,"10":1,"11":1,"12":1,"13":1,"14":1,"15":1,"16":1,"17":1,"18":1,"19":1,"20":1,"21":1,"22":1,"23":1,"24":1,"25":1,"26":1,"27":1,"28":1,"29":1,"30":1,"31":1,"32":1,"33":1,"34":1,"35":1,"36":1,"37":1,"38":1,"39":1,"40":1,"41":1,"42":1,"43":1,"44":1,"45":1,"46":1,"47":1,"48":1,"49":1,"50":1,"51":1,"52":1,"53":1,"54":1,"55":1,"56":1,"57":1,"58":1,"59":1,"60":1,"61":1,"62":1,"63":1,"64":1,"65":1,"66":1,"67":1,"68":1,"69":1,"70":1,"71":1,"72":1,"73":1,"74":5,"75":5,"76":5,"77":5,"78":5,"79":5,"80":5,"81":5,"82":1,"83":1,"84":1,"85":1,"86":1,"87":1,"88":1,"89":1,"90":1,"91":1,"92":1,"93":1,"94":1,"95":1,"96":1,"97":1,"98":1,"99":1,"100":1,"101":1,"102":1,"103":1,"104":1,"105":1,"106":1,"107":1,"108":1,"109":1,"110":1,"111":1,"112":1,"113":1,"114":1,"115":1,"116":1,"117":1,"118":1,"119":1,"120":1,"121":1,"122":1,"123":1,"124":1,"125":1,"126":1,"127":1,"128":1,"129":1,"130":1,"131":1,"132":1,"133":1,"134":1,"135":1,"136":1,"137":1,"138":1,"139":1,"140":1,"141":1},"f":{"0":1,"1":1,"2":1,"3":1,"4":1,"5":1,"6":1,"7":1,"8":1,"9":1,"10":1,"11":1,"12":1,"13":1,"14":1,"15":1,"16":5,"17":5,"18":1,"19":1,"20":1,"21":1,"22":1,"23":1,"24":1,"25":1,"26":1,"27":1,"28":1,"29":1,"30":1,"31":1,"32":1,"33":1,"34":1,"35":1,"36":1,"37":1},"b":{},"_coverageSchema":"1a1c01bbd47fc00a2c39e90264f33305004495a9","hash":"ae1ab05deb3f350bdf898124486a3d9e76844fa0","contentHash":"bf9c7e7d559ebba01d4228fae3b97c1601d681dd4bbbb792250deacd2c344f28"}}